#
# A fatal error has been detected by the Java Runtime Environment:
#
#  EXCEPTION_ACCESS_VIOLATION (0xc0000005) at pc=0x000000007110b5db, pid=14104, tid=19224
#
# JRE version: Java(TM) SE Runtime Environment (11.0.2+9) (build 11.0.2+9-LTS)
# Java VM: Java HotSpot(TM) 64-Bit Server VM (11.0.2+9-LTS, mixed mode, tiered, compressed oops, g1 gc, windows-amd64)
# Problematic frame:
# C  [jSSC-2.8_x86_64.dll+0xb5db]
#
# No core dump will be written. Minidumps are not enabled by default on client versions of Windows
#
# If you would like to submit a bug report, please visit:
#   http://bugreport.java.com/bugreport/crash.jsp
# The crash happened outside the Java Virtual Machine in native code.
# See problematic frame for where to report the bug.
#

---------------  S U M M A R Y ------------

Command Line: C:\Users\liamw\Downloads\ESP TOOLS\ESPlorer\ESPlorer.jar

Host: Intel(R) Core(TM) i5-7400 CPU @ 3.00GHz, 4 cores, 7G,  Windows 10 , 64 bit Build 19041 (10.0.19041.3393)
Time: Wed Oct 11 16:53:44 2023 GMT Daylight Time elapsed time: 11 seconds (0d 0h 0m 11s)

---------------  T H R E A D  ---------------

Current thread (0x000002421d96c800):  JavaThread "AWT-EventQueue-0" [_thread_in_native, id=19224, stack(0x000000be75200000,0x000000be75300000)]

Stack: [0x000000be75200000,0x000000be75300000],  sp=0x000000be752fac10,  free space=1003k
Native frames: (J=compiled Java code, j=interpreted, Vv=VM code, C=native code)
C  [jSSC-2.8_x86_64.dll+0xb5db]

Java frames: (J=compiled Java code, j=interpreted, Vv=VM code)
j  jssc.SerialNativeInterface.openPort(Ljava/lang/String;Z)J+0
j  jssc.SerialPort.openPort()Z+65
j  ESPlorer.ESPlorer.portOpen()Z+108
j  ESPlorer.ESPlorer.OpenActionPerformed(Ljava/awt/event/ActionEvent;)V+160
j  ESPlorer.ESPlorer.access$18300(LESPlorer/ESPlorer;Ljava/awt/event/ActionEvent;)V+2
j  ESPlorer.ESPlorer$181.actionPerformed(Ljava/awt/event/ActionEvent;)V+5
j  javax.swing.AbstractButton.fireActionPerformed(Ljava/awt/event/ActionEvent;)V+83 java.desktop@11.0.2
j  javax.swing.AbstractButton$Handler.actionPerformed(Ljava/awt/event/ActionEvent;)V+5 java.desktop@11.0.2
j  javax.swing.DefaultButtonModel.fireActionPerformed(Ljava/awt/event/ActionEvent;)V+34 java.desktop@11.0.2
j  javax.swing.JToggleButton$ToggleButtonModel.setPressed(Z)V+148 java.desktop@11.0.2
j  javax.swing.plaf.basic.BasicButtonListener.mouseReleased(Ljava/awt/event/MouseEvent;)V+35 java.desktop@11.0.2
j  java.awt.AWTEventMulticaster.mouseReleased(Ljava/awt/event/MouseEvent;)V+8 java.desktop@11.0.2
j  java.awt.Component.processMouseEvent(Ljava/awt/event/MouseEvent;)V+64 java.desktop@11.0.2
j  javax.swing.JComponent.processMouseEvent(Ljava/awt/event/MouseEvent;)V+23 java.desktop@11.0.2
J 4048 c1 java.awt.Component.processEvent(Ljava/awt/AWTEvent;)V java.desktop@11.0.2 (220 bytes) @ 0x00000242090d7ff4 [0x00000242090d7a00+0x00000000000005f4]
J 4078 c1 java.awt.Container.processEvent(Ljava/awt/AWTEvent;)V java.desktop@11.0.2 (22 bytes) @ 0x00000242090f6d24 [0x00000242090f6a00+0x0000000000000324]
J 4068 c1 java.awt.Component.dispatchEventImpl(Ljava/awt/AWTEvent;)V java.desktop@11.0.2 (777 bytes) @ 0x00000242090eee2c [0x00000242090eb220+0x0000000000003c0c]
J 3984 c1 java.awt.Container.dispatchEventImpl(Ljava/awt/AWTEvent;)V java.desktop@11.0.2 (129 bytes) @ 0x00000242090a079c [0x00000242090a0660+0x000000000000013c]
J 4067 c1 java.awt.LightweightDispatcher.retargetMouseEvent(Ljava/awt/Component;ILjava/awt/event/MouseEvent;)V java.desktop@11.0.2 (372 bytes) @ 0x00000242090e97fc [0x00000242090e7220+0x00000000000025dc]
J 4099 c1 java.awt.LightweightDispatcher.processMouseEvent(Ljava/awt/event/MouseEvent;)Z java.desktop@11.0.2 (265 bytes) @ 0x0000024209105aac [0x0000024209104ae0+0x0000000000000fcc]
J 4113 c1 java.awt.LightweightDispatcher.dispatchEvent(Ljava/awt/AWTEvent;)Z java.desktop@11.0.2 (73 bytes) @ 0x000002420910d344 [0x000002420910cf20+0x0000000000000424]
J 3984 c1 java.awt.Container.dispatchEventImpl(Ljava/awt/AWTEvent;)V java.desktop@11.0.2 (129 bytes) @ 0x00000242090a073c [0x00000242090a0660+0x00000000000000dc]
J 4092 c1 java.awt.Window.dispatchEventImpl(Ljava/awt/AWTEvent;)V java.desktop@11.0.2 (23 bytes) @ 0x00000242090fc96c [0x00000242090fc3a0+0x00000000000005cc]
J 4062 c1 java.awt.EventQueue.dispatchEventImpl(Ljava/awt/AWTEvent;Ljava/lang/Object;)V java.desktop@11.0.2 (136 bytes) @ 0x00000242090e1754 [0x00000242090e12c0+0x0000000000000494]
J 4061 c1 java.awt.EventQueue$4.run()Ljava/lang/Void; java.desktop@11.0.2 (60 bytes) @ 0x00000242090e0b2c [0x00000242090e0a00+0x000000000000012c]
J 4060 c1 java.awt.EventQueue$4.run()Ljava/lang/Object; java.desktop@11.0.2 (5 bytes) @ 0x00000242090e0644 [0x00000242090e05c0+0x0000000000000084]
v  ~StubRoutines::call_stub
J 1575  java.security.AccessController.doPrivileged(Ljava/security/PrivilegedAction;Ljava/security/AccessControlContext;)Ljava/lang/Object; java.base@11.0.2 (0 bytes) @ 0x000002420fd90da6 [0x000002420fd90d40+0x0000000000000066]
J 4049 c1 java.awt.EventQueue$5.run()Ljava/lang/Object; java.desktop@11.0.2 (5 bytes) @ 0x00000242090d9d2c [0x00000242090d99e0+0x000000000000034c]
v  ~StubRoutines::call_stub
J 1575  java.security.AccessController.doPrivileged(Ljava/security/PrivilegedAction;Ljava/security/AccessControlContext;)Ljava/lang/Object; java.base@11.0.2 (0 bytes) @ 0x000002420fd90da6 [0x000002420fd90d40+0x0000000000000066]
J 4012 c1 java.awt.EventQueue.dispatchEvent(Ljava/awt/AWTEvent;)V java.desktop@11.0.2 (80 bytes) @ 0x00000242090cbecc [0x00000242090cb420+0x0000000000000aac]
J 3977 c1 java.awt.EventDispatchThread.pumpOneEventForFilters(I)V java.desktop@11.0.2 (113 bytes) @ 0x000002420909ce2c [0x000002420909c720+0x000000000000070c]
j  java.awt.EventDispatchThread.pumpEventsForFilter(ILjava/awt/Conditional;Ljava/awt/EventFilter;)V+35 java.desktop@11.0.2
j  java.awt.EventDispatchThread.pumpEventsForHierarchy(ILjava/awt/Conditional;Ljava/awt/Component;)V+11 java.desktop@11.0.2
j  java.awt.EventDispatchThread.pumpEvents(ILjava/awt/Conditional;)V+4 java.desktop@11.0.2
j  java.awt.EventDispatchThread.pumpEvents(Ljava/awt/Conditional;)V+3 java.desktop@11.0.2
j  java.awt.EventDispatchThread.run()V+9 java.desktop@11.0.2
v  ~StubRoutines::call_stub

siginfo: EXCEPTION_ACCESS_VIOLATION (0xc0000005), reading address 0x0000000023ab1e42


Register to memory mapping:

RIP=0x000000007110b5db jSSC-2.8_x86_64.dll
RAX=0x0000000023ab1e42 is an unknown value
RBX=0x000000be752fac80 is pointing into the stack for thread: 0x000002421d96c800
RCX=0x00007ffeb79cd034 ntdll.dll
RDX=0x0 is NULL
RSP=0x000000be752fac10 is pointing into the stack for thread: 0x000002421d96c800
RBP=0x000000be752fad90 is pointing into the stack for thread: 0x000002421d96c800
RSI=0x000002421d96cb40 points into unknown readable memory: b0 3d c9 73 fe 7f 00 00
RDI=0x0000000000000e08 is an unknown value
R8 =0x000000be752fab08 is pointing into the stack for thread: 0x000002421d96c800
R9 =0x000000be752fac00 is pointing into the stack for thread: 0x000002421d96c800
R10=0x0 is NULL
R11=0x0000000000000246 is an unknown value
R12=0x000000be752fae48 is pointing into the stack for thread: 0x000002421d96c800
R13=0x000002421f2609e0 points into unknown readable memory: 43 4f 4d 33 00 3e 00 00
R14=0x000000be752fad40 is pointing into the stack for thread: 0x000002421d96c800
R15=0x000002421d96c800 is a thread


Registers:
RAX=0x0000000023ab1e42, RBX=0x000000be752fac80, RCX=0x00007ffeb79cd034, RDX=0x0000000000000000
RSP=0x000000be752fac10, RBP=0x000000be752fad90, RSI=0x000002421d96cb40, RDI=0x0000000000000e08
R8 =0x000000be752fab08, R9 =0x000000be752fac00, R10=0x0000000000000000, R11=0x0000000000000246
R12=0x000000be752fae48, R13=0x000002421f2609e0, R14=0x000000be752fad40, R15=0x000002421d96c800
RIP=0x000000007110b5db, EFLAGS=0x0000000000010206

Top of Stack: (sp=0x000000be752fac10)
0x000000be752fac10:   000002422754d870 000002421f260900
0x000000be752fac20:   000000007110b230 000002427bc20000
0x000000be752fac30:   000002427bb90000 0000000000000004
0x000000be752fac40:   000002421d96cb40 0000000000000e08
0x000000be752fac50:   000000be752fad90 0000000071112590
0x000000be752fac60:   000002421d96c800 000000be752fad40
0x000000be752fac70:   000002421f2609e0 000000be752fae48
0x000000be752fac80:   000002421f2609e0 00007ffeb79547b1
0x000000be752fac90:   000000be752facc0 000002427bc20000
0x000000be752faca0:   000000be752fad90 0000000000000000
0x000000be752facb0:   0000000071113500 0000000071113be8
0x000000be752facc0:   000000be752facf0 0000000071112641
0x000000be752facd0:   000000be752fac60 000002421d96cb40
0x000000be752face0:   0000000000000000 0000000000000000
0x000000be752facf0:   000000be752fad90 0000000071101595
0x000000be752fad00:   000000000000001c 0000024200000000 

Instructions: (pc=0x000000007110b5db)
0x000000007110b5bb:   c5 0f 1f 40 00 55 57 56 53 48 83 ec 28 48 8b 05
0x000000007110b5cb:   39 33 01 00 48 89 cb 48 85 c0 0f 84 c5 00 00 00
0x000000007110b5db:   8b 38 85 ff 0f 88 ab 00 00 00 48 8b 05 1c 33 01
0x000000007110b5eb:   00 48 85 c0 0f 84 bc 00 00 00 8b 30 85 f6 74 57 


Stack slot to memory mapping:
stack at sp + 0 slots: 0x000002422754d870 points into unknown readable memory: 5c 00 5c 00 2e 00 5c 00
stack at sp + 1 slots: 0x000002421f260900 points into unknown readable memory: 80 64 31 1f 42 02 00 00
stack at sp + 2 slots: 0x000000007110b230 jSSC-2.8_x86_64.dll
stack at sp + 3 slots: 0x000002427bc20000 points into unknown readable memory: 00 00 00 00 00 00 00 00
stack at sp + 4 slots: 0x000002427bb90000 points into unknown readable memory: 00 00 00 00 00 00 00 00
stack at sp + 5 slots: 0x0000000000000004 is an unknown value
stack at sp + 6 slots: 0x000002421d96cb40 points into unknown readable memory: b0 3d c9 73 fe 7f 00 00
stack at sp + 7 slots: 0x0000000000000e08 is an unknown value


---------------  P R O C E S S  ---------------

Threads class SMR info:
_java_thread_list=0x000002421f149af0, length=17, elements={
0x000002427ee7e000, 0x000002427ee89800, 0x000002427ee98800, 0x000002427ee9a800,
0x000002427eea6800, 0x000002427eeac000, 0x000002427eead000, 0x000002427f982800,
0x000002427f989800, 0x000002421d378000, 0x000002421d371000, 0x000002421d341000,
0x000002421d96c800, 0x000002427bd32000, 0x000002421ee0d800, 0x00000242276c4000,
0x000002421ee78800
}

Java Threads: ( => current thread )
  0x000002427ee7e000 JavaThread "Reference Handler" daemon [_thread_blocked, id=3548, stack(0x000000be74400000,0x000000be74500000)]
  0x000002427ee89800 JavaThread "Finalizer" daemon [_thread_blocked, id=16708, stack(0x000000be74500000,0x000000be74600000)]
  0x000002427ee98800 JavaThread "Signal Dispatcher" daemon [_thread_blocked, id=15764, stack(0x000000be74600000,0x000000be74700000)]
  0x000002427ee9a800 JavaThread "Attach Listener" daemon [_thread_blocked, id=18908, stack(0x000000be74700000,0x000000be74800000)]
  0x000002427eea6800 JavaThread "C2 CompilerThread0" daemon [_thread_blocked, id=17660, stack(0x000000be74800000,0x000000be74900000)]
  0x000002427eeac000 JavaThread "C1 CompilerThread0" daemon [_thread_blocked, id=15208, stack(0x000000be74900000,0x000000be74a00000)]
  0x000002427eead000 JavaThread "Sweeper thread" daemon [_thread_blocked, id=8780, stack(0x000000be74a00000,0x000000be74b00000)]
  0x000002427f982800 JavaThread "Service Thread" daemon [_thread_blocked, id=3060, stack(0x000000be74b00000,0x000000be74c00000)]
  0x000002427f989800 JavaThread "Common-Cleaner" daemon [_thread_blocked, id=16820, stack(0x000000be74d00000,0x000000be74e00000)]
  0x000002421d378000 JavaThread "Java2D Disposer" daemon [_thread_blocked, id=11256, stack(0x000000be74e00000,0x000000be74f00000)]
  0x000002421d371000 JavaThread "AWT-Shutdown" [_thread_blocked, id=9548, stack(0x000000be74f00000,0x000000be75000000)]
  0x000002421d341000 JavaThread "AWT-Windows" daemon [_thread_in_native, id=18116, stack(0x000000be75000000,0x000000be75100000)]
=>0x000002421d96c800 JavaThread "AWT-EventQueue-0" [_thread_in_native, id=19224, stack(0x000000be75200000,0x000000be75300000)]
  0x000002427bd32000 JavaThread "DestroyJavaVM" [_thread_blocked, id=12624, stack(0x000000be73d00000,0x000000be73e00000)]
  0x000002421ee0d800 JavaThread "TimerQueue" daemon [_thread_blocked, id=10196, stack(0x000000be75800000,0x000000be75900000)]
  0x00000242276c4000 JavaThread "Swing-Shell" daemon [_thread_blocked, id=18800, stack(0x000000be75f00000,0x000000be76000000)]
  0x000002421ee78800 JavaThread "D3D Screen Updater" daemon [_thread_blocked, id=8468, stack(0x000000be76300000,0x000000be76400000)]

Other Threads:
  0x000002427ee5a000 VMThread "VM Thread" [stack: 0x000000be74300000,0x000000be74400000] [id=9232]
  0x000002427f989000 WatcherThread [stack: 0x000000be74c00000,0x000000be74d00000] [id=1420]
  0x000002427bd4a000 GCTaskThread "GC Thread#0" [stack: 0x000000be73e00000,0x000000be73f00000] [id=18748]
  0x000002421ecae800 GCTaskThread "GC Thread#1" [stack: 0x000000be75100000,0x000000be75200000] [id=2592]
  0x000002421ecd9800 GCTaskThread "GC Thread#2" [stack: 0x000000be75500000,0x000000be75600000] [id=19248]
  0x000002421ecda000 GCTaskThread "GC Thread#3" [stack: 0x000000be75600000,0x000000be75700000] [id=14092]
  0x000002427bd7a800 ConcurrentGCThread "G1 Main Marker" [stack: 0x000000be73f00000,0x000000be74000000] [id=8832]
  0x000002427bd7c800 ConcurrentGCThread "G1 Conc#0" [stack: 0x000000be74000000,0x000000be74100000] [id=14836]
  0x000002427be0d000 ConcurrentGCThread "G1 Refine#0" [stack: 0x000000be74100000,0x000000be74200000] [id=18036]
  0x000002427fa9d000 ConcurrentGCThread "G1 Refine#1" [stack: 0x000000be75700000,0x000000be75800000] [id=13280]
  0x000002427be10000 ConcurrentGCThread "G1 Young RemSet Sampling" [stack: 0x000000be74200000,0x000000be74300000] [id=7532]

Threads with active compile tasks:

VM state:not at safepoint (normal execution)

VM Mutex/Monitor currently owned by a thread: None

Heap address: 0x0000000081400000, size: 2028 MB, Compressed Oops mode: 32-bit
Narrow klass base: 0x0000000000000000, Narrow klass shift: 3
Compressed class space size: 1073741824 Address: 0x0000000100000000

Heap:
 garbage-first heap   total 157696K, used 54802K [0x0000000081400000, 0x0000000100000000)
  region size 1024K, 41 young (41984K), 1 survivors (1024K)
 Metaspace       used 32532K, capacity 33104K, committed 33408K, reserved 1079296K
  class space    used 3606K, capacity 3869K, committed 3968K, reserved 1048576K
Heap Regions: E=young(eden), S=young(survivor), O=old, HS=humongous(starts), HC=humongous(continues), CS=collection set, F=free, A=archive, TAMS=top-at-mark-start (previous, next)
|   0|0x0000000081400000, 0x0000000081500000, 0x0000000081500000|100%| O|  |TAMS 0x0000000081500000, 0x0000000081400000| Untracked 
|   1|0x0000000081500000, 0x0000000081600000, 0x0000000081600000|100%| O|  |TAMS 0x0000000081600000, 0x0000000081500000| Untracked 
|   2|0x0000000081600000, 0x0000000081700000, 0x0000000081700000|100%| O|  |TAMS 0x0000000081700000, 0x0000000081600000| Untracked 
|   3|0x0000000081700000, 0x0000000081800000, 0x0000000081800000|100%| O|  |TAMS 0x00000000817fd400, 0x0000000081700000| Untracked 
|   4|0x0000000081800000, 0x0000000081900000, 0x0000000081900000|100%| O|  |TAMS 0x0000000081800000, 0x0000000081800000| Untracked 
|   5|0x0000000081900000, 0x0000000081a00000, 0x0000000081a00000|100%| O|  |TAMS 0x0000000081900000, 0x0000000081900000| Untracked 
|   6|0x0000000081a00000, 0x0000000081b00000, 0x0000000081b00000|100%| O|  |TAMS 0x0000000081a00000, 0x0000000081a00000| Untracked 
|   7|0x0000000081b00000, 0x0000000081c00000, 0x0000000081c00000|100%| O|  |TAMS 0x0000000081b00000, 0x0000000081b00000| Untracked 
|   8|0x0000000081c00000, 0x0000000081c0f000, 0x0000000081d00000|  5%| O|  |TAMS 0x0000000081c00000, 0x0000000081c00000| Untracked 
|   9|0x0000000081d00000, 0x0000000081e00000, 0x0000000081e00000|100%|HS|  |TAMS 0x0000000081d00000, 0x0000000081d00000| Complete 
|  10|0x0000000081e00000, 0x0000000081f00000, 0x0000000081f00000|100%|HS|  |TAMS 0x0000000081e00000, 0x0000000081e00000| Complete 
|  11|0x0000000081f00000, 0x0000000082000000, 0x0000000082000000|100%|HS|  |TAMS 0x0000000081f00000, 0x0000000081f00000| Complete 
|  12|0x0000000082000000, 0x0000000082100000, 0x0000000082100000|100%|HS|  |TAMS 0x0000000082000000, 0x0000000082000000| Complete 
|  13|0x0000000082100000, 0x0000000082200000, 0x0000000082200000|100%|HS|  |TAMS 0x0000000082100000, 0x0000000082100000| Complete 
|  14|0x0000000082200000, 0x0000000082300000, 0x0000000082300000|100%|HS|  |TAMS 0x0000000082200000, 0x0000000082200000| Complete 
|  15|0x0000000082300000, 0x0000000082300000, 0x0000000082400000|  0%| F|  |TAMS 0x0000000082300000, 0x0000000082300000| Untracked 
|  16|0x0000000082400000, 0x0000000082400000, 0x0000000082500000|  0%| F|  |TAMS 0x0000000082400000, 0x0000000082400000| Untracked 
|  17|0x0000000082500000, 0x0000000082500000, 0x0000000082600000|  0%| F|  |TAMS 0x0000000082500000, 0x0000000082500000| Untracked 
|  18|0x0000000082600000, 0x0000000082600000, 0x0000000082700000|  0%| F|  |TAMS 0x0000000082600000, 0x0000000082600000| Untracked 
|  19|0x0000000082700000, 0x0000000082700000, 0x0000000082800000|  0%| F|  |TAMS 0x0000000082700000, 0x0000000082700000| Untracked 
|  20|0x0000000082800000, 0x0000000082800000, 0x0000000082900000|  0%| F|  |TAMS 0x0000000082800000, 0x0000000082800000| Untracked 
|  21|0x0000000082900000, 0x0000000082900000, 0x0000000082a00000|  0%| F|  |TAMS 0x0000000082900000, 0x0000000082900000| Untracked 
|  22|0x0000000082a00000, 0x0000000082a00000, 0x0000000082b00000|  0%| F|  |TAMS 0x0000000082a00000, 0x0000000082a00000| Untracked 
|  23|0x0000000082b00000, 0x0000000082b00000, 0x0000000082c00000|  0%| F|  |TAMS 0x0000000082b00000, 0x0000000082b00000| Untracked 
|  24|0x0000000082c00000, 0x0000000082c00000, 0x0000000082d00000|  0%| F|  |TAMS 0x0000000082c00000, 0x0000000082c00000| Untracked 
|  25|0x0000000082d00000, 0x0000000082d00000, 0x0000000082e00000|  0%| F|  |TAMS 0x0000000082d00000, 0x0000000082d00000| Untracked 
|  26|0x0000000082e00000, 0x0000000082e00000, 0x0000000082f00000|  0%| F|  |TAMS 0x0000000082e00000, 0x0000000082e00000| Untracked 
|  27|0x0000000082f00000, 0x0000000082f00000, 0x0000000083000000|  0%| F|  |TAMS 0x0000000082f00000, 0x0000000082f00000| Untracked 
|  28|0x0000000083000000, 0x0000000083000000, 0x0000000083100000|  0%| F|  |TAMS 0x0000000083000000, 0x0000000083000000| Untracked 
|  29|0x0000000083100000, 0x0000000083100000, 0x0000000083200000|  0%| F|  |TAMS 0x0000000083100000, 0x0000000083100000| Untracked 
|  30|0x0000000083200000, 0x0000000083200000, 0x0000000083300000|  0%| F|  |TAMS 0x0000000083200000, 0x0000000083200000| Untracked 
|  31|0x0000000083300000, 0x0000000083300000, 0x0000000083400000|  0%| F|  |TAMS 0x0000000083300000, 0x0000000083300000| Untracked 
|  32|0x0000000083400000, 0x0000000083400000, 0x0000000083500000|  0%| F|  |TAMS 0x0000000083400000, 0x0000000083400000| Untracked 
|  33|0x0000000083500000, 0x0000000083500000, 0x0000000083600000|  0%| F|  |TAMS 0x0000000083500000, 0x0000000083500000| Untracked 
|  34|0x0000000083600000, 0x0000000083600000, 0x0000000083700000|  0%| F|  |TAMS 0x0000000083600000, 0x0000000083600000| Untracked 
|  35|0x0000000083700000, 0x0000000083700000, 0x0000000083800000|  0%| F|  |TAMS 0x0000000083700000, 0x0000000083700000| Untracked 
|  36|0x0000000083800000, 0x0000000083800000, 0x0000000083900000|  0%| F|  |TAMS 0x0000000083800000, 0x0000000083800000| Untracked 
|  37|0x0000000083900000, 0x0000000083900000, 0x0000000083a00000|  0%| F|  |TAMS 0x0000000083900000, 0x0000000083900000| Untracked 
|  38|0x0000000083a00000, 0x0000000083a00000, 0x0000000083b00000|  0%| F|  |TAMS 0x0000000083a00000, 0x0000000083a00000| Untracked 
|  39|0x0000000083b00000, 0x0000000083b00000, 0x0000000083c00000|  0%| F|  |TAMS 0x0000000083b00000, 0x0000000083b00000| Untracked 
|  40|0x0000000083c00000, 0x0000000083c00000, 0x0000000083d00000|  0%| F|  |TAMS 0x0000000083c00000, 0x0000000083c00000| Untracked 
|  41|0x0000000083d00000, 0x0000000083d00000, 0x0000000083e00000|  0%| F|  |TAMS 0x0000000083d00000, 0x0000000083d00000| Untracked 
|  42|0x0000000083e00000, 0x0000000083e00000, 0x0000000083f00000|  0%| F|  |TAMS 0x0000000083e00000, 0x0000000083e00000| Untracked 
|  43|0x0000000083f00000, 0x0000000083f00000, 0x0000000084000000|  0%| F|  |TAMS 0x0000000083f00000, 0x0000000083f00000| Untracked 
|  44|0x0000000084000000, 0x0000000084000000, 0x0000000084100000|  0%| F|  |TAMS 0x0000000084000000, 0x0000000084000000| Untracked 
|  45|0x0000000084100000, 0x0000000084100000, 0x0000000084200000|  0%| F|  |TAMS 0x0000000084100000, 0x0000000084100000| Untracked 
|  46|0x0000000084200000, 0x0000000084200000, 0x0000000084300000|  0%| F|  |TAMS 0x0000000084200000, 0x0000000084200000| Untracked 
|  47|0x0000000084300000, 0x0000000084300000, 0x0000000084400000|  0%| F|  |TAMS 0x0000000084300000, 0x0000000084300000| Untracked 
|  48|0x0000000084400000, 0x0000000084400000, 0x0000000084500000|  0%| F|  |TAMS 0x0000000084400000, 0x0000000084400000| Untracked 
|  49|0x0000000084500000, 0x0000000084500000, 0x0000000084600000|  0%| F|  |TAMS 0x0000000084500000, 0x0000000084500000| Untracked 
|  50|0x0000000084600000, 0x0000000084600000, 0x0000000084700000|  0%| F|  |TAMS 0x0000000084600000, 0x0000000084600000| Untracked 
|  51|0x0000000084700000, 0x0000000084700000, 0x0000000084800000|  0%| F|  |TAMS 0x0000000084700000, 0x0000000084700000| Untracked 
|  52|0x0000000084800000, 0x0000000084800000, 0x0000000084900000|  0%| F|  |TAMS 0x0000000084800000, 0x0000000084800000| Untracked 
|  53|0x0000000084900000, 0x0000000084900000, 0x0000000084a00000|  0%| F|  |TAMS 0x0000000084900000, 0x0000000084900000| Untracked 
|  54|0x0000000084a00000, 0x0000000084a00000, 0x0000000084b00000|  0%| F|  |TAMS 0x0000000084a00000, 0x0000000084a00000| Untracked 
|  55|0x0000000084b00000, 0x0000000084b00000, 0x0000000084c00000|  0%| F|  |TAMS 0x0000000084b00000, 0x0000000084b00000| Untracked 
|  56|0x0000000084c00000, 0x0000000084c00000, 0x0000000084d00000|  0%| F|  |TAMS 0x0000000084c00000, 0x0000000084c00000| Untracked 
|  57|0x0000000084d00000, 0x0000000084d00000, 0x0000000084e00000|  0%| F|  |TAMS 0x0000000084d00000, 0x0000000084d00000| Untracked 
|  58|0x0000000084e00000, 0x0000000084e00000, 0x0000000084f00000|  0%| F|  |TAMS 0x0000000084e00000, 0x0000000084e00000| Untracked 
|  59|0x0000000084f00000, 0x0000000084f00000, 0x0000000085000000|  0%| F|  |TAMS 0x0000000084f00000, 0x0000000084f00000| Untracked 
|  60|0x0000000085000000, 0x0000000085000000, 0x0000000085100000|  0%| F|  |TAMS 0x0000000085000000, 0x0000000085000000| Untracked 
|  61|0x0000000085100000, 0x0000000085100000, 0x0000000085200000|  0%| F|  |TAMS 0x0000000085100000, 0x0000000085100000| Untracked 
|  62|0x0000000085200000, 0x0000000085200000, 0x0000000085300000|  0%| F|  |TAMS 0x0000000085200000, 0x0000000085200000| Untracked 
|  63|0x0000000085300000, 0x0000000085300000, 0x0000000085400000|  0%| F|  |TAMS 0x0000000085300000, 0x0000000085300000| Untracked 
|  64|0x0000000085400000, 0x0000000085400000, 0x0000000085500000|  0%| F|  |TAMS 0x0000000085400000, 0x0000000085400000| Untracked 
|  65|0x0000000085500000, 0x0000000085500000, 0x0000000085600000|  0%| F|  |TAMS 0x0000000085500000, 0x0000000085500000| Untracked 
|  66|0x0000000085600000, 0x0000000085600000, 0x0000000085700000|  0%| F|  |TAMS 0x0000000085600000, 0x0000000085600000| Untracked 
|  67|0x0000000085700000, 0x0000000085700000, 0x0000000085800000|  0%| F|  |TAMS 0x0000000085700000, 0x0000000085700000| Untracked 
|  68|0x0000000085800000, 0x0000000085800000, 0x0000000085900000|  0%| F|  |TAMS 0x0000000085800000, 0x0000000085800000| Untracked 
|  69|0x0000000085900000, 0x0000000085900000, 0x0000000085a00000|  0%| F|  |TAMS 0x0000000085900000, 0x0000000085900000| Untracked 
|  70|0x0000000085a00000, 0x0000000085a00000, 0x0000000085b00000|  0%| F|  |TAMS 0x0000000085a00000, 0x0000000085a00000| Untracked 
|  71|0x0000000085b00000, 0x0000000085b00000, 0x0000000085c00000|  0%| F|  |TAMS 0x0000000085b00000, 0x0000000085b00000| Untracked 
|  72|0x0000000085c00000, 0x0000000085c00000, 0x0000000085d00000|  0%| F|  |TAMS 0x0000000085c00000, 0x0000000085c00000| Untracked 
|  73|0x0000000085d00000, 0x0000000085d00000, 0x0000000085e00000|  0%| F|  |TAMS 0x0000000085d00000, 0x0000000085d00000| Untracked 
|  74|0x0000000085e00000, 0x0000000085e00000, 0x0000000085f00000|  0%| F|  |TAMS 0x0000000085e00000, 0x0000000085e00000| Untracked 
|  75|0x0000000085f00000, 0x0000000085f00000, 0x0000000086000000|  0%| F|  |TAMS 0x0000000085f00000, 0x0000000085f00000| Untracked 
|  76|0x0000000086000000, 0x0000000086000000, 0x0000000086100000|  0%| F|  |TAMS 0x0000000086000000, 0x0000000086000000| Untracked 
|  77|0x0000000086100000, 0x0000000086100000, 0x0000000086200000|  0%| F|  |TAMS 0x0000000086100000, 0x0000000086100000| Untracked 
|  78|0x0000000086200000, 0x0000000086200000, 0x0000000086300000|  0%| F|  |TAMS 0x0000000086200000, 0x0000000086200000| Untracked 
|  79|0x0000000086300000, 0x0000000086300000, 0x0000000086400000|  0%| F|  |TAMS 0x0000000086300000, 0x0000000086300000| Untracked 
|  80|0x0000000086400000, 0x0000000086400000, 0x0000000086500000|  0%| F|  |TAMS 0x0000000086400000, 0x0000000086400000| Untracked 
|  81|0x0000000086500000, 0x0000000086500000, 0x0000000086600000|  0%| F|  |TAMS 0x0000000086500000, 0x0000000086500000| Untracked 
|  82|0x0000000086600000, 0x0000000086600000, 0x0000000086700000|  0%| F|  |TAMS 0x0000000086600000, 0x0000000086600000| Untracked 
|  83|0x0000000086700000, 0x0000000086700000, 0x0000000086800000|  0%| F|  |TAMS 0x0000000086700000, 0x0000000086700000| Untracked 
|  84|0x0000000086800000, 0x0000000086800000, 0x0000000086900000|  0%| F|  |TAMS 0x0000000086800000, 0x0000000086800000| Untracked 
|  85|0x0000000086900000, 0x0000000086900000, 0x0000000086a00000|  0%| F|  |TAMS 0x0000000086900000, 0x0000000086900000| Untracked 
|  86|0x0000000086a00000, 0x0000000086a00000, 0x0000000086b00000|  0%| F|  |TAMS 0x0000000086a00000, 0x0000000086a00000| Untracked 
|  87|0x0000000086b00000, 0x0000000086b00000, 0x0000000086c00000|  0%| F|  |TAMS 0x0000000086b00000, 0x0000000086b00000| Untracked 
|  88|0x0000000086c00000, 0x0000000086c00000, 0x0000000086d00000|  0%| F|  |TAMS 0x0000000086c00000, 0x0000000086c00000| Untracked 
|  89|0x0000000086d00000, 0x0000000086d00000, 0x0000000086e00000|  0%| F|  |TAMS 0x0000000086d00000, 0x0000000086d00000| Untracked 
|  90|0x0000000086e00000, 0x0000000086e00000, 0x0000000086f00000|  0%| F|  |TAMS 0x0000000086e00000, 0x0000000086e00000| Untracked 
|  91|0x0000000086f00000, 0x0000000086f00000, 0x0000000087000000|  0%| F|  |TAMS 0x0000000086f00000, 0x0000000086f00000| Untracked 
|  92|0x0000000087000000, 0x0000000087000000, 0x0000000087100000|  0%| F|  |TAMS 0x0000000087000000, 0x0000000087000000| Untracked 
|  93|0x0000000087100000, 0x0000000087175b88, 0x0000000087200000| 45%| S|CS|TAMS 0x0000000087100000, 0x0000000087100000| Complete 
|  94|0x0000000087200000, 0x0000000087200000, 0x0000000087300000|  0%| F|  |TAMS 0x0000000087200000, 0x0000000087200000| Untracked 
|  95|0x0000000087300000, 0x0000000087300000, 0x0000000087400000|  0%| F|  |TAMS 0x0000000087300000, 0x0000000087300000| Untracked 
|  96|0x0000000087400000, 0x0000000087400000, 0x0000000087500000|  0%| F|  |TAMS 0x0000000087400000, 0x0000000087400000| Untracked 
|  97|0x0000000087500000, 0x0000000087500000, 0x0000000087600000|  0%| F|  |TAMS 0x0000000087500000, 0x0000000087500000| Untracked 
|  98|0x0000000087600000, 0x0000000087600000, 0x0000000087700000|  0%| F|  |TAMS 0x0000000087600000, 0x0000000087600000| Untracked 
|  99|0x0000000087700000, 0x0000000087700000, 0x0000000087800000|  0%| F|  |TAMS 0x0000000087700000, 0x0000000087700000| Untracked 
| 100|0x0000000087800000, 0x0000000087800000, 0x0000000087900000|  0%| F|  |TAMS 0x0000000087800000, 0x0000000087800000| Untracked 
| 101|0x0000000087900000, 0x0000000087900000, 0x0000000087a00000|  0%| F|  |TAMS 0x0000000087900000, 0x0000000087900000| Untracked 
| 102|0x0000000087a00000, 0x0000000087a00000, 0x0000000087b00000|  0%| F|  |TAMS 0x0000000087a00000, 0x0000000087a00000| Untracked 
| 103|0x0000000087b00000, 0x0000000087b00000, 0x0000000087c00000|  0%| F|  |TAMS 0x0000000087b00000, 0x0000000087b00000| Untracked 
| 104|0x0000000087c00000, 0x0000000087c00000, 0x0000000087d00000|  0%| F|  |TAMS 0x0000000087c00000, 0x0000000087c00000| Untracked 
| 105|0x0000000087d00000, 0x0000000087d00000, 0x0000000087e00000|  0%| F|  |TAMS 0x0000000087d00000, 0x0000000087d00000| Untracked 
| 106|0x0000000087e00000, 0x0000000087e00000, 0x0000000087f00000|  0%| F|  |TAMS 0x0000000087e00000, 0x0000000087e00000| Untracked 
| 107|0x0000000087f00000, 0x0000000087f00000, 0x0000000088000000|  0%| F|  |TAMS 0x0000000087f00000, 0x0000000087f00000| Untracked 
| 108|0x0000000088000000, 0x0000000088000000, 0x0000000088100000|  0%| F|  |TAMS 0x0000000088000000, 0x0000000088000000| Untracked 
| 109|0x0000000088100000, 0x0000000088100000, 0x0000000088200000|  0%| F|  |TAMS 0x0000000088100000, 0x0000000088100000| Untracked 
| 110|0x0000000088200000, 0x0000000088200000, 0x0000000088300000|  0%| F|  |TAMS 0x0000000088200000, 0x0000000088200000| Untracked 
| 111|0x0000000088300000, 0x0000000088300000, 0x0000000088400000|  0%| F|  |TAMS 0x0000000088300000, 0x0000000088300000| Untracked 
| 112|0x0000000088400000, 0x0000000088400000, 0x0000000088500000|  0%| F|  |TAMS 0x0000000088400000, 0x0000000088400000| Untracked 
| 113|0x0000000088500000, 0x0000000088500000, 0x0000000088600000|  0%| F|  |TAMS 0x0000000088500000, 0x0000000088500000| Untracked 
| 114|0x0000000088600000, 0x0000000088680800, 0x0000000088700000| 50%| E|  |TAMS 0x0000000088600000, 0x0000000088600000| Complete 
| 115|0x0000000088700000, 0x0000000088800000, 0x0000000088800000|100%| E|CS|TAMS 0x0000000088700000, 0x0000000088700000| Complete 
| 116|0x0000000088800000, 0x0000000088900000, 0x0000000088900000|100%| E|CS|TAMS 0x0000000088800000, 0x0000000088800000| Complete 
| 117|0x0000000088900000, 0x0000000088a00000, 0x0000000088a00000|100%| E|CS|TAMS 0x0000000088900000, 0x0000000088900000| Complete 
| 118|0x0000000088a00000, 0x0000000088b00000, 0x0000000088b00000|100%| E|CS|TAMS 0x0000000088a00000, 0x0000000088a00000| Complete 
| 119|0x0000000088b00000, 0x0000000088c00000, 0x0000000088c00000|100%| E|CS|TAMS 0x0000000088b00000, 0x0000000088b00000| Complete 
| 120|0x0000000088c00000, 0x0000000088d00000, 0x0000000088d00000|100%| E|CS|TAMS 0x0000000088c00000, 0x0000000088c00000| Complete 
| 121|0x0000000088d00000, 0x0000000088e00000, 0x0000000088e00000|100%| E|CS|TAMS 0x0000000088d00000, 0x0000000088d00000| Complete 
| 122|0x0000000088e00000, 0x0000000088f00000, 0x0000000088f00000|100%| E|CS|TAMS 0x0000000088e00000, 0x0000000088e00000| Complete 
| 123|0x0000000088f00000, 0x0000000089000000, 0x0000000089000000|100%| E|CS|TAMS 0x0000000088f00000, 0x0000000088f00000| Complete 
| 124|0x0000000089000000, 0x0000000089100000, 0x0000000089100000|100%| E|CS|TAMS 0x0000000089000000, 0x0000000089000000| Complete 
| 125|0x0000000089100000, 0x0000000089200000, 0x0000000089200000|100%| E|CS|TAMS 0x0000000089100000, 0x0000000089100000| Complete 
| 126|0x0000000089200000, 0x0000000089300000, 0x0000000089300000|100%| E|CS|TAMS 0x0000000089200000, 0x0000000089200000| Complete 
| 127|0x0000000089300000, 0x0000000089400000, 0x0000000089400000|100%| E|CS|TAMS 0x0000000089300000, 0x0000000089300000| Complete 
| 128|0x0000000089400000, 0x0000000089500000, 0x0000000089500000|100%| E|CS|TAMS 0x0000000089400000, 0x0000000089400000| Complete 
| 129|0x0000000089500000, 0x0000000089600000, 0x0000000089600000|100%| E|CS|TAMS 0x0000000089500000, 0x0000000089500000| Complete 
| 130|0x0000000089600000, 0x0000000089700000, 0x0000000089700000|100%| E|CS|TAMS 0x0000000089600000, 0x0000000089600000| Complete 
| 131|0x0000000089700000, 0x0000000089800000, 0x0000000089800000|100%| E|CS|TAMS 0x0000000089700000, 0x0000000089700000| Complete 
| 132|0x0000000089800000, 0x0000000089900000, 0x0000000089900000|100%| E|CS|TAMS 0x0000000089800000, 0x0000000089800000| Complete 
| 133|0x0000000089900000, 0x0000000089a00000, 0x0000000089a00000|100%| E|CS|TAMS 0x0000000089900000, 0x0000000089900000| Complete 
| 134|0x0000000089a00000, 0x0000000089b00000, 0x0000000089b00000|100%| E|CS|TAMS 0x0000000089a00000, 0x0000000089a00000| Complete 
| 135|0x0000000089b00000, 0x0000000089c00000, 0x0000000089c00000|100%| E|CS|TAMS 0x0000000089b00000, 0x0000000089b00000| Complete 
| 136|0x0000000089c00000, 0x0000000089d00000, 0x0000000089d00000|100%| E|CS|TAMS 0x0000000089c00000, 0x0000000089c00000| Complete 
| 137|0x0000000089d00000, 0x0000000089e00000, 0x0000000089e00000|100%| E|CS|TAMS 0x0000000089d00000, 0x0000000089d00000| Complete 
| 138|0x0000000089e00000, 0x0000000089f00000, 0x0000000089f00000|100%| E|CS|TAMS 0x0000000089e00000, 0x0000000089e00000| Complete 
| 139|0x0000000089f00000, 0x000000008a000000, 0x000000008a000000|100%| E|CS|TAMS 0x0000000089f00000, 0x0000000089f00000| Complete 
| 140|0x000000008a000000, 0x000000008a100000, 0x000000008a100000|100%| E|CS|TAMS 0x000000008a000000, 0x000000008a000000| Complete 
| 141|0x000000008a100000, 0x000000008a200000, 0x000000008a200000|100%| E|CS|TAMS 0x000000008a100000, 0x000000008a100000| Complete 
| 142|0x000000008a200000, 0x000000008a300000, 0x000000008a300000|100%| E|CS|TAMS 0x000000008a200000, 0x000000008a200000| Complete 
| 143|0x000000008a300000, 0x000000008a400000, 0x000000008a400000|100%| E|CS|TAMS 0x000000008a300000, 0x000000008a300000| Complete 
| 144|0x000000008a400000, 0x000000008a500000, 0x000000008a500000|100%| E|CS|TAMS 0x000000008a400000, 0x000000008a400000| Complete 
| 145|0x000000008a500000, 0x000000008a600000, 0x000000008a600000|100%| E|CS|TAMS 0x000000008a500000, 0x000000008a500000| Complete 
| 146|0x000000008a600000, 0x000000008a700000, 0x000000008a700000|100%| E|CS|TAMS 0x000000008a600000, 0x000000008a600000| Complete 
| 147|0x000000008a700000, 0x000000008a800000, 0x000000008a800000|100%| E|CS|TAMS 0x000000008a700000, 0x000000008a700000| Complete 
| 148|0x000000008a800000, 0x000000008a900000, 0x000000008a900000|100%| E|CS|TAMS 0x000000008a800000, 0x000000008a800000| Complete 
| 149|0x000000008a900000, 0x000000008aa00000, 0x000000008aa00000|100%| E|CS|TAMS 0x000000008a900000, 0x000000008a900000| Complete 
| 150|0x000000008aa00000, 0x000000008ab00000, 0x000000008ab00000|100%| E|CS|TAMS 0x000000008aa00000, 0x000000008aa00000| Complete 
| 151|0x000000008ab00000, 0x000000008ac00000, 0x000000008ac00000|100%| E|CS|TAMS 0x000000008ab00000, 0x000000008ab00000| Complete 
| 152|0x000000008ac00000, 0x000000008ad00000, 0x000000008ad00000|100%| E|CS|TAMS 0x000000008ac00000, 0x000000008ac00000| Complete 
| 153|0x000000008ad00000, 0x000000008ae00000, 0x000000008ae00000|100%| E|CS|TAMS 0x000000008ad00000, 0x000000008ad00000| Complete 

Card table byte_map: [0x000002427e030000,0x000002427e430000] _byte_map_base: 0x000002427dc26000

Marking Bits (Prev, Next): (CMBitMap*) 0x000002427bd71bc0, (CMBitMap*) 0x000002427bd71b88
 Prev Bits: [0x0000024219200000, 0x000002421b1b0000)
 Next Bits: [0x0000024217250000, 0x0000024219200000)

Polling page: 0x000002427be20000

Metaspace:

Usage:
  Non-class:     28.55 MB capacity,    28.25 MB ( 99%) used,   236.40 KB ( <1%) free+waste,    73.19 KB ( <1%) overhead. 
      Class:      3.78 MB capacity,     3.52 MB ( 93%) used,   226.68 KB (  6%) free+waste,    35.38 KB ( <1%) overhead. 
       Both:     32.33 MB capacity,    31.77 MB ( 98%) used,   463.08 KB (  1%) free+waste,   108.56 KB ( <1%) overhead. 

Virtual space:
  Non-class space:       30.00 MB reserved,      28.75 MB ( 96%) committed 
      Class space:        1.00 GB reserved,       3.88 MB ( <1%) committed 
             Both:        1.03 GB reserved,      32.63 MB (  3%) committed 

Chunk freelists:
   Non-Class:  1.63 KB
       Class:  384 bytes
        Both:  2.00 KB

CodeHeap 'non-profiled nmethods': size=120064Kb used=2151Kb max_used=2151Kb free=117912Kb
 bounds [0x000002420fd10000, 0x000002420ff80000, 0x0000024217250000]
CodeHeap 'profiled nmethods': size=120000Kb used=9916Kb max_used=9916Kb free=110083Kb
 bounds [0x00000242087e0000, 0x0000024209190000, 0x000002420fd10000]
CodeHeap 'non-nmethods': size=5696Kb used=1321Kb max_used=1391Kb free=4374Kb
 bounds [0x0000024208250000, 0x00000242084c0000, 0x00000242087e0000]
 total_blobs=5745 nmethods=4257 adapters=652
 compilation: enabled
              stopped_count=0, restarted_count=0
 full_count=0

Compilation events (10 events):
Event: 11.943 Thread 0x000002427eea6800 nmethod 4273 0x000002420ff29b10 code [0x000002420ff29ca0, 0x000002420ff29db8]
Event: 11.943 Thread 0x000002427eeac000 nmethod 4269 0x000002420918cb90 code [0x000002420918cd40, 0x000002420918cf78]
Event: 11.943 Thread 0x000002427eeac000 4271       3       java.nio.charset.CoderResult::isOverflow (14 bytes)
Event: 11.943 Thread 0x000002427eeac000 nmethod 4271 0x000002420918d010 code [0x000002420918d1c0, 0x000002420918d378]
Event: 11.943 Thread 0x000002427eeac000 4270       3       java.nio.CharBuffer::<init> (22 bytes)
Event: 11.943 Thread 0x000002427eeac000 nmethod 4270 0x000002420918d410 code [0x000002420918d5e0, 0x000002420918d7f0]
Event: 11.943 Thread 0x000002427eeac000 4274       3       java.lang.StackStreamFactory$FrameBuffer::get (58 bytes)
Event: 11.943 Thread 0x000002427eeac000 nmethod 4274 0x000002420918d890 code [0x000002420918db40, 0x000002420918e710]
Event: 11.943 Thread 0x000002427eeac000 4275       3       java.lang.StackStreamFactory$AbstractStackWalker::skipReflectionFrames (32 bytes)
Event: 11.944 Thread 0x000002427eeac000 nmethod 4275 0x000002420918eb10 code [0x000002420918ed00, 0x000002420918f180]

GC Heap History (10 events):
Event: 1.020 GC heap before
{Heap before GC invocations=1 (full 0):
 garbage-first heap   total 131072K, used 8018K [0x0000000081400000, 0x0000000100000000)
  region size 1024K, 6 young (6144K), 2 survivors (2048K)
 Metaspace       used 20745K, capacity 21187K, committed 21248K, reserved 1069056K
  class space    used 2300K, capacity 2517K, committed 2560K, reserved 1048576K
}
Event: 1.025 GC heap after
{Heap after GC invocations=2 (full 0):
 garbage-first heap   total 131072K, used 5016K [0x0000000081400000, 0x0000000100000000)
  region size 1024K, 1 young (1024K), 1 survivors (1024K)
 Metaspace       used 20745K, capacity 21187K, committed 21248K, reserved 1069056K
  class space    used 2300K, capacity 2517K, committed 2560K, reserved 1048576K
}
Event: 1.031 GC heap before
{Heap before GC invocations=2 (full 0):
 garbage-first heap   total 131072K, used 5016K [0x0000000081400000, 0x0000000100000000)
  region size 1024K, 2 young (2048K), 1 survivors (1024K)
 Metaspace       used 20754K, capacity 21187K, committed 21248K, reserved 1069056K
  class space    used 2300K, capacity 2517K, committed 2560K, reserved 1048576K
}
Event: 1.035 GC heap after
{Heap after GC invocations=3 (full 0):
 garbage-first heap   total 131072K, used 4932K [0x0000000081400000, 0x0000000100000000)
  region size 1024K, 1 young (1024K), 1 survivors (1024K)
 Metaspace       used 20754K, capacity 21187K, committed 21248K, reserved 1069056K
  class space    used 2300K, capacity 2517K, committed 2560K, reserved 1048576K
}
Event: 1.726 GC heap before
{Heap before GC invocations=4 (full 0):
 garbage-first heap   total 131072K, used 32580K [0x0000000081400000, 0x0000000100000000)
  region size 1024K, 28 young (28672K), 1 survivors (1024K)
 Metaspace       used 25934K, capacity 26429K, committed 26496K, reserved 1073152K
  class space    used 2952K, capacity 3178K, committed 3200K, reserved 1048576K
}
Event: 1.731 GC heap after
{Heap after GC invocations=5 (full 0):
 garbage-first heap   total 131072K, used 8272K [0x0000000081400000, 0x0000000100000000)
  region size 1024K, 4 young (4096K), 4 survivors (4096K)
 Metaspace       used 25934K, capacity 26429K, committed 26496K, reserved 1073152K
  class space    used 2952K, capacity 3178K, committed 3200K, reserved 1048576K
}
Event: 1.966 GC heap before
{Heap before GC invocations=5 (full 0):
 garbage-first heap   total 131072K, used 49232K [0x0000000081400000, 0x0000000100000000)
  region size 1024K, 44 young (45056K), 4 survivors (4096K)
 Metaspace       used 26062K, capacity 26563K, committed 26752K, reserved 1073152K
  class space    used 2955K, capacity 3179K, committed 3200K, reserved 1048576K
}
Event: 1.971 GC heap after
{Heap after GC invocations=6 (full 0):
 garbage-first heap   total 157696K, used 8858K [0x0000000081400000, 0x0000000100000000)
  region size 1024K, 1 young (1024K), 1 survivors (1024K)
 Metaspace       used 26062K, capacity 26563K, committed 26752K, reserved 1073152K
  class space    used 2955K, capacity 3179K, committed 3200K, reserved 1048576K
}
Event: 2.135 GC heap before
{Heap before GC invocations=6 (full 0):
 garbage-first heap   total 157696K, used 70298K [0x0000000081400000, 0x0000000100000000)
  region size 1024K, 61 young (62464K), 1 survivors (1024K)
 Metaspace       used 26081K, capacity 26573K, committed 26752K, reserved 1073152K
  class space    used 2957K, capacity 3181K, committed 3200K, reserved 1048576K
}
Event: 2.135 GC heap after
{Heap after GC invocations=7 (full 0):
 garbage-first heap   total 157696K, used 8722K [0x0000000081400000, 0x0000000100000000)
  region size 1024K, 1 young (1024K), 1 survivors (1024K)
 Metaspace       used 26081K, capacity 26573K, committed 26752K, reserved 1073152K
  class space    used 2957K, capacity 3181K, committed 3200K, reserved 1048576K
}

Deoptimization events (10 events):
Event: 3.264 Thread 0x000002421d96c800 Uncommon trap: reason=unstable_if action=reinterpret pc=0x000002420fe0f4b0 method=java.util.TreeMap.put(Ljava/lang/Object;Ljava/lang/Object;)Ljava/lang/Object; @ 55 c2
Event: 3.435 Thread 0x000002421d341000 Uncommon trap: reason=unstable_if action=reinterpret pc=0x000002420fd88508 method=sun.awt.SunToolkit.getAppContext(Ljava/lang/Object;)Lsun/awt/AppContext; @ 4 c2
Event: 3.514 Thread 0x000002421d96c800 Uncommon trap: reason=class_check action=maybe_recompile pc=0x000002420fe3f824 method=javax.swing.UIDefaults.getFromHashtable(Ljava/lang/Object;)Ljava/lang/Object; @ 122 c2
Event: 3.550 Thread 0x000002421ee68800 Uncommon trap: reason=unstable_if action=reinterpret pc=0x000002420fea2c9c method=java.util.Hashtable.isEmpty()Z @ 4 c2
Event: 3.552 Thread 0x000002421d96c800 Uncommon trap: reason=unstable_if action=reinterpret pc=0x000002420fde33fc method=java.util.LinkedHashMap.get(Ljava/lang/Object;)Ljava/lang/Object; @ 20 c2
Event: 3.602 Thread 0x000002421d96c800 Uncommon trap: reason=class_check action=maybe_recompile pc=0x000002420fe3f824 method=javax.swing.UIDefaults.getFromHashtable(Ljava/lang/Object;)Ljava/lang/Object; @ 122 c2
Event: 3.642 Thread 0x000002421d96c800 Uncommon trap: reason=unstable_if action=reinterpret pc=0x000002420fea42e4 method=java.awt.MultipleGradientPaintContext.indexIntoGradientsArrays(F)I @ 93 c2
Event: 3.834 Thread 0x000002421d96c800 Uncommon trap: reason=unstable_if action=reinterpret pc=0x000002420feb3d6c method=sun.java2d.marlin.MarlinCache.touchTile(IIII[I)V @ 136 c2
Event: 5.682 Thread 0x000002421d96c800 Uncommon trap: reason=unstable_if action=reinterpret pc=0x000002420fd72ff8 method=java.util.Objects.equals(Ljava/lang/Object;Ljava/lang/Object;)Z @ 6 c2
Event: 11.872 Thread 0x000002421d96c800 Uncommon trap: reason=unstable_if action=reinterpret pc=0x000002420ff257ac method=sun.java2d.marlin.MarlinTileGenerator.getAlphaRLE([BII)V @ 1360 c2

Classes redefined (0 events):
No events

Internal exceptions (10 events):
Event: 10.811 Thread 0x000002421d96c800 Exception <a 'java/io/IOException'{0x0000000088786a50}> (0x0000000088786a50) thrown at [t:/workspace/open/src/hotspot/share/prims/jni.cpp, line 615]
Event: 10.811 Thread 0x000002421d96c800 Exception <a 'java/io/IOException'{0x0000000088787008}> (0x0000000088787008) thrown at [t:/workspace/open/src/hotspot/share/prims/jni.cpp, line 615]
Event: 10.812 Thread 0x000002421d96c800 Exception <a 'java/io/IOException'{0x000000008878c1f8}> (0x000000008878c1f8) thrown at [t:/workspace/open/src/hotspot/share/prims/jni.cpp, line 615]
Event: 10.812 Thread 0x000002421d96c800 Exception <a 'java/io/IOException'{0x000000008878c7b0}> (0x000000008878c7b0) thrown at [t:/workspace/open/src/hotspot/share/prims/jni.cpp, line 615]
Event: 11.941 Thread 0x000002421d96c800 Exception <a 'java/io/IOException'{0x00000000887f69a8}> (0x00000000887f69a8) thrown at [t:/workspace/open/src/hotspot/share/prims/jni.cpp, line 615]
Event: 11.941 Thread 0x000002421d96c800 Exception <a 'java/io/IOException'{0x00000000887f6f60}> (0x00000000887f6f60) thrown at [t:/workspace/open/src/hotspot/share/prims/jni.cpp, line 615]
Event: 11.942 Thread 0x000002421d96c800 Exception <a 'java/io/IOException'{0x00000000887faa30}> (0x00000000887faa30) thrown at [t:/workspace/open/src/hotspot/share/prims/jni.cpp, line 615]
Event: 11.942 Thread 0x000002421d96c800 Exception <a 'java/io/IOException'{0x00000000887fafe8}> (0x00000000887fafe8) thrown at [t:/workspace/open/src/hotspot/share/prims/jni.cpp, line 615]
Event: 11.943 Thread 0x000002421d96c800 Exception <a 'java/io/IOException'{0x00000000887fe908}> (0x00000000887fe908) thrown at [t:/workspace/open/src/hotspot/share/prims/jni.cpp, line 615]
Event: 11.943 Thread 0x000002421d96c800 Exception <a 'java/io/IOException'{0x00000000887feec0}> (0x00000000887feec0) thrown at [t:/workspace/open/src/hotspot/share/prims/jni.cpp, line 615]

Events (10 events):
Event: 11.061 Thread 0x000002421d96c800 DEOPT UNPACKING pc=0x0000024208278d4e sp=0x000000be752f8d48 mode 0
Event: 11.872 Thread 0x000002421d96c800 Uncommon trap: trap_request=0xffffff4d fr.pc=0x000002420ff257ac relative=0x0000000000001ecc
Event: 11.872 Thread 0x000002421d96c800 DEOPT PACKING pc=0x000002420ff257ac sp=0x000000be752f9880
Event: 11.872 Thread 0x000002421d96c800 DEOPT UNPACKING pc=0x0000024208278f2f sp=0x000000be752f9710 mode 2
Event: 11.943 loading class jssc/SerialPort$EventThread
Event: 11.943 loading class jssc/SerialPort$EventThread done
Event: 11.943 loading class jssc/SerialPort$LinuxEventThread
Event: 11.943 loading class jssc/SerialPort$LinuxEventThread done
Event: 11.944 loading class jssc/SerialPortTimeoutException
Event: 11.944 loading class jssc/SerialPortTimeoutException done


Dynamic libraries:
0x00007ff6865d0000 - 0x00007ff686617000 	C:\Program Files\Java\jdk-11.0.2\bin\javaw.exe
0x00007ffeb7930000 - 0x00007ffeb7b28000 	C:\WINDOWS\SYSTEM32\ntdll.dll
0x00007ffeb7800000 - 0x00007ffeb78bd000 	C:\WINDOWS\System32\KERNEL32.DLL
0x00007ffeb5150000 - 0x00007ffeb5446000 	C:\WINDOWS\System32\KERNELBASE.dll
0x00007ffeb68e0000 - 0x00007ffeb698e000 	C:\WINDOWS\System32\ADVAPI32.dll
0x00007ffeb6ba0000 - 0x00007ffeb6c3e000 	C:\WINDOWS\System32\msvcrt.dll
0x00007ffeb6fa0000 - 0x00007ffeb703c000 	C:\WINDOWS\System32\sechost.dll
0x00007ffeb5960000 - 0x00007ffeb5a86000 	C:\WINDOWS\System32\RPCRT4.dll
0x00007ffeb69f0000 - 0x00007ffeb6b8e000 	C:\WINDOWS\System32\USER32.dll
0x00007ffeb5450000 - 0x00007ffeb5472000 	C:\WINDOWS\System32\win32u.dll
0x00007ffeb68b0000 - 0x00007ffeb68dc000 	C:\WINDOWS\System32\GDI32.dll
0x00007ffeb54f0000 - 0x00007ffeb560a000 	C:\WINDOWS\System32\gdi32full.dll
0x00007ffeb58c0000 - 0x00007ffeb595d000 	C:\WINDOWS\System32\msvcp_win.dll
0x00007ffeb5770000 - 0x00007ffeb5870000 	C:\WINDOWS\System32\ucrtbase.dll
0x00007ffea0aa0000 - 0x00007ffea0d3a000 	C:\WINDOWS\WinSxS\amd64_microsoft.windows.common-controls_6595b64144ccf1df_6.0.19041.1110_none_60b5254171f9507e\COMCTL32.dll
0x00007ffead930000 - 0x00007ffead93a000 	C:\WINDOWS\SYSTEM32\VERSION.dll
0x00007ffeb6180000 - 0x00007ffeb61b0000 	C:\WINDOWS\System32\IMM32.DLL
0x00007ffeb00a0000 - 0x00007ffeb00b6000 	C:\Program Files\Java\jdk-11.0.2\bin\vcruntime140.dll
0x00007ffea8870000 - 0x00007ffea891a000 	C:\Program Files\Java\jdk-11.0.2\bin\msvcp140.dll
0x00007ffe732a0000 - 0x00007ffe73dc7000 	C:\Program Files\Java\jdk-11.0.2\bin\server\jvm.dll
0x00007ffeb6b90000 - 0x00007ffeb6b98000 	C:\WINDOWS\System32\PSAPI.DLL
0x00007ffe99190000 - 0x00007ffe99199000 	C:\WINDOWS\SYSTEM32\WSOCK32.dll
0x00007ffeb6520000 - 0x00007ffeb658b000 	C:\WINDOWS\System32\WS2_32.dll
0x00007ffeaa690000 - 0x00007ffeaa6b7000 	C:\WINDOWS\SYSTEM32\WINMM.dll
0x00007ffeb2e90000 - 0x00007ffeb2ea2000 	C:\WINDOWS\SYSTEM32\kernel.appcore.dll
0x00007ffeae670000 - 0x00007ffeae681000 	C:\Program Files\Java\jdk-11.0.2\bin\verify.dll
0x00007ffea8020000 - 0x00007ffea8204000 	C:\WINDOWS\SYSTEM32\DBGHELP.DLL
0x00007ffea7a10000 - 0x00007ffea7a44000 	C:\WINDOWS\SYSTEM32\dbgcore.DLL
0x00007ffeb4fe0000 - 0x00007ffeb5062000 	C:\WINDOWS\System32\bcryptPrimitives.dll
0x00007ffea8a60000 - 0x00007ffea8a89000 	C:\Program Files\Java\jdk-11.0.2\bin\java.dll
0x00007ffea92b0000 - 0x00007ffea92c6000 	C:\Program Files\Java\jdk-11.0.2\bin\zip.dll
0x00007ffeae560000 - 0x00007ffeae56a000 	C:\Program Files\Java\jdk-11.0.2\bin\jimage.dll
0x00007ffeb7050000 - 0x00007ffeb7795000 	C:\WINDOWS\System32\SHELL32.dll
0x00007ffeb3090000 - 0x00007ffeb382b000 	C:\WINDOWS\SYSTEM32\windows.storage.dll
0x00007ffeb6c40000 - 0x00007ffeb6f94000 	C:\WINDOWS\System32\combase.dll
0x00007ffeb49b0000 - 0x00007ffeb49de000 	C:\WINDOWS\SYSTEM32\Wldp.dll
0x00007ffeb6360000 - 0x00007ffeb640d000 	C:\WINDOWS\System32\SHCORE.dll
0x00007ffeb6990000 - 0x00007ffeb69e5000 	C:\WINDOWS\System32\shlwapi.dll
0x00007ffeb4f10000 - 0x00007ffeb4f35000 	C:\WINDOWS\SYSTEM32\profapi.dll
0x00007ffea8f40000 - 0x00007ffea8f59000 	C:\Program Files\Java\jdk-11.0.2\bin\net.dll
0x00007ffea55f0000 - 0x00007ffea57dd000 	C:\WINDOWS\SYSTEM32\urlmon.dll
0x00007ffeacd90000 - 0x00007ffeace9a000 	C:\WINDOWS\SYSTEM32\WINHTTP.dll
0x00007ffea5220000 - 0x00007ffea54dc000 	C:\WINDOWS\SYSTEM32\iertutil.dll
0x00007ffeaa220000 - 0x00007ffeaa249000 	C:\WINDOWS\SYSTEM32\srvcli.dll
0x00007ffeb4500000 - 0x00007ffeb450c000 	C:\WINDOWS\SYSTEM32\netutils.dll
0x00007ffeb46b0000 - 0x00007ffeb471a000 	C:\WINDOWS\system32\mswsock.dll
0x00007ffea8a40000 - 0x00007ffea8a53000 	C:\Program Files\Java\jdk-11.0.2\bin\nio.dll
0x00007ffe77340000 - 0x00007ffe774df000 	C:\Program Files\Java\jdk-11.0.2\bin\awt.dll
0x00007ffeb5a90000 - 0x00007ffeb5b5d000 	C:\WINDOWS\System32\OLEAUT32.dll
0x00007ffeb1420000 - 0x00007ffeb19e0000 	C:\WINDOWS\SYSTEM32\d2d1.dll
0x00007ffeb28e0000 - 0x00007ffeb2971000 	C:\WINDOWS\SYSTEM32\apphelp.dll
0x00007ffeae070000 - 0x00007ffeae079000 	C:\Program Files\Java\jdk-11.0.2\bin\prefs.dll
0x00007ffeb29c0000 - 0x00007ffeb2a5e000 	C:\WINDOWS\system32\uxtheme.dll
0x00007ffeb6630000 - 0x00007ffeb6744000 	C:\WINDOWS\System32\MSCTF.dll
0x00007ffeb61b0000 - 0x00007ffeb62da000 	C:\WINDOWS\System32\ole32.dll
0x00007ffeb2cb0000 - 0x00007ffeb2cdf000 	C:\WINDOWS\system32\DWMAPI.DLL
0x00007ffea03e0000 - 0x00007ffea0460000 	C:\Program Files\Java\jdk-11.0.2\bin\freetype.dll
0x00007ffe8cd90000 - 0x00007ffe8cdff000 	C:\Program Files\Java\jdk-11.0.2\bin\fontmanager.dll
0x00007ffe916b0000 - 0x00007ffe917d5000 	C:\WINDOWS\system32\opengl32.dll
0x00007ffea0460000 - 0x00007ffea048c000 	C:\WINDOWS\SYSTEM32\GLU32.dll
0x00007ffea9380000 - 0x00007ffea954d000 	C:\WINDOWS\system32\d3d9.dll
0x00007ffea95b0000 - 0x00007ffea966e000 	C:\WINDOWS\System32\DriverStore\FileRepository\nvmo.inf_amd64_c119453b13548e8e\nvldumdx.dll
0x00007ffeb4bb0000 - 0x00007ffeb4bc2000 	C:\WINDOWS\SYSTEM32\msasn1.dll
0x00007ffead6f0000 - 0x00007ffead721000 	C:\WINDOWS\SYSTEM32\cryptnet.dll
0x00007ffeb5610000 - 0x00007ffeb576e000 	C:\WINDOWS\System32\CRYPT32.dll
0x00007ffead350000 - 0x00007ffead498000 	C:\WINDOWS\SYSTEM32\drvstore.dll
0x00007ffeb4d70000 - 0x00007ffeb4da3000 	C:\WINDOWS\SYSTEM32\devobj.dll
0x00007ffeb5870000 - 0x00007ffeb58be000 	C:\WINDOWS\System32\cfgmgr32.dll
0x00007ffeb48c0000 - 0x00007ffeb48cc000 	C:\WINDOWS\SYSTEM32\cryptbase.dll
0x00007ffeb5480000 - 0x00007ffeb54e7000 	C:\WINDOWS\System32\WINTRUST.DLL
0x00007ffeb6890000 - 0x00007ffeb68ad000 	C:\WINDOWS\System32\imagehlp.dll
0x00007ffeb48a0000 - 0x00007ffeb48b8000 	C:\WINDOWS\SYSTEM32\CRYPTSP.dll
0x00007ffeb3fc0000 - 0x00007ffeb3ff4000 	C:\WINDOWS\system32\rsaenh.dll
0x00007ffeb5120000 - 0x00007ffeb5147000 	C:\WINDOWS\System32\bcrypt.dll
0x00007ffe652a0000 - 0x00007ffe678aa000 	C:\WINDOWS\System32\DriverStore\FileRepository\nvmo.inf_amd64_c119453b13548e8e\nvd3dumx.dll
0x00007ffe72fd0000 - 0x00007ffe73297000 	C:\WINDOWS\system32\nvspcap64.dll
0x00007ffeb4100000 - 0x00007ffeb4133000 	C:\WINDOWS\SYSTEM32\ntmarta.dll
0x00007ffeb3840000 - 0x00007ffeb3863000 	C:\WINDOWS\SYSTEM32\gpapi.dll
0x00007ffeab6d0000 - 0x00007ffeab70b000 	C:\WINDOWS\SYSTEM32\dxcore.dll
0x00007ffeb6410000 - 0x00007ffeb64b9000 	C:\WINDOWS\System32\clbcatq.dll
0x00007ffeade90000 - 0x00007ffeae044000 	C:\WINDOWS\SYSTEM32\WindowsCodecs.dll
0x00007ffe98fe0000 - 0x00007ffe9901e000 	C:\WINDOWS\system32\dataexchange.dll
0x00007ffeb0d50000 - 0x00007ffeb0fb3000 	C:\WINDOWS\system32\d3d11.dll
0x00007ffeb1c90000 - 0x00007ffeb1e73000 	C:\WINDOWS\system32\dcomp.dll
0x00007ffeb3870000 - 0x00007ffeb3963000 	C:\WINDOWS\system32\dxgi.dll
0x00007ffeaf990000 - 0x00007ffeafb97000 	C:\WINDOWS\system32\twinapi.appcore.dll
0x00007ffe9e1e0000 - 0x00007ffe9e290000 	C:\WINDOWS\WinSxS\amd64_microsoft.windows.common-controls_6595b64144ccf1df_5.82.19041.1110_none_792d1c772443f647\comctl32.dll
0x00007ffeb0b10000 - 0x00007ffeb0c06000 	C:\WINDOWS\system32\propsys.dll
0x00007ffe8da10000 - 0x00007ffe8da27000 	C:\WINDOWS\system32\NetworkExplorer.dll
0x00007ffea7dd0000 - 0x00007ffea7ded000 	C:\WINDOWS\SYSTEM32\MPR.dll
0x0000000063360000 - 0x0000000063439000 	C:\WINDOWS\system32\pfmapi_192.dll
0x00007ffeb4ec0000 - 0x00007ffeb4ef2000 	C:\WINDOWS\SYSTEM32\SspiCli.dll
0x00007ffe8d370000 - 0x00007ffe8d399000 	C:\WINDOWS\System32\p9np.dll
0x00007ffe8f070000 - 0x00007ffe8f07b000 	C:\WINDOWS\System32\drprov.dll
0x00007ffeb4900000 - 0x00007ffeb495b000 	C:\WINDOWS\System32\WINSTA.dll
0x00007ffe8d0f0000 - 0x00007ffe8d10f000 	C:\WINDOWS\System32\ntlanman.dll
0x00007ffe8d0d0000 - 0x00007ffe8d0ee000 	C:\WINDOWS\System32\davclnt.dll
0x00007ffe8cce0000 - 0x00007ffe8cced000 	C:\WINDOWS\System32\DAVHLPR.dll
0x00007ffeb40e0000 - 0x00007ffeb40fb000 	C:\WINDOWS\System32\wkscli.dll
0x00007ffe9a4e0000 - 0x00007ffe9a4f2000 	C:\WINDOWS\SYSTEM32\cscapi.dll
0x00007ffe82010000 - 0x00007ffe82066000 	C:\Windows\System32\dlnashext.dll
0x00007ffe81fa0000 - 0x00007ffe82004000 	C:\Windows\System32\PlayToDevice.dll
0x00007ffe8ea00000 - 0x00007ffe8ea20000 	C:\Windows\System32\DevDispItemProvider.dll
0x00007ffeadb20000 - 0x00007ffeadba5000 	C:\WINDOWS\System32\MMDevApi.dll
0x00007ffe69ec0000 - 0x00007ffe69f61000 	C:\WINDOWS\system32\wpdshext.dll
0x00007ffea0d40000 - 0x00007ffea0ee5000 	C:\WINDOWS\WinSxS\amd64_microsoft.windows.gdiplus_6595b64144ccf1df_1.1.19041.2251_none_91a40448cc8846c1\gdiplus.dll
0x00007ffe861b0000 - 0x00007ffe86253000 	C:\Windows\System32\PortableDeviceApi.dll
0x00007ffeb5b60000 - 0x00007ffeb5fce000 	C:\WINDOWS\System32\SETUPAPI.dll
0x00007ffeadae0000 - 0x00007ffeadb12000 	C:\Windows\System32\PortableDeviceTypes.dll
0x00007ffe97770000 - 0x00007ffe977a7000 	C:\Windows\System32\EhStorShell.dll
0x00007ffeae720000 - 0x00007ffeae746000 	C:\Windows\System32\EhStorAPI.dll
0x00007ffeb27e0000 - 0x00007ffeb27f4000 	C:\Windows\System32\WTSAPI32.dll
0x00007ffe899d0000 - 0x00007ffe899dd000 	C:\WINDOWS\SYSTEM32\LINKINFO.dll
0x00007ffeb0550000 - 0x00007ffeb064a000 	C:\WINDOWS\SYSTEM32\textinputframework.dll
0x00007ffeb2240000 - 0x00007ffeb259e000 	C:\WINDOWS\System32\CoreUIComponents.dll
0x00007ffeb25a0000 - 0x00007ffeb2692000 	C:\WINDOWS\System32\CoreMessaging.dll
0x00007ffeb1b30000 - 0x00007ffeb1c85000 	C:\WINDOWS\SYSTEM32\wintypes.dll
0x0000000071100000 - 0x0000000071125000 	C:\Users\liamw\.jssc\windows\jSSC-2.8_x86_64.dll

dbghelp: loaded successfully - version: 4.0.5 - missing functions: none
symbol engine: initialized successfully - sym options: 0x614 - pdb path: .;C:\Program Files\Java\jdk-11.0.2\bin;C:\WINDOWS\SYSTEM32;C:\WINDOWS\WinSxS\amd64_microsoft.windows.common-controls_6595b64144ccf1df_6.0.19041.1110_none_60b5254171f9507e;C:\Program Files\Java\jdk-11.0.2\bin\server;C:\WINDOWS\System32\DriverStore\FileRepository\nvmo.inf_amd64_c119453b13548e8e;C:\WINDOWS\WinSxS\amd64_microsoft.windows.common-controls_6595b64144ccf1df_5.82.19041.1110_none_792d1c772443f647;C:\WINDOWS\WinSxS\amd64_microsoft.windows.gdiplus_6595b64144ccf1df_1.1.19041.2251_none_91a40448cc8846c1;C:\Users\liamw\.jssc\windows

VM Arguments:
java_command: C:\Users\liamw\Downloads\ESP TOOLS\ESPlorer\ESPlorer.jar
java_class_path (initial): C:\Users\liamw\Downloads\ESP TOOLS\ESPlorer\ESPlorer.jar
Launcher Type: SUN_STANDARD

[Global flags]
     intx CICompilerCount                          = 3                                         {product} {ergonomic}
     uint ConcGCThreads                            = 1                                         {product} {ergonomic}
     uint G1ConcRefinementThreads                  = 4                                         {product} {ergonomic}
   size_t G1HeapRegionSize                         = 1048576                                   {product} {ergonomic}
    uintx GCDrainStackTargetSize                   = 64                                        {product} {ergonomic}
   size_t InitialHeapSize                          = 134217728                                 {product} {ergonomic}
   size_t MarkStackSize                            = 4194304                                   {product} {ergonomic}
   size_t MaxHeapSize                              = 2126512128                                {product} {ergonomic}
   size_t MaxNewSize                               = 1275068416                                {product} {ergonomic}
   size_t MinHeapDeltaBytes                        = 1048576                                   {product} {ergonomic}
    uintx NonNMethodCodeHeapSize                   = 5830092                                {pd product} {ergonomic}
    uintx NonProfiledCodeHeapSize                  = 122914074                              {pd product} {ergonomic}
    uintx ProfiledCodeHeapSize                     = 122914074                              {pd product} {ergonomic}
    uintx ReservedCodeCacheSize                    = 251658240                              {pd product} {ergonomic}
     bool SegmentedCodeCache                       = true                                      {product} {ergonomic}
     bool UseCompressedClassPointers               = true                                 {lp64_product} {ergonomic}
     bool UseCompressedOops                        = true                                 {lp64_product} {ergonomic}
     bool UseG1GC                                  = true                                      {product} {ergonomic}
     bool UseLargePagesIndividualAllocation        = false                                  {pd product} {ergonomic}

Logging:
Log output configuration:
 #0: stdout all=warning uptime,level,tags
 #1: stderr all=off uptime,level,tags

Environment Variables:
PATH=C:\Program Files (x86)\Common Files\Oracle\Java\javapath;C:\Python310\Scripts\;C:\Python310\;C:\Windows\system32;C:\Windows;C:\Windows\System32\Wbem;C:\Windows\System32\WindowsPowerShell\v1.0\;C:\Windows\System32\OpenSSH\;C:\Program Files\Java\jdk-11.0.2\bin;C:\Users\liamw\AppData\Local\Microsoft\WindowsApps;C:\adb;C:\WINDOWS\system32;C:\WINDOWS;C:\WINDOWS\System32\Wbem;C:\WINDOWS\System32\WindowsPowerShell\v1.0\;C:\WINDOWS\System32\OpenSSH\;C:\Program Files\NVIDIA Corporation\NVIDIA NvDLISR;C:\Program Files\PuTTY\;C:\Program Files\Git\cmd;C:\Program Files (x86)\NVIDIA Corporation\PhysX\Common;C:\Program Files\nodejs\;C:\ProgramData\chocolatey\bin;D:\CMake\bin;C:\Program Files (x86)\dotnet\;D:\MATLAB\v93\runtime\win64;C:\Users\liamw\.cargo\bin;C:\Users\liamw\AppData\Local\Programs\Python\Python38-32\Scripts\;C:\Users\liamw\AppData\Local\Programs\Python\Python38-32\;C:\Users\liamw\AppData\Local\Microsoft\WindowsApps;C:\Users\liamw\AppData\Local\Microsoft\WindowsApps;D:\MiKTeX\miktex\bin\x64\;C:\Program Files (x86)\Atmel\Flip 3.4.7\bin;C:\Users\liamw\AppData\Roaming\npm;C:\Users\liamw\AppData\Local\JetBrains\Toolbox\scripts
USERNAME=liamw
OS=Windows_NT
PROCESSOR_IDENTIFIER=Intel64 Family 6 Model 158 Stepping 9, GenuineIntel



---------------  S Y S T E M  ---------------

OS: Windows 10 , 64 bit Build 19041 (10.0.19041.3393)

CPU:total 4 (initial active 4) (4 cores per cpu, 1 threads per core) family 6 model 158 stepping 9, cmov, cx8, fxsr, mmx, sse, sse2, sse3, ssse3, sse4.1, sse4.2, popcnt, avx, avx2, aes, clmul, erms, 3dnowpref, lzcnt, tsc, tscinvbit, bmi1, bmi2, adx, fma

Memory: 4k page, system-wide physical 8111M (1478M free)
TotalPageFile size 15535M (AvailPageFile size 5615M)
current process WorkingSet (physical memory assigned to process): 221M, peak: 254M
current process commit charge ("private bytes"): 329M, peak: 364M

vm_info: Java HotSpot(TM) 64-Bit Server VM (11.0.2+9-LTS) for windows-amd64 JRE (11.0.2+9-LTS), built on Jan 18 2019 05:24:10 by "mach5one" with MS VC++ 15.5 (VS2017)

END.
