#
# A fatal error has been detected by the Java Runtime Environment:
#
#  EXCEPTION_ACCESS_VIOLATION (0xc0000005) at pc=0x000000007110b5db, pid=2600, tid=7100
#
# JRE version: Java(TM) SE Runtime Environment (11.0.2+9) (build 11.0.2+9-LTS)
# Java VM: Java HotSpot(TM) 64-Bit Server VM (11.0.2+9-LTS, mixed mode, tiered, compressed oops, g1 gc, windows-amd64)
# Problematic frame:
# C  [jSSC-2.8_x86_64.dll+0xb5db]
#
# No core dump will be written. Minidumps are not enabled by default on client versions of Windows
#
# If you would like to submit a bug report, please visit:
#   http://bugreport.java.com/bugreport/crash.jsp
# The crash happened outside the Java Virtual Machine in native code.
# See problematic frame for where to report the bug.
#

---------------  S U M M A R Y ------------

Command Line: C:\Users\liamw\Downloads\ESP TOOLS\ESPlorer\ESPlorer.jar

Host: Intel(R) Core(TM) i5-7400 CPU @ 3.00GHz, 4 cores, 7G,  Windows 10 , 64 bit Build 19041 (10.0.19041.3393)
Time: Wed Oct 11 16:45:06 2023 GMT Daylight Time elapsed time: 13 seconds (0d 0h 0m 13s)

---------------  T H R E A D  ---------------

Current thread (0x0000023609b3f800):  JavaThread "AWT-EventQueue-0" [_thread_in_native, id=7100, stack(0x000000cf6ec00000,0x000000cf6ed00000)]

Stack: [0x000000cf6ec00000,0x000000cf6ed00000],  sp=0x000000cf6ecfadc0,  free space=1003k
Native frames: (J=compiled Java code, j=interpreted, Vv=VM code, C=native code)
C  [jSSC-2.8_x86_64.dll+0xb5db]

Java frames: (J=compiled Java code, j=interpreted, Vv=VM code)
j  jssc.SerialNativeInterface.openPort(Ljava/lang/String;Z)J+0
j  jssc.SerialPort.openPort()Z+65
j  ESPlorer.ESPlorer.portOpen()Z+108
j  ESPlorer.ESPlorer.OpenActionPerformed(Ljava/awt/event/ActionEvent;)V+160
j  ESPlorer.ESPlorer.access$18300(LESPlorer/ESPlorer;Ljava/awt/event/ActionEvent;)V+2
j  ESPlorer.ESPlorer$181.actionPerformed(Ljava/awt/event/ActionEvent;)V+5
j  javax.swing.AbstractButton.fireActionPerformed(Ljava/awt/event/ActionEvent;)V+83 java.desktop@11.0.2
j  javax.swing.AbstractButton$Handler.actionPerformed(Ljava/awt/event/ActionEvent;)V+5 java.desktop@11.0.2
j  javax.swing.DefaultButtonModel.fireActionPerformed(Ljava/awt/event/ActionEvent;)V+34 java.desktop@11.0.2
j  javax.swing.JToggleButton$ToggleButtonModel.setPressed(Z)V+148 java.desktop@11.0.2
j  javax.swing.plaf.basic.BasicButtonListener.mouseReleased(Ljava/awt/event/MouseEvent;)V+35 java.desktop@11.0.2
j  java.awt.AWTEventMulticaster.mouseReleased(Ljava/awt/event/MouseEvent;)V+8 java.desktop@11.0.2
j  java.awt.Component.processMouseEvent(Ljava/awt/event/MouseEvent;)V+64 java.desktop@11.0.2
j  javax.swing.JComponent.processMouseEvent(Ljava/awt/event/MouseEvent;)V+23 java.desktop@11.0.2
J 4003 c1 java.awt.Component.processEvent(Ljava/awt/AWTEvent;)V java.desktop@11.0.2 (220 bytes) @ 0x0000023671c08cf4 [0x0000023671c08700+0x00000000000005f4]
J 3962 c1 java.awt.Container.processEvent(Ljava/awt/AWTEvent;)V java.desktop@11.0.2 (22 bytes) @ 0x0000023671bf3a24 [0x0000023671bf3700+0x0000000000000324]
J 3944 c1 java.awt.Component.dispatchEventImpl(Ljava/awt/AWTEvent;)V java.desktop@11.0.2 (777 bytes) @ 0x0000023671be2bac [0x0000023671bdefa0+0x0000000000003c0c]
J 3879 c1 java.awt.Container.dispatchEventImpl(Ljava/awt/AWTEvent;)V java.desktop@11.0.2 (129 bytes) @ 0x00000236715bae1c [0x00000236715bace0+0x000000000000013c]
J 3961 c1 java.awt.LightweightDispatcher.retargetMouseEvent(Ljava/awt/Component;ILjava/awt/event/MouseEvent;)V java.desktop@11.0.2 (372 bytes) @ 0x0000023671bf237c [0x0000023671befda0+0x00000000000025dc]
J 3977 c1 java.awt.LightweightDispatcher.processMouseEvent(Ljava/awt/event/MouseEvent;)Z java.desktop@11.0.2 (265 bytes) @ 0x0000023671c003ac [0x0000023671bff3e0+0x0000000000000fcc]
J 3990 c1 java.awt.LightweightDispatcher.dispatchEvent(Ljava/awt/AWTEvent;)Z java.desktop@11.0.2 (73 bytes) @ 0x0000023671c06444 [0x0000023671c06020+0x0000000000000424]
J 3879 c1 java.awt.Container.dispatchEventImpl(Ljava/awt/AWTEvent;)V java.desktop@11.0.2 (129 bytes) @ 0x00000236715badbc [0x00000236715bace0+0x00000000000000dc]
J 3973 c1 java.awt.Window.dispatchEventImpl(Ljava/awt/AWTEvent;)V java.desktop@11.0.2 (23 bytes) @ 0x0000023671bfd56c [0x0000023671bfcfa0+0x00000000000005cc]
J 3905 c1 java.awt.EventQueue.dispatchEventImpl(Ljava/awt/AWTEvent;Ljava/lang/Object;)V java.desktop@11.0.2 (136 bytes) @ 0x0000023671bc99d4 [0x0000023671bc9540+0x0000000000000494]
J 3904 c1 java.awt.EventQueue$4.run()Ljava/lang/Void; java.desktop@11.0.2 (60 bytes) @ 0x000002367158472c [0x0000023671584600+0x000000000000012c]
J 3903 c1 java.awt.EventQueue$4.run()Ljava/lang/Object; java.desktop@11.0.2 (5 bytes) @ 0x000002367144cd44 [0x000002367144ccc0+0x0000000000000084]
v  ~StubRoutines::call_stub
J 1536  java.security.AccessController.doPrivileged(Ljava/security/PrivilegedAction;Ljava/security/AccessControlContext;)Ljava/lang/Object; java.base@11.0.2 (0 bytes) @ 0x00000236789a0026 [0x000002367899ffc0+0x0000000000000066]
J 3926 c1 java.awt.EventQueue$5.run()Ljava/lang/Object; java.desktop@11.0.2 (5 bytes) @ 0x0000023671bd11ac [0x0000023671bd0e60+0x000000000000034c]
v  ~StubRoutines::call_stub
J 1536  java.security.AccessController.doPrivileged(Ljava/security/PrivilegedAction;Ljava/security/AccessControlContext;)Ljava/lang/Object; java.base@11.0.2 (0 bytes) @ 0x00000236789a0026 [0x000002367899ffc0+0x0000000000000066]
J 3900 c1 java.awt.EventQueue.dispatchEvent(Ljava/awt/AWTEvent;)V java.desktop@11.0.2 (80 bytes) @ 0x0000023671bc76cc [0x0000023671bc6c20+0x0000000000000aac]
J 3869 c1 java.awt.EventDispatchThread.pumpOneEventForFilters(I)V java.desktop@11.0.2 (113 bytes) @ 0x0000023671587e2c [0x0000023671587720+0x000000000000070c]
j  java.awt.EventDispatchThread.pumpEventsForFilter(ILjava/awt/Conditional;Ljava/awt/EventFilter;)V+35 java.desktop@11.0.2
j  java.awt.EventDispatchThread.pumpEventsForHierarchy(ILjava/awt/Conditional;Ljava/awt/Component;)V+11 java.desktop@11.0.2
j  java.awt.EventDispatchThread.pumpEvents(ILjava/awt/Conditional;)V+4 java.desktop@11.0.2
j  java.awt.EventDispatchThread.pumpEvents(Ljava/awt/Conditional;)V+3 java.desktop@11.0.2
j  java.awt.EventDispatchThread.run()V+9 java.desktop@11.0.2
v  ~StubRoutines::call_stub

siginfo: EXCEPTION_ACCESS_VIOLATION (0xc0000005), reading address 0x000000000f0a4ab6


Register to memory mapping:

RIP=0x000000007110b5db jSSC-2.8_x86_64.dll
RAX=0x000000000f0a4ab6 is an unknown value
RBX=0x000000cf6ecfae30 is pointing into the stack for thread: 0x0000023609b3f800
RCX=0x00007ffeb79cd034 ntdll.dll
RDX=0x0 is NULL
RSP=0x000000cf6ecfadc0 is pointing into the stack for thread: 0x0000023609b3f800
RBP=0x000000cf6ecfaf40 is pointing into the stack for thread: 0x0000023609b3f800
RSI=0x0000023609b3fb40 points into unknown readable memory: b0 3d f1 7b fe 7f 00 00
RDI=0x00000000000009a4 is an unknown value
R8 =0x000000cf6ecfacb8 is pointing into the stack for thread: 0x0000023609b3f800
R9 =0x000000cf6ecfadb0 is pointing into the stack for thread: 0x0000023609b3f800
R10=0x0 is NULL
R11=0x0000000000000246 is an unknown value
R12=0x000000cf6ecfaff8 is pointing into the stack for thread: 0x0000023609b3f800
R13=0x0000023613000ee0 points into unknown readable memory: 25 00 5a 00 00 00 00 00
R14=0x000000cf6ecfaef0 is pointing into the stack for thread: 0x0000023609b3f800
R15=0x0000023609b3f800 is a thread


Registers:
RAX=0x000000000f0a4ab6, RBX=0x000000cf6ecfae30, RCX=0x00007ffeb79cd034, RDX=0x0000000000000000
RSP=0x000000cf6ecfadc0, RBP=0x000000cf6ecfaf40, RSI=0x0000023609b3fb40, RDI=0x00000000000009a4
R8 =0x000000cf6ecfacb8, R9 =0x000000cf6ecfadb0, R10=0x0000000000000000, R11=0x0000000000000246
R12=0x000000cf6ecfaff8, R13=0x0000023613000ee0, R14=0x000000cf6ecfaef0, R15=0x0000023609b3f800
RIP=0x000000007110b5db, EFLAGS=0x0000000000010202

Top of Stack: (sp=0x000000cf6ecfadc0)
0x000000cf6ecfadc0:   000002361344cdb0 0000023613000710
0x000000cf6ecfadd0:   000000007110b230 00000236670c0000
0x000000cf6ecfade0:   0000023667050000 0000000000000004
0x000000cf6ecfadf0:   0000023609b3fb40 00000000000009a4
0x000000cf6ecfae00:   000000cf6ecfaf40 0000000071112590
0x000000cf6ecfae10:   0000023609b3f800 000000cf6ecfaef0
0x000000cf6ecfae20:   0000023613000ee0 000000cf6ecfaff8
0x000000cf6ecfae30:   0000023613000ee0 00007ffeb79547b1
0x000000cf6ecfae40:   000000cf6ecfae70 00000236670c0000
0x000000cf6ecfae50:   000000cf6ecfaf40 0000000000000000
0x000000cf6ecfae60:   0000000071113500 0000000071113be8
0x000000cf6ecfae70:   000000cf6ecfaea0 0000000071112641
0x000000cf6ecfae80:   000000cf6ecfae10 0000023609b3fb40
0x000000cf6ecfae90:   0000000000000000 0000000000000000
0x000000cf6ecfaea0:   000000cf6ecfaf40 0000000071101595
0x000000cf6ecfaeb0:   000000000000001c 0000023600000000 

Instructions: (pc=0x000000007110b5db)
0x000000007110b5bb:   c5 0f 1f 40 00 55 57 56 53 48 83 ec 28 48 8b 05
0x000000007110b5cb:   39 33 01 00 48 89 cb 48 85 c0 0f 84 c5 00 00 00
0x000000007110b5db:   8b 38 85 ff 0f 88 ab 00 00 00 48 8b 05 1c 33 01
0x000000007110b5eb:   00 48 85 c0 0f 84 bc 00 00 00 8b 30 85 f6 74 57 


Stack slot to memory mapping:
stack at sp + 0 slots: 0x000002361344cdb0 points into unknown readable memory: 5c 00 5c 00 2e 00 5c 00
stack at sp + 1 slots: 0x0000023613000710 points into unknown readable memory: d0 db b8 11 36 02 00 00
stack at sp + 2 slots: 0x000000007110b230 jSSC-2.8_x86_64.dll
stack at sp + 3 slots: 0x00000236670c0000 points into unknown readable memory: 00 00 00 00 00 00 00 00
stack at sp + 4 slots: 0x0000023667050000 points into unknown readable memory: 00 00 00 00 00 00 00 00
stack at sp + 5 slots: 0x0000000000000004 is an unknown value
stack at sp + 6 slots: 0x0000023609b3fb40 points into unknown readable memory: b0 3d f1 7b fe 7f 00 00
stack at sp + 7 slots: 0x00000000000009a4 is an unknown value


---------------  P R O C E S S  ---------------

Threads class SMR info:
_java_thread_list=0x000002361359d630, length=17, elements={
0x000002360768e000, 0x0000023607697000, 0x00000236076a7800, 0x00000236076a9000,
0x00000236076ab000, 0x00000236076b0000, 0x00000236076b1000, 0x000002360818b800,
0x000002360818a000, 0x00000236085db800, 0x000002360856c000, 0x0000023608691800,
0x0000023609b3f800, 0x0000023668b23800, 0x000002360a0a9800, 0x000002360a607000,
0x0000023613452800
}

Java Threads: ( => current thread )
  0x000002360768e000 JavaThread "Reference Handler" daemon [_thread_blocked, id=14936, stack(0x000000cf6de00000,0x000000cf6df00000)]
  0x0000023607697000 JavaThread "Finalizer" daemon [_thread_blocked, id=7024, stack(0x000000cf6df00000,0x000000cf6e000000)]
  0x00000236076a7800 JavaThread "Signal Dispatcher" daemon [_thread_blocked, id=3536, stack(0x000000cf6e000000,0x000000cf6e100000)]
  0x00000236076a9000 JavaThread "Attach Listener" daemon [_thread_blocked, id=17724, stack(0x000000cf6e100000,0x000000cf6e200000)]
  0x00000236076ab000 JavaThread "C2 CompilerThread0" daemon [_thread_blocked, id=2324, stack(0x000000cf6e200000,0x000000cf6e300000)]
  0x00000236076b0000 JavaThread "C1 CompilerThread0" daemon [_thread_blocked, id=14740, stack(0x000000cf6e300000,0x000000cf6e400000)]
  0x00000236076b1000 JavaThread "Sweeper thread" daemon [_thread_blocked, id=12296, stack(0x000000cf6e400000,0x000000cf6e500000)]
  0x000002360818b800 JavaThread "Service Thread" daemon [_thread_blocked, id=3016, stack(0x000000cf6e500000,0x000000cf6e600000)]
  0x000002360818a000 JavaThread "Common-Cleaner" daemon [_thread_blocked, id=9156, stack(0x000000cf6e700000,0x000000cf6e800000)]
  0x00000236085db800 JavaThread "Java2D Disposer" daemon [_thread_blocked, id=10440, stack(0x000000cf6e800000,0x000000cf6e900000)]
  0x000002360856c000 JavaThread "AWT-Shutdown" [_thread_blocked, id=5056, stack(0x000000cf6e900000,0x000000cf6ea00000)]
  0x0000023608691800 JavaThread "AWT-Windows" daemon [_thread_in_native, id=2792, stack(0x000000cf6ea00000,0x000000cf6eb00000)]
=>0x0000023609b3f800 JavaThread "AWT-EventQueue-0" [_thread_in_native, id=7100, stack(0x000000cf6ec00000,0x000000cf6ed00000)]
  0x0000023668b23800 JavaThread "DestroyJavaVM" [_thread_blocked, id=7240, stack(0x000000cf6d700000,0x000000cf6d800000)]
  0x000002360a0a9800 JavaThread "TimerQueue" daemon [_thread_blocked, id=12344, stack(0x000000cf6f200000,0x000000cf6f300000)]
  0x000002360a607000 JavaThread "Swing-Shell" daemon [_thread_blocked, id=18712, stack(0x000000cf6f900000,0x000000cf6fa00000)]
  0x0000023613452800 JavaThread "D3D Screen Updater" daemon [_thread_blocked, id=10236, stack(0x000000cf6fc00000,0x000000cf6fd00000)]

Other Threads:
  0x0000023607667800 VMThread "VM Thread" [stack: 0x000000cf6dd00000,0x000000cf6de00000] [id=11312]
  0x0000023608189800 WatcherThread [stack: 0x000000cf6e600000,0x000000cf6e700000] [id=17360]
  0x0000023668b3a800 GCTaskThread "GC Thread#0" [stack: 0x000000cf6d800000,0x000000cf6d900000] [id=1836]
  0x000002360a3d9800 GCTaskThread "GC Thread#1" [stack: 0x000000cf6eb00000,0x000000cf6ec00000] [id=14288]
  0x000002360a41b800 GCTaskThread "GC Thread#2" [stack: 0x000000cf6ef00000,0x000000cf6f000000] [id=18136]
  0x000002360a26d800 GCTaskThread "GC Thread#3" [stack: 0x000000cf6f000000,0x000000cf6f100000] [id=10272]
  0x0000023668b6a800 ConcurrentGCThread "G1 Main Marker" [stack: 0x000000cf6d900000,0x000000cf6da00000] [id=9472]
  0x0000023668b6c000 ConcurrentGCThread "G1 Conc#0" [stack: 0x000000cf6da00000,0x000000cf6db00000] [id=6288]
  0x0000023668bfc000 ConcurrentGCThread "G1 Refine#0" [stack: 0x000000cf6db00000,0x000000cf6dc00000] [id=13216]
  0x00000236082a6000 ConcurrentGCThread "G1 Refine#1" [stack: 0x000000cf6f100000,0x000000cf6f200000] [id=3412]
  0x0000023668bfd000 ConcurrentGCThread "G1 Young RemSet Sampling" [stack: 0x000000cf6dc00000,0x000000cf6dd00000] [id=11208]

Threads with active compile tasks:

VM state:not at safepoint (normal execution)

VM Mutex/Monitor currently owned by a thread: None

Heap address: 0x0000000081400000, size: 2028 MB, Compressed Oops mode: 32-bit
Narrow klass base: 0x0000000000000000, Narrow klass shift: 3
Compressed class space size: 1073741824 Address: 0x0000000100000000

Heap:
 garbage-first heap   total 157696K, used 71658K [0x0000000081400000, 0x0000000100000000)
  region size 1024K, 61 young (62464K), 4 survivors (4096K)
 Metaspace       used 32497K, capacity 33135K, committed 33408K, reserved 1079296K
  class space    used 3613K, capacity 3901K, committed 3968K, reserved 1048576K
Heap Regions: E=young(eden), S=young(survivor), O=old, HS=humongous(starts), HC=humongous(continues), CS=collection set, F=free, A=archive, TAMS=top-at-mark-start (previous, next)
|   0|0x0000000081400000, 0x0000000081500000, 0x0000000081500000|100%| O|  |TAMS 0x0000000081500000, 0x0000000081400000| Untracked 
|   1|0x0000000081500000, 0x0000000081600000, 0x0000000081600000|100%| O|  |TAMS 0x0000000081596600, 0x0000000081500000| Untracked 
|   2|0x0000000081600000, 0x0000000081700000, 0x0000000081700000|100%| O|  |TAMS 0x0000000081600000, 0x0000000081600000| Untracked 
|   3|0x0000000081700000, 0x0000000081800000, 0x0000000081800000|100%| O|  |TAMS 0x0000000081700000, 0x0000000081700000| Untracked 
|   4|0x0000000081800000, 0x000000008189b200, 0x0000000081900000| 60%| O|  |TAMS 0x0000000081800000, 0x0000000081800000| Untracked 
|   5|0x0000000081900000, 0x0000000081a00000, 0x0000000081a00000|100%|HS|  |TAMS 0x0000000081900000, 0x0000000081900000| Complete 
|   6|0x0000000081a00000, 0x0000000081b00000, 0x0000000081b00000|100%|HS|  |TAMS 0x0000000081a00000, 0x0000000081a00000| Complete 
|   7|0x0000000081b00000, 0x0000000081c00000, 0x0000000081c00000|100%|HS|  |TAMS 0x0000000081b00000, 0x0000000081b00000| Complete 
|   8|0x0000000081c00000, 0x0000000081d00000, 0x0000000081d00000|100%|HS|  |TAMS 0x0000000081c00000, 0x0000000081c00000| Complete 
|   9|0x0000000081d00000, 0x0000000081e00000, 0x0000000081e00000|100%|HS|  |TAMS 0x0000000081d00000, 0x0000000081d00000| Complete 
|  10|0x0000000081e00000, 0x0000000081f00000, 0x0000000081f00000|100%|HS|  |TAMS 0x0000000081e00000, 0x0000000081e00000| Complete 
|  11|0x0000000081f00000, 0x0000000081f00000, 0x0000000082000000|  0%| F|  |TAMS 0x0000000081f00000, 0x0000000081f00000| Untracked 
|  12|0x0000000082000000, 0x0000000082000000, 0x0000000082100000|  0%| F|  |TAMS 0x0000000082000000, 0x0000000082000000| Untracked 
|  13|0x0000000082100000, 0x0000000082100000, 0x0000000082200000|  0%| F|  |TAMS 0x0000000082100000, 0x0000000082100000| Untracked 
|  14|0x0000000082200000, 0x0000000082200000, 0x0000000082300000|  0%| F|  |TAMS 0x0000000082200000, 0x0000000082200000| Untracked 
|  15|0x0000000082300000, 0x0000000082300000, 0x0000000082400000|  0%| F|  |TAMS 0x0000000082300000, 0x0000000082300000| Untracked 
|  16|0x0000000082400000, 0x0000000082400000, 0x0000000082500000|  0%| F|  |TAMS 0x0000000082400000, 0x0000000082400000| Untracked 
|  17|0x0000000082500000, 0x0000000082500000, 0x0000000082600000|  0%| F|  |TAMS 0x0000000082500000, 0x0000000082500000| Untracked 
|  18|0x0000000082600000, 0x0000000082600000, 0x0000000082700000|  0%| F|  |TAMS 0x0000000082600000, 0x0000000082600000| Untracked 
|  19|0x0000000082700000, 0x0000000082700000, 0x0000000082800000|  0%| F|  |TAMS 0x0000000082700000, 0x0000000082700000| Untracked 
|  20|0x0000000082800000, 0x0000000082800000, 0x0000000082900000|  0%| F|  |TAMS 0x0000000082800000, 0x0000000082800000| Untracked 
|  21|0x0000000082900000, 0x0000000082900000, 0x0000000082a00000|  0%| F|  |TAMS 0x0000000082900000, 0x0000000082900000| Untracked 
|  22|0x0000000082a00000, 0x0000000082a00000, 0x0000000082b00000|  0%| F|  |TAMS 0x0000000082a00000, 0x0000000082a00000| Untracked 
|  23|0x0000000082b00000, 0x0000000082b00000, 0x0000000082c00000|  0%| F|  |TAMS 0x0000000082b00000, 0x0000000082b00000| Untracked 
|  24|0x0000000082c00000, 0x0000000082c00000, 0x0000000082d00000|  0%| F|  |TAMS 0x0000000082c00000, 0x0000000082c00000| Untracked 
|  25|0x0000000082d00000, 0x0000000082d00000, 0x0000000082e00000|  0%| F|  |TAMS 0x0000000082d00000, 0x0000000082d00000| Untracked 
|  26|0x0000000082e00000, 0x0000000082e00000, 0x0000000082f00000|  0%| F|  |TAMS 0x0000000082e00000, 0x0000000082e00000| Untracked 
|  27|0x0000000082f00000, 0x0000000082f00000, 0x0000000083000000|  0%| F|  |TAMS 0x0000000082f00000, 0x0000000082f00000| Untracked 
|  28|0x0000000083000000, 0x0000000083000000, 0x0000000083100000|  0%| F|  |TAMS 0x0000000083000000, 0x0000000083000000| Untracked 
|  29|0x0000000083100000, 0x0000000083100000, 0x0000000083200000|  0%| F|  |TAMS 0x0000000083100000, 0x0000000083100000| Untracked 
|  30|0x0000000083200000, 0x0000000083200000, 0x0000000083300000|  0%| F|  |TAMS 0x0000000083200000, 0x0000000083200000| Untracked 
|  31|0x0000000083300000, 0x0000000083300000, 0x0000000083400000|  0%| F|  |TAMS 0x0000000083300000, 0x0000000083300000| Untracked 
|  32|0x0000000083400000, 0x0000000083400000, 0x0000000083500000|  0%| F|  |TAMS 0x0000000083400000, 0x0000000083400000| Untracked 
|  33|0x0000000083500000, 0x0000000083500000, 0x0000000083600000|  0%| F|  |TAMS 0x0000000083500000, 0x0000000083500000| Untracked 
|  34|0x0000000083600000, 0x0000000083600000, 0x0000000083700000|  0%| F|  |TAMS 0x0000000083600000, 0x0000000083600000| Untracked 
|  35|0x0000000083700000, 0x0000000083700000, 0x0000000083800000|  0%| F|  |TAMS 0x0000000083700000, 0x0000000083700000| Untracked 
|  36|0x0000000083800000, 0x0000000083800000, 0x0000000083900000|  0%| F|  |TAMS 0x0000000083800000, 0x0000000083800000| Untracked 
|  37|0x0000000083900000, 0x0000000083900000, 0x0000000083a00000|  0%| F|  |TAMS 0x0000000083900000, 0x0000000083900000| Untracked 
|  38|0x0000000083a00000, 0x0000000083a00000, 0x0000000083b00000|  0%| F|  |TAMS 0x0000000083a00000, 0x0000000083a00000| Untracked 
|  39|0x0000000083b00000, 0x0000000083b00000, 0x0000000083c00000|  0%| F|  |TAMS 0x0000000083b00000, 0x0000000083b00000| Untracked 
|  40|0x0000000083c00000, 0x0000000083c00000, 0x0000000083d00000|  0%| F|  |TAMS 0x0000000083c00000, 0x0000000083c00000| Untracked 
|  41|0x0000000083d00000, 0x0000000083d00000, 0x0000000083e00000|  0%| F|  |TAMS 0x0000000083d00000, 0x0000000083d00000| Untracked 
|  42|0x0000000083e00000, 0x0000000083e00000, 0x0000000083f00000|  0%| F|  |TAMS 0x0000000083e00000, 0x0000000083e00000| Untracked 
|  43|0x0000000083f00000, 0x0000000083f00000, 0x0000000084000000|  0%| F|  |TAMS 0x0000000083f00000, 0x0000000083f00000| Untracked 
|  44|0x0000000084000000, 0x0000000084000000, 0x0000000084100000|  0%| F|  |TAMS 0x0000000084000000, 0x0000000084000000| Untracked 
|  45|0x0000000084100000, 0x0000000084100000, 0x0000000084200000|  0%| F|  |TAMS 0x0000000084100000, 0x0000000084100000| Untracked 
|  46|0x0000000084200000, 0x0000000084200000, 0x0000000084300000|  0%| F|  |TAMS 0x0000000084200000, 0x0000000084200000| Untracked 
|  47|0x0000000084300000, 0x0000000084300000, 0x0000000084400000|  0%| F|  |TAMS 0x0000000084300000, 0x0000000084300000| Untracked 
|  48|0x0000000084400000, 0x0000000084400000, 0x0000000084500000|  0%| F|  |TAMS 0x0000000084400000, 0x0000000084400000| Untracked 
|  49|0x0000000084500000, 0x0000000084500000, 0x0000000084600000|  0%| F|  |TAMS 0x0000000084500000, 0x0000000084500000| Untracked 
|  50|0x0000000084600000, 0x0000000084600000, 0x0000000084700000|  0%| F|  |TAMS 0x0000000084600000, 0x0000000084600000| Untracked 
|  51|0x0000000084700000, 0x0000000084700000, 0x0000000084800000|  0%| F|  |TAMS 0x0000000084700000, 0x0000000084700000| Untracked 
|  52|0x0000000084800000, 0x0000000084800000, 0x0000000084900000|  0%| F|  |TAMS 0x0000000084800000, 0x0000000084800000| Untracked 
|  53|0x0000000084900000, 0x0000000084900000, 0x0000000084a00000|  0%| F|  |TAMS 0x0000000084900000, 0x0000000084900000| Untracked 
|  54|0x0000000084a00000, 0x0000000084a00000, 0x0000000084b00000|  0%| F|  |TAMS 0x0000000084a00000, 0x0000000084a00000| Untracked 
|  55|0x0000000084b00000, 0x0000000084b00000, 0x0000000084c00000|  0%| F|  |TAMS 0x0000000084b00000, 0x0000000084b00000| Untracked 
|  56|0x0000000084c00000, 0x0000000084c00000, 0x0000000084d00000|  0%| F|  |TAMS 0x0000000084c00000, 0x0000000084c00000| Untracked 
|  57|0x0000000084d00000, 0x0000000084d00000, 0x0000000084e00000|  0%| F|  |TAMS 0x0000000084d00000, 0x0000000084d00000| Untracked 
|  58|0x0000000084e00000, 0x0000000084e5f6e8, 0x0000000084f00000| 37%| S|CS|TAMS 0x0000000084e00000, 0x0000000084e00000| Complete 
|  59|0x0000000084f00000, 0x0000000085000000, 0x0000000085000000|100%| S|CS|TAMS 0x0000000084f00000, 0x0000000084f00000| Complete 
|  60|0x0000000085000000, 0x0000000085100000, 0x0000000085100000|100%| S|CS|TAMS 0x0000000085000000, 0x0000000085000000| Complete 
|  61|0x0000000085100000, 0x0000000085200000, 0x0000000085200000|100%| S|CS|TAMS 0x0000000085100000, 0x0000000085100000| Complete 
|  62|0x0000000085200000, 0x0000000085200000, 0x0000000085300000|  0%| F|  |TAMS 0x0000000085200000, 0x0000000085200000| Untracked 
|  63|0x0000000085300000, 0x0000000085300000, 0x0000000085400000|  0%| F|  |TAMS 0x0000000085300000, 0x0000000085300000| Untracked 
|  64|0x0000000085400000, 0x0000000085400000, 0x0000000085500000|  0%| F|  |TAMS 0x0000000085400000, 0x0000000085400000| Untracked 
|  65|0x0000000085500000, 0x0000000085500000, 0x0000000085600000|  0%| F|  |TAMS 0x0000000085500000, 0x0000000085500000| Untracked 
|  66|0x0000000085600000, 0x0000000085600000, 0x0000000085700000|  0%| F|  |TAMS 0x0000000085600000, 0x0000000085600000| Untracked 
|  67|0x0000000085700000, 0x0000000085700000, 0x0000000085800000|  0%| F|  |TAMS 0x0000000085700000, 0x0000000085700000| Untracked 
|  68|0x0000000085800000, 0x0000000085800000, 0x0000000085900000|  0%| F|  |TAMS 0x0000000085800000, 0x0000000085800000| Untracked 
|  69|0x0000000085900000, 0x0000000085900000, 0x0000000085a00000|  0%| F|  |TAMS 0x0000000085900000, 0x0000000085900000| Untracked 
|  70|0x0000000085a00000, 0x0000000085a00000, 0x0000000085b00000|  0%| F|  |TAMS 0x0000000085a00000, 0x0000000085a00000| Untracked 
|  71|0x0000000085b00000, 0x0000000085b00000, 0x0000000085c00000|  0%| F|  |TAMS 0x0000000085b00000, 0x0000000085b00000| Untracked 
|  72|0x0000000085c00000, 0x0000000085c00000, 0x0000000085d00000|  0%| F|  |TAMS 0x0000000085c00000, 0x0000000085c00000| Untracked 
|  73|0x0000000085d00000, 0x0000000085d00000, 0x0000000085e00000|  0%| F|  |TAMS 0x0000000085d00000, 0x0000000085d00000| Untracked 
|  74|0x0000000085e00000, 0x0000000085e00000, 0x0000000085f00000|  0%| F|  |TAMS 0x0000000085e00000, 0x0000000085e00000| Untracked 
|  75|0x0000000085f00000, 0x0000000085f00000, 0x0000000086000000|  0%| F|  |TAMS 0x0000000085f00000, 0x0000000085f00000| Untracked 
|  76|0x0000000086000000, 0x0000000086000000, 0x0000000086100000|  0%| F|  |TAMS 0x0000000086000000, 0x0000000086000000| Untracked 
|  77|0x0000000086100000, 0x0000000086100000, 0x0000000086200000|  0%| F|  |TAMS 0x0000000086100000, 0x0000000086100000| Untracked 
|  78|0x0000000086200000, 0x0000000086200000, 0x0000000086300000|  0%| F|  |TAMS 0x0000000086200000, 0x0000000086200000| Untracked 
|  79|0x0000000086300000, 0x0000000086300000, 0x0000000086400000|  0%| F|  |TAMS 0x0000000086300000, 0x0000000086300000| Untracked 
|  80|0x0000000086400000, 0x0000000086400000, 0x0000000086500000|  0%| F|  |TAMS 0x0000000086400000, 0x0000000086400000| Untracked 
|  81|0x0000000086500000, 0x0000000086500000, 0x0000000086600000|  0%| F|  |TAMS 0x0000000086500000, 0x0000000086500000| Untracked 
|  82|0x0000000086600000, 0x0000000086600000, 0x0000000086700000|  0%| F|  |TAMS 0x0000000086600000, 0x0000000086600000| Untracked 
|  83|0x0000000086700000, 0x0000000086700000, 0x0000000086800000|  0%| F|  |TAMS 0x0000000086700000, 0x0000000086700000| Untracked 
|  84|0x0000000086800000, 0x0000000086800000, 0x0000000086900000|  0%| F|  |TAMS 0x0000000086800000, 0x0000000086800000| Untracked 
|  85|0x0000000086900000, 0x0000000086900000, 0x0000000086a00000|  0%| F|  |TAMS 0x0000000086900000, 0x0000000086900000| Untracked 
|  86|0x0000000086a00000, 0x0000000086a00000, 0x0000000086b00000|  0%| F|  |TAMS 0x0000000086a00000, 0x0000000086a00000| Untracked 
|  87|0x0000000086b00000, 0x0000000086b00000, 0x0000000086c00000|  0%| F|  |TAMS 0x0000000086b00000, 0x0000000086b00000| Untracked 
|  88|0x0000000086c00000, 0x0000000086c00000, 0x0000000086d00000|  0%| F|  |TAMS 0x0000000086c00000, 0x0000000086c00000| Untracked 
|  89|0x0000000086d00000, 0x0000000086d00000, 0x0000000086e00000|  0%| F|  |TAMS 0x0000000086d00000, 0x0000000086d00000| Untracked 
|  90|0x0000000086e00000, 0x0000000086e00000, 0x0000000086f00000|  0%| F|  |TAMS 0x0000000086e00000, 0x0000000086e00000| Untracked 
|  91|0x0000000086f00000, 0x0000000086f00000, 0x0000000087000000|  0%| F|  |TAMS 0x0000000086f00000, 0x0000000086f00000| Untracked 
|  92|0x0000000087000000, 0x0000000087000000, 0x0000000087100000|  0%| F|  |TAMS 0x0000000087000000, 0x0000000087000000| Untracked 
|  93|0x0000000087100000, 0x0000000087100000, 0x0000000087200000|  0%| F|  |TAMS 0x0000000087100000, 0x0000000087100000| Untracked 
|  94|0x0000000087200000, 0x0000000087200000, 0x0000000087300000|  0%| F|  |TAMS 0x0000000087200000, 0x0000000087200000| Untracked 
|  95|0x0000000087300000, 0x0000000087300000, 0x0000000087400000|  0%| F|  |TAMS 0x0000000087300000, 0x0000000087300000| Untracked 
|  96|0x0000000087400000, 0x0000000087400000, 0x0000000087500000|  0%| F|  |TAMS 0x0000000087400000, 0x0000000087400000| Untracked 
|  97|0x0000000087500000, 0x0000000087580800, 0x0000000087600000| 50%| E|  |TAMS 0x0000000087500000, 0x0000000087500000| Complete 
|  98|0x0000000087600000, 0x0000000087700000, 0x0000000087700000|100%| E|CS|TAMS 0x0000000087600000, 0x0000000087600000| Complete 
|  99|0x0000000087700000, 0x0000000087800000, 0x0000000087800000|100%| E|CS|TAMS 0x0000000087700000, 0x0000000087700000| Complete 
| 100|0x0000000087800000, 0x0000000087900000, 0x0000000087900000|100%| E|CS|TAMS 0x0000000087800000, 0x0000000087800000| Complete 
| 101|0x0000000087900000, 0x0000000087a00000, 0x0000000087a00000|100%| E|CS|TAMS 0x0000000087900000, 0x0000000087900000| Complete 
| 102|0x0000000087a00000, 0x0000000087b00000, 0x0000000087b00000|100%| E|CS|TAMS 0x0000000087a00000, 0x0000000087a00000| Complete 
| 103|0x0000000087b00000, 0x0000000087c00000, 0x0000000087c00000|100%| E|CS|TAMS 0x0000000087b00000, 0x0000000087b00000| Complete 
| 104|0x0000000087c00000, 0x0000000087d00000, 0x0000000087d00000|100%| E|CS|TAMS 0x0000000087c00000, 0x0000000087c00000| Complete 
| 105|0x0000000087d00000, 0x0000000087e00000, 0x0000000087e00000|100%| E|CS|TAMS 0x0000000087d00000, 0x0000000087d00000| Complete 
| 106|0x0000000087e00000, 0x0000000087f00000, 0x0000000087f00000|100%| E|CS|TAMS 0x0000000087e00000, 0x0000000087e00000| Complete 
| 107|0x0000000087f00000, 0x0000000088000000, 0x0000000088000000|100%| E|CS|TAMS 0x0000000087f00000, 0x0000000087f00000| Complete 
| 108|0x0000000088000000, 0x0000000088100000, 0x0000000088100000|100%| E|CS|TAMS 0x0000000088000000, 0x0000000088000000| Complete 
| 109|0x0000000088100000, 0x0000000088200000, 0x0000000088200000|100%| E|CS|TAMS 0x0000000088100000, 0x0000000088100000| Complete 
| 110|0x0000000088200000, 0x0000000088300000, 0x0000000088300000|100%| E|CS|TAMS 0x0000000088200000, 0x0000000088200000| Complete 
| 111|0x0000000088300000, 0x0000000088400000, 0x0000000088400000|100%| E|CS|TAMS 0x0000000088300000, 0x0000000088300000| Complete 
| 112|0x0000000088400000, 0x0000000088500000, 0x0000000088500000|100%| E|CS|TAMS 0x0000000088400000, 0x0000000088400000| Complete 
| 113|0x0000000088500000, 0x0000000088600000, 0x0000000088600000|100%| E|CS|TAMS 0x0000000088500000, 0x0000000088500000| Complete 
| 114|0x0000000088600000, 0x0000000088700000, 0x0000000088700000|100%| E|CS|TAMS 0x0000000088600000, 0x0000000088600000| Complete 
| 115|0x0000000088700000, 0x0000000088800000, 0x0000000088800000|100%| E|CS|TAMS 0x0000000088700000, 0x0000000088700000| Complete 
| 116|0x0000000088800000, 0x0000000088900000, 0x0000000088900000|100%| E|CS|TAMS 0x0000000088800000, 0x0000000088800000| Complete 
| 117|0x0000000088900000, 0x0000000088a00000, 0x0000000088a00000|100%| E|CS|TAMS 0x0000000088900000, 0x0000000088900000| Complete 
| 118|0x0000000088a00000, 0x0000000088b00000, 0x0000000088b00000|100%| E|CS|TAMS 0x0000000088a00000, 0x0000000088a00000| Complete 
| 119|0x0000000088b00000, 0x0000000088c00000, 0x0000000088c00000|100%| E|CS|TAMS 0x0000000088b00000, 0x0000000088b00000| Complete 
| 120|0x0000000088c00000, 0x0000000088d00000, 0x0000000088d00000|100%| E|CS|TAMS 0x0000000088c00000, 0x0000000088c00000| Complete 
| 121|0x0000000088d00000, 0x0000000088e00000, 0x0000000088e00000|100%| E|CS|TAMS 0x0000000088d00000, 0x0000000088d00000| Complete 
| 122|0x0000000088e00000, 0x0000000088f00000, 0x0000000088f00000|100%| E|CS|TAMS 0x0000000088e00000, 0x0000000088e00000| Complete 
| 123|0x0000000088f00000, 0x0000000089000000, 0x0000000089000000|100%| E|CS|TAMS 0x0000000088f00000, 0x0000000088f00000| Complete 
| 124|0x0000000089000000, 0x0000000089100000, 0x0000000089100000|100%| E|CS|TAMS 0x0000000089000000, 0x0000000089000000| Complete 
| 125|0x0000000089100000, 0x0000000089200000, 0x0000000089200000|100%| E|CS|TAMS 0x0000000089100000, 0x0000000089100000| Complete 
| 126|0x0000000089200000, 0x0000000089300000, 0x0000000089300000|100%| E|CS|TAMS 0x0000000089200000, 0x0000000089200000| Complete 
| 127|0x0000000089300000, 0x0000000089400000, 0x0000000089400000|100%| E|CS|TAMS 0x0000000089300000, 0x0000000089300000| Complete 
| 128|0x0000000089400000, 0x0000000089500000, 0x0000000089500000|100%| E|CS|TAMS 0x0000000089400000, 0x0000000089400000| Complete 
| 129|0x0000000089500000, 0x0000000089600000, 0x0000000089600000|100%| E|CS|TAMS 0x0000000089500000, 0x0000000089500000| Complete 
| 130|0x0000000089600000, 0x0000000089700000, 0x0000000089700000|100%| E|CS|TAMS 0x0000000089600000, 0x0000000089600000| Complete 
| 131|0x0000000089700000, 0x0000000089800000, 0x0000000089800000|100%| E|CS|TAMS 0x0000000089700000, 0x0000000089700000| Complete 
| 132|0x0000000089800000, 0x0000000089900000, 0x0000000089900000|100%| E|CS|TAMS 0x0000000089800000, 0x0000000089800000| Complete 
| 133|0x0000000089900000, 0x0000000089a00000, 0x0000000089a00000|100%| E|CS|TAMS 0x0000000089900000, 0x0000000089900000| Complete 
| 134|0x0000000089a00000, 0x0000000089b00000, 0x0000000089b00000|100%| E|CS|TAMS 0x0000000089a00000, 0x0000000089a00000| Complete 
| 135|0x0000000089b00000, 0x0000000089c00000, 0x0000000089c00000|100%| E|CS|TAMS 0x0000000089b00000, 0x0000000089b00000| Complete 
| 136|0x0000000089c00000, 0x0000000089d00000, 0x0000000089d00000|100%| E|CS|TAMS 0x0000000089c00000, 0x0000000089c00000| Complete 
| 137|0x0000000089d00000, 0x0000000089e00000, 0x0000000089e00000|100%| E|CS|TAMS 0x0000000089d00000, 0x0000000089d00000| Complete 
| 138|0x0000000089e00000, 0x0000000089f00000, 0x0000000089f00000|100%| E|CS|TAMS 0x0000000089e00000, 0x0000000089e00000| Complete 
| 139|0x0000000089f00000, 0x000000008a000000, 0x000000008a000000|100%| E|CS|TAMS 0x0000000089f00000, 0x0000000089f00000| Complete 
| 140|0x000000008a000000, 0x000000008a100000, 0x000000008a100000|100%| E|CS|TAMS 0x000000008a000000, 0x000000008a000000| Complete 
| 141|0x000000008a100000, 0x000000008a200000, 0x000000008a200000|100%| E|CS|TAMS 0x000000008a100000, 0x000000008a100000| Complete 
| 142|0x000000008a200000, 0x000000008a300000, 0x000000008a300000|100%| E|CS|TAMS 0x000000008a200000, 0x000000008a200000| Complete 
| 143|0x000000008a300000, 0x000000008a400000, 0x000000008a400000|100%| E|CS|TAMS 0x000000008a300000, 0x000000008a300000| Complete 
| 144|0x000000008a400000, 0x000000008a500000, 0x000000008a500000|100%| E|CS|TAMS 0x000000008a400000, 0x000000008a400000| Complete 
| 145|0x000000008a500000, 0x000000008a600000, 0x000000008a600000|100%| E|CS|TAMS 0x000000008a500000, 0x000000008a500000| Complete 
| 146|0x000000008a600000, 0x000000008a700000, 0x000000008a700000|100%| E|CS|TAMS 0x000000008a600000, 0x000000008a600000| Complete 
| 147|0x000000008a700000, 0x000000008a800000, 0x000000008a800000|100%| E|CS|TAMS 0x000000008a700000, 0x000000008a700000| Complete 
| 148|0x000000008a800000, 0x000000008a900000, 0x000000008a900000|100%| E|CS|TAMS 0x000000008a800000, 0x000000008a800000| Complete 
| 149|0x000000008a900000, 0x000000008aa00000, 0x000000008aa00000|100%| E|CS|TAMS 0x000000008a900000, 0x000000008a900000| Complete 
| 150|0x000000008aa00000, 0x000000008ab00000, 0x000000008ab00000|100%| E|CS|TAMS 0x000000008aa00000, 0x000000008aa00000| Complete 
| 151|0x000000008ab00000, 0x000000008ac00000, 0x000000008ac00000|100%| E|CS|TAMS 0x000000008ab00000, 0x000000008ab00000| Complete 
| 152|0x000000008ac00000, 0x000000008ad00000, 0x000000008ad00000|100%| E|CS|TAMS 0x000000008ac00000, 0x000000008ac00000| Complete 
| 153|0x000000008ad00000, 0x000000008ae00000, 0x000000008ae00000|100%| E|CS|TAMS 0x000000008ad00000, 0x000000008ad00000| Complete 

Card table byte_map: [0x0000023600930000,0x0000023600d30000] _byte_map_base: 0x0000023600526000

Marking Bits (Prev, Next): (CMBitMap*) 0x0000023668b61ee0, (CMBitMap*) 0x0000023668b61ea8
 Prev Bits: [0x00000236030e0000, 0x0000023605090000)
 Next Bits: [0x0000023601130000, 0x00000236030e0000)

Polling page: 0x00000236672b0000

Metaspace:

Usage:
  Non-class:     28.55 MB capacity,    28.21 MB ( 99%) used,   276.70 KB ( <1%) free+waste,    73.13 KB ( <1%) overhead. 
      Class:      3.81 MB capacity,     3.53 MB ( 93%) used,   252.44 KB (  6%) free+waste,    35.44 KB ( <1%) overhead. 
       Both:     32.36 MB capacity,    31.74 MB ( 98%) used,   529.13 KB (  2%) free+waste,   108.56 KB ( <1%) overhead. 

Virtual space:
  Non-class space:       30.00 MB reserved,      28.75 MB ( 96%) committed 
      Class space:        1.00 GB reserved,       3.88 MB ( <1%) committed 
             Both:        1.03 GB reserved,      32.63 MB (  3%) committed 

Chunk freelists:
   Non-Class:  1.75 KB
       Class:  384 bytes
        Both:  2.13 KB

CodeHeap 'non-profiled nmethods': size=120064Kb used=1829Kb max_used=1829Kb free=118234Kb
 bounds [0x0000023678920000, 0x0000023678b90000, 0x000002367fe60000]
CodeHeap 'profiled nmethods': size=120000Kb used=8847Kb max_used=8847Kb free=111152Kb
 bounds [0x00000236713f0000, 0x0000023671ca0000, 0x0000023678920000]
CodeHeap 'non-nmethods': size=5696Kb used=1322Kb max_used=1360Kb free=4373Kb
 bounds [0x0000023670e60000, 0x00000236710d0000, 0x00000236713f0000]
 total_blobs=5572 nmethods=4014 adapters=659
 compilation: enabled
              stopped_count=0, restarted_count=0
 full_count=0

Compilation events (10 events):
Event: 13.853 Thread 0x00000236076b0000 4194       3       java.util.regex.Pattern$BmpCharPredicate::lambda$union$2 (26 bytes)
Event: 13.853 Thread 0x00000236076b0000 nmethod 4194 0x0000023671c94890 code [0x0000023671c94a60, 0x0000023671c94de0]
Event: 13.853 Thread 0x00000236076b0000 4191       3       java.lang.StackFrameInfo::<init> (43 bytes)
Event: 13.854 Thread 0x00000236076b0000 nmethod 4191 0x0000023671c94f10 code [0x0000023671c95100, 0x0000023671c95518]
Event: 13.854 Thread 0x00000236076b0000 4192       3       java.lang.invoke.MethodHandleImpl$1::newMemberName (8 bytes)
Event: 13.854 Thread 0x00000236076b0000 nmethod 4192 0x0000023671c95690 code [0x0000023671c95860, 0x0000023671c95ad8]
Event: 13.854 Thread 0x00000236076b0000 4195       1       java.util.Formatter$FixedString::index (3 bytes)
Event: 13.854 Thread 0x00000236076b0000 nmethod 4195 0x0000023678ae9990 code [0x0000023678ae9b40, 0x0000023678ae9c58]
Event: 13.854 Thread 0x00000236076b0000 4196       1       javax.swing.text.DefaultCaret::getDot (5 bytes)
Event: 13.854 Thread 0x00000236076b0000 nmethod 4196 0x0000023678ae9d10 code [0x0000023678ae9ec0, 0x0000023678ae9fd8]

GC Heap History (10 events):
Event: 0.771 GC heap before
{Heap before GC invocations=0 (full 0):
 garbage-first heap   total 131072K, used 13312K [0x0000000081400000, 0x0000000100000000)
  region size 1024K, 14 young (14336K), 0 survivors (0K)
 Metaspace       used 17972K, capacity 18443K, committed 18560K, reserved 1064960K
  class space    used 1963K, capacity 2157K, committed 2176K, reserved 1048576K
}
Event: 0.777 GC heap after
{Heap after GC invocations=1 (full 0):
 garbage-first heap   total 131072K, used 3673K [0x0000000081400000, 0x0000000100000000)
  region size 1024K, 2 young (2048K), 2 survivors (2048K)
 Metaspace       used 17972K, capacity 18443K, committed 18560K, reserved 1064960K
  class space    used 1963K, capacity 2157K, committed 2176K, reserved 1048576K
}
Event: 0.941 GC heap before
{Heap before GC invocations=1 (full 0):
 garbage-first heap   total 131072K, used 7769K [0x0000000081400000, 0x0000000100000000)
  region size 1024K, 7 young (7168K), 2 survivors (2048K)
 Metaspace       used 20757K, capacity 21187K, committed 21248K, reserved 1069056K
  class space    used 2303K, capacity 2517K, committed 2560K, reserved 1048576K
}
Event: 0.946 GC heap after
{Heap after GC invocations=2 (full 0):
 garbage-first heap   total 131072K, used 4875K [0x0000000081400000, 0x0000000100000000)
  region size 1024K, 4 young (4096K), 4 survivors (4096K)
 Metaspace       used 20757K, capacity 21187K, committed 21248K, reserved 1069056K
  class space    used 2303K, capacity 2517K, committed 2560K, reserved 1048576K
}
Event: 1.090 GC heap before
{Heap before GC invocations=3 (full 0):
 garbage-first heap   total 131072K, used 11019K [0x0000000081400000, 0x0000000100000000)
  region size 1024K, 10 young (10240K), 4 survivors (4096K)
 Metaspace       used 23677K, capacity 24159K, committed 24448K, reserved 1071104K
  class space    used 2638K, capacity 2849K, committed 2944K, reserved 1048576K
}
Event: 1.096 GC heap after
{Heap after GC invocations=4 (full 0):
 garbage-first heap   total 131072K, used 6372K [0x0000000081400000, 0x0000000100000000)
  region size 1024K, 2 young (2048K), 2 survivors (2048K)
 Metaspace       used 23677K, capacity 24159K, committed 24448K, reserved 1071104K
  class space    used 2638K, capacity 2849K, committed 2944K, reserved 1048576K
}
Event: 1.556 GC heap before
{Heap before GC invocations=4 (full 0):
 garbage-first heap   total 131072K, used 49380K [0x0000000081400000, 0x0000000100000000)
  region size 1024K, 44 young (45056K), 2 survivors (2048K)
 Metaspace       used 25904K, capacity 26365K, committed 26496K, reserved 1073152K
  class space    used 2952K, capacity 3178K, committed 3200K, reserved 1048576K
}
Event: 1.559 GC heap after
{Heap after GC invocations=5 (full 0):
 garbage-first heap   total 131072K, used 7942K [0x0000000081400000, 0x0000000100000000)
  region size 1024K, 4 young (4096K), 4 survivors (4096K)
 Metaspace       used 25904K, capacity 26365K, committed 26496K, reserved 1073152K
  class space    used 2952K, capacity 3178K, committed 3200K, reserved 1048576K
}
Event: 1.752 GC heap before
{Heap before GC invocations=5 (full 0):
 garbage-first heap   total 131072K, used 71430K [0x0000000081400000, 0x0000000100000000)
  region size 1024K, 66 young (67584K), 4 survivors (4096K)
 Metaspace       used 25992K, capacity 26445K, committed 26496K, reserved 1073152K
  class space    used 2957K, capacity 3181K, committed 3200K, reserved 1048576K
}
Event: 1.756 GC heap after
{Heap after GC invocations=6 (full 0):
 garbage-first heap   total 157696K, used 8170K [0x0000000081400000, 0x0000000100000000)
  region size 1024K, 4 young (4096K), 4 survivors (4096K)
 Metaspace       used 25992K, capacity 26445K, committed 26496K, reserved 1073152K
  class space    used 2957K, capacity 3181K, committed 3200K, reserved 1048576K
}

Deoptimization events (10 events):
Event: 2.682 Thread 0x0000023609b3f800 Uncommon trap: reason=class_check action=maybe_recompile pc=0x0000023678a289a4 method=javax.swing.UIDefaults.getFromHashtable(Ljava/lang/Object;)Ljava/lang/Object; @ 122 c2
Event: 2.704 Thread 0x0000023609b3f800 Uncommon trap: reason=unstable_if action=reinterpret pc=0x0000023678a7117c method=java.util.LinkedHashMap.get(Ljava/lang/Object;)Ljava/lang/Object; @ 20 c2
Event: 2.777 Thread 0x0000023609b3f800 Uncommon trap: reason=class_check action=maybe_recompile pc=0x0000023678a289a4 method=javax.swing.UIDefaults.getFromHashtable(Ljava/lang/Object;)Ljava/lang/Object; @ 122 c2
Event: 2.827 Thread 0x0000023609b3f800 Uncommon trap: reason=unstable_if action=reinterpret pc=0x0000023678a7d988 method=java.awt.MultipleGradientPaintContext.indexIntoGradientsArrays(F)I @ 93 c2
Event: 3.940 Thread 0x0000023609b3f800 Uncommon trap: reason=bimorphic_or_optimized_type_check action=maybe_recompile pc=0x0000023678ab62ec method=java.util.concurrent.locks.AbstractQueuedSynchronizer.release(I)Z @ 2 c2
Event: 3.942 Thread 0x0000023609b3f800 Uncommon trap: reason=bimorphic_or_optimized_type_check action=maybe_recompile pc=0x0000023678ab62ec method=java.util.concurrent.locks.AbstractQueuedSynchronizer.release(I)Z @ 2 c2
Event: 3.965 Thread 0x0000023609b3f800 Uncommon trap: reason=bimorphic_or_optimized_type_check action=maybe_recompile pc=0x0000023678ab62ec method=java.util.concurrent.locks.AbstractQueuedSynchronizer.release(I)Z @ 2 c2
Event: 4.344 Thread 0x0000023609b3f800 Uncommon trap: reason=bimorphic_or_optimized_type_check action=maybe_recompile pc=0x0000023678ab62ec method=java.util.concurrent.locks.AbstractQueuedSynchronizer.release(I)Z @ 2 c2
Event: 6.655 Thread 0x0000023609b3f800 Uncommon trap: reason=unstable_if action=reinterpret pc=0x00000236789827f8 method=java.util.Objects.equals(Ljava/lang/Object;Ljava/lang/Object;)Z @ 6 c2
Event: 12.796 Thread 0x0000023609b3f800 Uncommon trap: reason=unstable_if action=reinterpret pc=0x0000023678ad32cc method=sun.java2d.marlin.MarlinTileGenerator.getAlphaRLE([BII)V @ 1360 c2

Classes redefined (0 events):
No events

Internal exceptions (10 events):
Event: 2.916 Thread 0x0000023609b3f800 Exception <a 'java/io/IOException'{0x000000008797c978}> (0x000000008797c978) thrown at [t:/workspace/open/src/hotspot/share/prims/jni.cpp, line 615]
Event: 2.916 Thread 0x0000023609b3f800 Exception <a 'java/io/IOException'{0x000000008797cf30}> (0x000000008797cf30) thrown at [t:/workspace/open/src/hotspot/share/prims/jni.cpp, line 615]
Event: 2.918 Thread 0x0000023609b3f800 Exception <a 'java/io/IOException'{0x0000000087801d40}> (0x0000000087801d40) thrown at [t:/workspace/open/src/hotspot/share/prims/jni.cpp, line 615]
Event: 2.918 Thread 0x0000023609b3f800 Exception <a 'java/io/IOException'{0x00000000878022f8}> (0x00000000878022f8) thrown at [t:/workspace/open/src/hotspot/share/prims/jni.cpp, line 615]
Event: 13.852 Thread 0x0000023609b3f800 Exception <a 'java/io/IOException'{0x000000008752dfd8}> (0x000000008752dfd8) thrown at [t:/workspace/open/src/hotspot/share/prims/jni.cpp, line 615]
Event: 13.852 Thread 0x0000023609b3f800 Exception <a 'java/io/IOException'{0x000000008752e590}> (0x000000008752e590) thrown at [t:/workspace/open/src/hotspot/share/prims/jni.cpp, line 615]
Event: 13.853 Thread 0x0000023609b3f800 Exception <a 'java/io/IOException'{0x0000000087532398}> (0x0000000087532398) thrown at [t:/workspace/open/src/hotspot/share/prims/jni.cpp, line 615]
Event: 13.853 Thread 0x0000023609b3f800 Exception <a 'java/io/IOException'{0x0000000087532950}> (0x0000000087532950) thrown at [t:/workspace/open/src/hotspot/share/prims/jni.cpp, line 615]
Event: 13.853 Thread 0x0000023609b3f800 Exception <a 'java/io/IOException'{0x0000000087536160}> (0x0000000087536160) thrown at [t:/workspace/open/src/hotspot/share/prims/jni.cpp, line 615]
Event: 13.853 Thread 0x0000023609b3f800 Exception <a 'java/io/IOException'{0x0000000087536718}> (0x0000000087536718) thrown at [t:/workspace/open/src/hotspot/share/prims/jni.cpp, line 615]

Events (10 events):
Event: 12.799 loading class sun/awt/UngrabEvent
Event: 12.799 loading class sun/awt/UngrabEvent done
Event: 13.177 loading class javax/swing/plaf/basic/BasicPopupMenuUI$MouseGrabber$2
Event: 13.177 loading class javax/swing/plaf/basic/BasicPopupMenuUI$MouseGrabber$2 done
Event: 13.854 loading class jssc/SerialPortTimeoutException
Event: 13.854 loading class jssc/SerialPortTimeoutException done
Event: 13.854 loading class jssc/SerialPort$EventThread
Event: 13.854 loading class jssc/SerialPort$EventThread done
Event: 13.854 loading class jssc/SerialPort$LinuxEventThread
Event: 13.854 loading class jssc/SerialPort$LinuxEventThread done


Dynamic libraries:
0x00007ff6865d0000 - 0x00007ff686617000 	C:\Program Files\Java\jdk-11.0.2\bin\javaw.exe
0x00007ffeb7930000 - 0x00007ffeb7b28000 	C:\WINDOWS\SYSTEM32\ntdll.dll
0x00007ffeb7800000 - 0x00007ffeb78bd000 	C:\WINDOWS\System32\KERNEL32.DLL
0x00007ffeb5150000 - 0x00007ffeb5446000 	C:\WINDOWS\System32\KERNELBASE.dll
0x00007ffeb68e0000 - 0x00007ffeb698e000 	C:\WINDOWS\System32\ADVAPI32.dll
0x00007ffeb6ba0000 - 0x00007ffeb6c3e000 	C:\WINDOWS\System32\msvcrt.dll
0x00007ffeb6fa0000 - 0x00007ffeb703c000 	C:\WINDOWS\System32\sechost.dll
0x00007ffeb5960000 - 0x00007ffeb5a86000 	C:\WINDOWS\System32\RPCRT4.dll
0x00007ffeb69f0000 - 0x00007ffeb6b8e000 	C:\WINDOWS\System32\USER32.dll
0x00007ffeb5450000 - 0x00007ffeb5472000 	C:\WINDOWS\System32\win32u.dll
0x00007ffeb68b0000 - 0x00007ffeb68dc000 	C:\WINDOWS\System32\GDI32.dll
0x00007ffeb54f0000 - 0x00007ffeb560a000 	C:\WINDOWS\System32\gdi32full.dll
0x00007ffeb58c0000 - 0x00007ffeb595d000 	C:\WINDOWS\System32\msvcp_win.dll
0x00007ffeb5770000 - 0x00007ffeb5870000 	C:\WINDOWS\System32\ucrtbase.dll
0x00007ffea0aa0000 - 0x00007ffea0d3a000 	C:\WINDOWS\WinSxS\amd64_microsoft.windows.common-controls_6595b64144ccf1df_6.0.19041.1110_none_60b5254171f9507e\COMCTL32.dll
0x00007ffead930000 - 0x00007ffead93a000 	C:\WINDOWS\SYSTEM32\VERSION.dll
0x00007ffeb6180000 - 0x00007ffeb61b0000 	C:\WINDOWS\System32\IMM32.DLL
0x00007ffeb0ae0000 - 0x00007ffeb0af6000 	C:\Program Files\Java\jdk-11.0.2\bin\vcruntime140.dll
0x00007ffea92a0000 - 0x00007ffea934a000 	C:\Program Files\Java\jdk-11.0.2\bin\msvcp140.dll
0x00007ffe7b520000 - 0x00007ffe7c047000 	C:\Program Files\Java\jdk-11.0.2\bin\server\jvm.dll
0x00007ffeb6b90000 - 0x00007ffeb6b98000 	C:\WINDOWS\System32\PSAPI.DLL
0x00007ffe99190000 - 0x00007ffe99199000 	C:\WINDOWS\SYSTEM32\WSOCK32.dll
0x00007ffeaa690000 - 0x00007ffeaa6b7000 	C:\WINDOWS\SYSTEM32\WINMM.dll
0x00007ffeb6520000 - 0x00007ffeb658b000 	C:\WINDOWS\System32\WS2_32.dll
0x00007ffeb2e90000 - 0x00007ffeb2ea2000 	C:\WINDOWS\SYSTEM32\kernel.appcore.dll
0x00007ffeae670000 - 0x00007ffeae681000 	C:\Program Files\Java\jdk-11.0.2\bin\verify.dll
0x00007ffea8020000 - 0x00007ffea8204000 	C:\WINDOWS\SYSTEM32\DBGHELP.DLL
0x00007ffea7a10000 - 0x00007ffea7a44000 	C:\WINDOWS\SYSTEM32\dbgcore.DLL
0x00007ffeb4fe0000 - 0x00007ffeb5062000 	C:\WINDOWS\System32\bcryptPrimitives.dll
0x00007ffeae580000 - 0x00007ffeae5a9000 	C:\Program Files\Java\jdk-11.0.2\bin\java.dll
0x00007ffeae560000 - 0x00007ffeae576000 	C:\Program Files\Java\jdk-11.0.2\bin\zip.dll
0x00007ffeb2800000 - 0x00007ffeb280a000 	C:\Program Files\Java\jdk-11.0.2\bin\jimage.dll
0x00007ffeb7050000 - 0x00007ffeb7795000 	C:\WINDOWS\System32\SHELL32.dll
0x00007ffeb3090000 - 0x00007ffeb382b000 	C:\WINDOWS\SYSTEM32\windows.storage.dll
0x00007ffeb6c40000 - 0x00007ffeb6f94000 	C:\WINDOWS\System32\combase.dll
0x00007ffeb49b0000 - 0x00007ffeb49de000 	C:\WINDOWS\SYSTEM32\Wldp.dll
0x00007ffeb6360000 - 0x00007ffeb640d000 	C:\WINDOWS\System32\SHCORE.dll
0x00007ffeb6990000 - 0x00007ffeb69e5000 	C:\WINDOWS\System32\shlwapi.dll
0x00007ffeb4f10000 - 0x00007ffeb4f35000 	C:\WINDOWS\SYSTEM32\profapi.dll
0x00007ffeae080000 - 0x00007ffeae099000 	C:\Program Files\Java\jdk-11.0.2\bin\net.dll
0x00007ffeacd90000 - 0x00007ffeace9a000 	C:\WINDOWS\SYSTEM32\WINHTTP.dll
0x00007ffea55f0000 - 0x00007ffea57dd000 	C:\WINDOWS\SYSTEM32\urlmon.dll
0x00007ffea5220000 - 0x00007ffea54dc000 	C:\WINDOWS\SYSTEM32\iertutil.dll
0x00007ffeaa220000 - 0x00007ffeaa249000 	C:\WINDOWS\SYSTEM32\srvcli.dll
0x00007ffeb4500000 - 0x00007ffeb450c000 	C:\WINDOWS\SYSTEM32\netutils.dll
0x00007ffeb46b0000 - 0x00007ffeb471a000 	C:\WINDOWS\system32\mswsock.dll
0x00007ffea9280000 - 0x00007ffea9293000 	C:\Program Files\Java\jdk-11.0.2\bin\nio.dll
0x00007ffe83e00000 - 0x00007ffe83f9f000 	C:\Program Files\Java\jdk-11.0.2\bin\awt.dll
0x00007ffeb5a90000 - 0x00007ffeb5b5d000 	C:\WINDOWS\System32\OLEAUT32.dll
0x00007ffeb1420000 - 0x00007ffeb19e0000 	C:\WINDOWS\SYSTEM32\d2d1.dll
0x00007ffeb28e0000 - 0x00007ffeb2971000 	C:\WINDOWS\SYSTEM32\apphelp.dll
0x00007ffeb0ad0000 - 0x00007ffeb0ad9000 	C:\Program Files\Java\jdk-11.0.2\bin\prefs.dll
0x00007ffeb29c0000 - 0x00007ffeb2a5e000 	C:\WINDOWS\system32\uxtheme.dll
0x00007ffeb6630000 - 0x00007ffeb6744000 	C:\WINDOWS\System32\MSCTF.dll
0x00007ffeb61b0000 - 0x00007ffeb62da000 	C:\WINDOWS\System32\ole32.dll
0x00007ffeb2cb0000 - 0x00007ffeb2cdf000 	C:\WINDOWS\system32\DWMAPI.DLL
0x00007ffea9190000 - 0x00007ffea9210000 	C:\Program Files\Java\jdk-11.0.2\bin\freetype.dll
0x00007ffea8c90000 - 0x00007ffea8cff000 	C:\Program Files\Java\jdk-11.0.2\bin\fontmanager.dll
0x00007ffe916b0000 - 0x00007ffe917d5000 	C:\WINDOWS\system32\opengl32.dll
0x00007ffea0460000 - 0x00007ffea048c000 	C:\WINDOWS\SYSTEM32\GLU32.dll
0x00007ffea9380000 - 0x00007ffea954d000 	C:\WINDOWS\system32\d3d9.dll
0x00007ffea95b0000 - 0x00007ffea966e000 	C:\WINDOWS\System32\DriverStore\FileRepository\nvmo.inf_amd64_c119453b13548e8e\nvldumdx.dll
0x00007ffeb4bb0000 - 0x00007ffeb4bc2000 	C:\WINDOWS\SYSTEM32\msasn1.dll
0x00007ffead6f0000 - 0x00007ffead721000 	C:\WINDOWS\SYSTEM32\cryptnet.dll
0x00007ffeb5610000 - 0x00007ffeb576e000 	C:\WINDOWS\System32\CRYPT32.dll
0x00007ffead350000 - 0x00007ffead498000 	C:\WINDOWS\SYSTEM32\drvstore.dll
0x00007ffeb4d70000 - 0x00007ffeb4da3000 	C:\WINDOWS\SYSTEM32\devobj.dll
0x00007ffeb5870000 - 0x00007ffeb58be000 	C:\WINDOWS\System32\cfgmgr32.dll
0x00007ffeb48c0000 - 0x00007ffeb48cc000 	C:\WINDOWS\SYSTEM32\cryptbase.dll
0x00007ffeb5480000 - 0x00007ffeb54e7000 	C:\WINDOWS\System32\WINTRUST.DLL
0x00007ffeb6890000 - 0x00007ffeb68ad000 	C:\WINDOWS\System32\imagehlp.dll
0x00007ffeb48a0000 - 0x00007ffeb48b8000 	C:\WINDOWS\SYSTEM32\CRYPTSP.dll
0x00007ffeb3fc0000 - 0x00007ffeb3ff4000 	C:\WINDOWS\system32\rsaenh.dll
0x00007ffeb5120000 - 0x00007ffeb5147000 	C:\WINDOWS\System32\bcrypt.dll
0x00007ffe71c50000 - 0x00007ffe7425a000 	C:\WINDOWS\System32\DriverStore\FileRepository\nvmo.inf_amd64_c119453b13548e8e\nvd3dumx.dll
0x00007ffe7aec0000 - 0x00007ffe7b187000 	C:\WINDOWS\system32\nvspcap64.dll
0x00007ffeb4100000 - 0x00007ffeb4133000 	C:\WINDOWS\SYSTEM32\ntmarta.dll
0x00007ffeb3840000 - 0x00007ffeb3863000 	C:\WINDOWS\SYSTEM32\gpapi.dll
0x00007ffeab6d0000 - 0x00007ffeab70b000 	C:\WINDOWS\SYSTEM32\dxcore.dll
0x00007ffeb6410000 - 0x00007ffeb64b9000 	C:\WINDOWS\System32\clbcatq.dll
0x00007ffeade90000 - 0x00007ffeae044000 	C:\WINDOWS\SYSTEM32\WindowsCodecs.dll
0x00007ffe98fe0000 - 0x00007ffe9901e000 	C:\WINDOWS\system32\dataexchange.dll
0x00007ffeb1c90000 - 0x00007ffeb1e73000 	C:\WINDOWS\system32\dcomp.dll
0x00007ffeb0d50000 - 0x00007ffeb0fb3000 	C:\WINDOWS\system32\d3d11.dll
0x00007ffeb3870000 - 0x00007ffeb3963000 	C:\WINDOWS\system32\dxgi.dll
0x00007ffeaf990000 - 0x00007ffeafb97000 	C:\WINDOWS\system32\twinapi.appcore.dll
0x00007ffe9e1e0000 - 0x00007ffe9e290000 	C:\WINDOWS\WinSxS\amd64_microsoft.windows.common-controls_6595b64144ccf1df_5.82.19041.1110_none_792d1c772443f647\comctl32.dll
0x00007ffeb0b10000 - 0x00007ffeb0c06000 	C:\WINDOWS\system32\propsys.dll
0x00007ffe8da10000 - 0x00007ffe8da27000 	C:\WINDOWS\system32\NetworkExplorer.dll
0x00007ffea7dd0000 - 0x00007ffea7ded000 	C:\WINDOWS\SYSTEM32\MPR.dll
0x0000000063360000 - 0x0000000063439000 	C:\WINDOWS\system32\pfmapi_192.dll
0x00007ffeb4ec0000 - 0x00007ffeb4ef2000 	C:\WINDOWS\SYSTEM32\SspiCli.dll
0x00007ffe8d370000 - 0x00007ffe8d399000 	C:\WINDOWS\System32\p9np.dll
0x00007ffe8f070000 - 0x00007ffe8f07b000 	C:\WINDOWS\System32\drprov.dll
0x00007ffeb4900000 - 0x00007ffeb495b000 	C:\WINDOWS\System32\WINSTA.dll
0x00007ffe8d0f0000 - 0x00007ffe8d10f000 	C:\WINDOWS\System32\ntlanman.dll
0x00007ffe8d0d0000 - 0x00007ffe8d0ee000 	C:\WINDOWS\System32\davclnt.dll
0x00007ffe8cce0000 - 0x00007ffe8cced000 	C:\WINDOWS\System32\DAVHLPR.dll
0x00007ffeb40e0000 - 0x00007ffeb40fb000 	C:\WINDOWS\System32\wkscli.dll
0x00007ffe9a4e0000 - 0x00007ffe9a4f2000 	C:\WINDOWS\SYSTEM32\cscapi.dll
0x00007ffe82010000 - 0x00007ffe82066000 	C:\Windows\System32\dlnashext.dll
0x00007ffe81fa0000 - 0x00007ffe82004000 	C:\Windows\System32\PlayToDevice.dll
0x00007ffe8ea00000 - 0x00007ffe8ea20000 	C:\Windows\System32\DevDispItemProvider.dll
0x00007ffeadb20000 - 0x00007ffeadba5000 	C:\WINDOWS\System32\MMDevApi.dll
0x00007ffe69ec0000 - 0x00007ffe69f61000 	C:\WINDOWS\system32\wpdshext.dll
0x00007ffea0d40000 - 0x00007ffea0ee5000 	C:\WINDOWS\WinSxS\amd64_microsoft.windows.gdiplus_6595b64144ccf1df_1.1.19041.2251_none_91a40448cc8846c1\gdiplus.dll
0x00007ffe861b0000 - 0x00007ffe86253000 	C:\Windows\System32\PortableDeviceApi.dll
0x00007ffeb5b60000 - 0x00007ffeb5fce000 	C:\WINDOWS\System32\SETUPAPI.dll
0x00007ffeadae0000 - 0x00007ffeadb12000 	C:\Windows\System32\PortableDeviceTypes.dll
0x00007ffe97770000 - 0x00007ffe977a7000 	C:\Windows\System32\EhStorShell.dll
0x00007ffeae720000 - 0x00007ffeae746000 	C:\Windows\System32\EhStorAPI.dll
0x00007ffeb27e0000 - 0x00007ffeb27f4000 	C:\Windows\System32\WTSAPI32.dll
0x00007ffe899d0000 - 0x00007ffe899dd000 	C:\WINDOWS\SYSTEM32\LINKINFO.dll
0x00007ffeb0550000 - 0x00007ffeb064a000 	C:\WINDOWS\SYSTEM32\textinputframework.dll
0x00007ffeb25a0000 - 0x00007ffeb2692000 	C:\WINDOWS\System32\CoreMessaging.dll
0x00007ffeb2240000 - 0x00007ffeb259e000 	C:\WINDOWS\System32\CoreUIComponents.dll
0x00007ffeb1b30000 - 0x00007ffeb1c85000 	C:\WINDOWS\SYSTEM32\wintypes.dll
0x0000000071100000 - 0x0000000071125000 	C:\Users\liamw\.jssc\windows\jSSC-2.8_x86_64.dll

dbghelp: loaded successfully - version: 4.0.5 - missing functions: none
symbol engine: initialized successfully - sym options: 0x614 - pdb path: .;C:\Program Files\Java\jdk-11.0.2\bin;C:\WINDOWS\SYSTEM32;C:\WINDOWS\WinSxS\amd64_microsoft.windows.common-controls_6595b64144ccf1df_6.0.19041.1110_none_60b5254171f9507e;C:\Program Files\Java\jdk-11.0.2\bin\server;C:\WINDOWS\System32\DriverStore\FileRepository\nvmo.inf_amd64_c119453b13548e8e;C:\WINDOWS\WinSxS\amd64_microsoft.windows.common-controls_6595b64144ccf1df_5.82.19041.1110_none_792d1c772443f647;C:\WINDOWS\WinSxS\amd64_microsoft.windows.gdiplus_6595b64144ccf1df_1.1.19041.2251_none_91a40448cc8846c1;C:\Users\liamw\.jssc\windows

VM Arguments:
java_command: C:\Users\liamw\Downloads\ESP TOOLS\ESPlorer\ESPlorer.jar
java_class_path (initial): C:\Users\liamw\Downloads\ESP TOOLS\ESPlorer\ESPlorer.jar
Launcher Type: SUN_STANDARD

[Global flags]
     intx CICompilerCount                          = 3                                         {product} {ergonomic}
     uint ConcGCThreads                            = 1                                         {product} {ergonomic}
     uint G1ConcRefinementThreads                  = 4                                         {product} {ergonomic}
   size_t G1HeapRegionSize                         = 1048576                                   {product} {ergonomic}
    uintx GCDrainStackTargetSize                   = 64                                        {product} {ergonomic}
   size_t InitialHeapSize                          = 134217728                                 {product} {ergonomic}
   size_t MarkStackSize                            = 4194304                                   {product} {ergonomic}
   size_t MaxHeapSize                              = 2126512128                                {product} {ergonomic}
   size_t MaxNewSize                               = 1275068416                                {product} {ergonomic}
   size_t MinHeapDeltaBytes                        = 1048576                                   {product} {ergonomic}
    uintx NonNMethodCodeHeapSize                   = 5830092                                {pd product} {ergonomic}
    uintx NonProfiledCodeHeapSize                  = 122914074                              {pd product} {ergonomic}
    uintx ProfiledCodeHeapSize                     = 122914074                              {pd product} {ergonomic}
    uintx ReservedCodeCacheSize                    = 251658240                              {pd product} {ergonomic}
     bool SegmentedCodeCache                       = true                                      {product} {ergonomic}
     bool UseCompressedClassPointers               = true                                 {lp64_product} {ergonomic}
     bool UseCompressedOops                        = true                                 {lp64_product} {ergonomic}
     bool UseG1GC                                  = true                                      {product} {ergonomic}
     bool UseLargePagesIndividualAllocation        = false                                  {pd product} {ergonomic}

Logging:
Log output configuration:
 #0: stdout all=warning uptime,level,tags
 #1: stderr all=off uptime,level,tags

Environment Variables:
PATH=C:\Python310\Scripts\;C:\Python310\;C:\Program Files (x86)\Common Files\Oracle\Java\javapath;C:\Windows\system32;C:\Windows;C:\Windows\System32\Wbem;C:\Windows\System32\WindowsPowerShell\v1.0\;C:\Windows\System32\OpenSSH\;C:\Program Files\Java\jdk-11.0.2\bin;C:\Users\liamw\AppData\Local\Microsoft\WindowsApps;C:\adb;C:\WINDOWS\system32;C:\WINDOWS;C:\WINDOWS\System32\Wbem;C:\WINDOWS\System32\WindowsPowerShell\v1.0\;C:\WINDOWS\System32\OpenSSH\;C:\Program Files\NVIDIA Corporation\NVIDIA NvDLISR;C:\Program Files\PuTTY\;C:\Program Files\Git\cmd;C:\Program Files (x86)\NVIDIA Corporation\PhysX\Common;C:\Program Files\nodejs\;C:\ProgramData\chocolatey\bin;D:\CMake\bin;C:\Program Files (x86)\dotnet\;D:\MATLAB\v93\runtime\win64;C:\Users\liamw\.cargo\bin;C:\Users\liamw\AppData\Local\Programs\Python\Python38-32\Scripts\;C:\Users\liamw\AppData\Local\Programs\Python\Python38-32\;C:\Users\liamw\AppData\Local\Microsoft\WindowsApps;C:\Users\liamw\AppData\Local\Microsoft\WindowsApps;D:\MiKTeX\miktex\bin\x64\;C:\Program Files (x86)\Atmel\Flip 3.4.7\bin;C:\Users\liamw\AppData\Roaming\npm;C:\Users\liamw\AppData\Local\JetBrains\Toolbox\scripts
USERNAME=liamw
OS=Windows_NT
PROCESSOR_IDENTIFIER=Intel64 Family 6 Model 158 Stepping 9, GenuineIntel



---------------  S Y S T E M  ---------------

OS: Windows 10 , 64 bit Build 19041 (10.0.19041.3393)

CPU:total 4 (initial active 4) (4 cores per cpu, 1 threads per core) family 6 model 158 stepping 9, cmov, cx8, fxsr, mmx, sse, sse2, sse3, ssse3, sse4.1, sse4.2, popcnt, avx, avx2, aes, clmul, erms, 3dnowpref, lzcnt, tsc, tscinvbit, bmi1, bmi2, adx, fma

Memory: 4k page, system-wide physical 8111M (1434M free)
TotalPageFile size 15535M (AvailPageFile size 5541M)
current process WorkingSet (physical memory assigned to process): 233M, peak: 262M
current process commit charge ("private bytes"): 321M, peak: 351M

vm_info: Java HotSpot(TM) 64-Bit Server VM (11.0.2+9-LTS) for windows-amd64 JRE (11.0.2+9-LTS), built on Jan 18 2019 05:24:10 by "mach5one" with MS VC++ 15.5 (VS2017)

END.
