#
# A fatal error has been detected by the Java Runtime Environment:
#
#  EXCEPTION_ACCESS_VIOLATION (0xc0000005) at pc=0x000000007110b5db, pid=5980, tid=3984
#
# JRE version: Java(TM) SE Runtime Environment (11.0.2+9) (build 11.0.2+9-LTS)
# Java VM: Java HotSpot(TM) 64-Bit Server VM (11.0.2+9-LTS, mixed mode, tiered, compressed oops, g1 gc, windows-amd64)
# Problematic frame:
# C  [jSSC-2.8_x86_64.dll+0xb5db]
#
# No core dump will be written. Minidumps are not enabled by default on client versions of Windows
#
# If you would like to submit a bug report, please visit:
#   http://bugreport.java.com/bugreport/crash.jsp
# The crash happened outside the Java Virtual Machine in native code.
# See problematic frame for where to report the bug.
#

---------------  S U M M A R Y ------------

Command Line: C:\Users\liamw\Downloads\ESP TOOLS\ESPlorer\ESPlorer.jar

Host: Intel(R) Core(TM) i5-7400 CPU @ 3.00GHz, 4 cores, 7G,  Windows 10 , 64 bit Build 19041 (10.0.19041.3393)
Time: Wed Oct 11 16:48:05 2023 GMT Daylight Time elapsed time: 22 seconds (0d 0h 0m 22s)

---------------  T H R E A D  ---------------

Current thread (0x00000151385e1000):  JavaThread "AWT-EventQueue-0" [_thread_in_native, id=3984, stack(0x0000002642b00000,0x0000002642c00000)]

Stack: [0x0000002642b00000,0x0000002642c00000],  sp=0x0000002642bfaa10,  free space=1002k
Native frames: (J=compiled Java code, j=interpreted, Vv=VM code, C=native code)
C  [jSSC-2.8_x86_64.dll+0xb5db]

Java frames: (J=compiled Java code, j=interpreted, Vv=VM code)
j  jssc.SerialNativeInterface.openPort(Ljava/lang/String;Z)J+0
j  jssc.SerialPort.openPort()Z+65
j  ESPlorer.ESPlorer.portOpen()Z+108
j  ESPlorer.ESPlorer.OpenActionPerformed(Ljava/awt/event/ActionEvent;)V+160
j  ESPlorer.ESPlorer.access$18300(LESPlorer/ESPlorer;Ljava/awt/event/ActionEvent;)V+2
j  ESPlorer.ESPlorer$181.actionPerformed(Ljava/awt/event/ActionEvent;)V+5
j  javax.swing.AbstractButton.fireActionPerformed(Ljava/awt/event/ActionEvent;)V+83 java.desktop@11.0.2
j  javax.swing.AbstractButton$Handler.actionPerformed(Ljava/awt/event/ActionEvent;)V+5 java.desktop@11.0.2
j  javax.swing.DefaultButtonModel.fireActionPerformed(Ljava/awt/event/ActionEvent;)V+34 java.desktop@11.0.2
j  javax.swing.JToggleButton$ToggleButtonModel.setPressed(Z)V+148 java.desktop@11.0.2
j  javax.swing.plaf.basic.BasicButtonListener.mouseReleased(Ljava/awt/event/MouseEvent;)V+35 java.desktop@11.0.2
j  java.awt.AWTEventMulticaster.mouseReleased(Ljava/awt/event/MouseEvent;)V+8 java.desktop@11.0.2
j  java.awt.Component.processMouseEvent(Ljava/awt/event/MouseEvent;)V+64 java.desktop@11.0.2
j  javax.swing.JComponent.processMouseEvent(Ljava/awt/event/MouseEvent;)V+23 java.desktop@11.0.2
J 3919 c1 java.awt.Component.processEvent(Ljava/awt/AWTEvent;)V java.desktop@11.0.2 (220 bytes) @ 0x00000151202468f4 [0x0000015120246300+0x00000000000005f4]
J 3960 c1 java.awt.Container.processEvent(Ljava/awt/AWTEvent;)V java.desktop@11.0.2 (22 bytes) @ 0x00000151202680a4 [0x0000015120267d80+0x0000000000000324]
J 3932 c1 java.awt.Component.dispatchEventImpl(Ljava/awt/AWTEvent;)V java.desktop@11.0.2 (777 bytes) @ 0x00000151202502ac [0x000001512024c6a0+0x0000000000003c0c]
J 3861 c1 java.awt.Container.dispatchEventImpl(Ljava/awt/AWTEvent;)V java.desktop@11.0.2 (129 bytes) @ 0x000001511fcf919c [0x000001511fcf9060+0x000000000000013c]
J 4390 c2 java.awt.LightweightDispatcher.retargetMouseEvent(Ljava/awt/Component;ILjava/awt/event/MouseEvent;)V java.desktop@11.0.2 (372 bytes) @ 0x0000015127186900 [0x0000015127186240+0x00000000000006c0]
J 3981 c1 java.awt.LightweightDispatcher.processMouseEvent(Ljava/awt/event/MouseEvent;)Z java.desktop@11.0.2 (265 bytes) @ 0x000001512027662c [0x0000015120275660+0x0000000000000fcc]
J 3986 c1 java.awt.LightweightDispatcher.dispatchEvent(Ljava/awt/AWTEvent;)Z java.desktop@11.0.2 (73 bytes) @ 0x000001512027a3c4 [0x0000015120279fa0+0x0000000000000424]
J 3861 c1 java.awt.Container.dispatchEventImpl(Ljava/awt/AWTEvent;)V java.desktop@11.0.2 (129 bytes) @ 0x000001511fcf913c [0x000001511fcf9060+0x00000000000000dc]
J 3975 c1 java.awt.Window.dispatchEventImpl(Ljava/awt/AWTEvent;)V java.desktop@11.0.2 (23 bytes) @ 0x00000151202717ec [0x0000015120271220+0x00000000000005cc]
J 3933 c1 java.awt.EventQueue.dispatchEventImpl(Ljava/awt/AWTEvent;Ljava/lang/Object;)V java.desktop@11.0.2 (136 bytes) @ 0x0000015120254b54 [0x00000151202546c0+0x0000000000000494]
J 3901 c1 java.awt.EventQueue$4.run()Ljava/lang/Void; java.desktop@11.0.2 (60 bytes) @ 0x0000015120239c2c [0x0000015120239b00+0x000000000000012c]
J 3900 c1 java.awt.EventQueue$4.run()Ljava/lang/Object; java.desktop@11.0.2 (5 bytes) @ 0x000001511fc80444 [0x000001511fc803c0+0x0000000000000084]
v  ~StubRoutines::call_stub
J 1535  java.security.AccessController.doPrivileged(Ljava/security/PrivilegedAction;Ljava/security/AccessControlContext;)Ljava/lang/Object; java.base@11.0.2 (0 bytes) @ 0x000001512700e026 [0x000001512700dfc0+0x0000000000000066]
J 3929 c1 java.awt.EventQueue$5.run()Ljava/lang/Object; java.desktop@11.0.2 (5 bytes) @ 0x000001512024ab2c [0x000001512024a7e0+0x000000000000034c]
v  ~StubRoutines::call_stub
J 1535  java.security.AccessController.doPrivileged(Ljava/security/PrivilegedAction;Ljava/security/AccessControlContext;)Ljava/lang/Object; java.base@11.0.2 (0 bytes) @ 0x000001512700e026 [0x000001512700dfc0+0x0000000000000066]
J 3896 c1 java.awt.EventQueue.dispatchEvent(Ljava/awt/AWTEvent;)V java.desktop@11.0.2 (80 bytes) @ 0x0000015120237e4c [0x00000151202373a0+0x0000000000000aac]
J 3848 c1 java.awt.EventDispatchThread.pumpOneEventForFilters(I)V java.desktop@11.0.2 (113 bytes) @ 0x000001511fc4c92c [0x000001511fc4c220+0x000000000000070c]
j  java.awt.EventDispatchThread.pumpEventsForFilter(ILjava/awt/Conditional;Ljava/awt/EventFilter;)V+35 java.desktop@11.0.2
j  java.awt.EventDispatchThread.pumpEventsForHierarchy(ILjava/awt/Conditional;Ljava/awt/Component;)V+11 java.desktop@11.0.2
j  java.awt.EventDispatchThread.pumpEvents(ILjava/awt/Conditional;)V+4 java.desktop@11.0.2
j  java.awt.EventDispatchThread.pumpEvents(Ljava/awt/Conditional;)V+3 java.desktop@11.0.2
j  java.awt.EventDispatchThread.run()V+9 java.desktop@11.0.2
v  ~StubRoutines::call_stub

siginfo: EXCEPTION_ACCESS_VIOLATION (0xc0000005), reading address 0x000000003d6d2dd1


Register to memory mapping:

RIP=0x000000007110b5db jSSC-2.8_x86_64.dll
RAX=0x000000003d6d2dd1 is an unknown value
RBX=0x0000002642bfaa80 is pointing into the stack for thread: 0x00000151385e1000
RCX=0x00007ffeb79cd034 ntdll.dll
RDX=0x0 is NULL
RSP=0x0000002642bfaa10 is pointing into the stack for thread: 0x00000151385e1000
RBP=0x0000002642bfab90 is pointing into the stack for thread: 0x00000151385e1000
RSI=0x00000151385e1340 points into unknown readable memory: b0 3d f1 7b fe 7f 00 00
RDI=0x0000000000000e00 is an unknown value
R8 =0x0000002642bfa908 is pointing into the stack for thread: 0x00000151385e1000
R9 =0x0000002642bfaa00 is pointing into the stack for thread: 0x00000151385e1000
R10=0x0 is NULL
R11=0x0000000000000246 is an unknown value
R12=0x0000002642bfac48 is pointing into the stack for thread: 0x00000151385e1000
R13=0x0000015140c1b790 points into unknown readable memory: 43 4f 4d 33 00 00 00 00
R14=0x0000002642bfab40 is pointing into the stack for thread: 0x00000151385e1000
R15=0x00000151385e1000 is a thread


Registers:
RAX=0x000000003d6d2dd1, RBX=0x0000002642bfaa80, RCX=0x00007ffeb79cd034, RDX=0x0000000000000000
RSP=0x0000002642bfaa10, RBP=0x0000002642bfab90, RSI=0x00000151385e1340, RDI=0x0000000000000e00
R8 =0x0000002642bfa908, R9 =0x0000002642bfaa00, R10=0x0000000000000000, R11=0x0000000000000246
R12=0x0000002642bfac48, R13=0x0000015140c1b790, R14=0x0000002642bfab40, R15=0x00000151385e1000
RIP=0x000000007110b5db, EFLAGS=0x0000000000010206

Top of Stack: (sp=0x0000002642bfaa10)
0x0000002642bfaa10:   00000151435077a0 0000015140c1b0f0
0x0000002642bfaa20:   000000007110b230 0000015115880000
0x0000002642bfaa30:   0000015115820000 0000000000000004
0x0000002642bfaa40:   00000151385e1340 0000000000000e00
0x0000002642bfaa50:   0000002642bfab90 0000000071112590
0x0000002642bfaa60:   00000151385e1000 0000002642bfab40
0x0000002642bfaa70:   0000015140c1b790 0000002642bfac48
0x0000002642bfaa80:   0000015140c1b790 00007ffeb79547b1
0x0000002642bfaa90:   0000002642bfaac0 0000015115880000
0x0000002642bfaaa0:   0000002642bfab90 0000000000000000
0x0000002642bfaab0:   0000000071113500 0000000071113be8
0x0000002642bfaac0:   0000002642bfaaf0 0000000071112641
0x0000002642bfaad0:   0000002642bfaa60 00000151385e1340
0x0000002642bfaae0:   0000000000000000 0000000000000000
0x0000002642bfaaf0:   0000002642bfab90 0000000071101595
0x0000002642bfab00:   000000000000001c 0000015100000000 

Instructions: (pc=0x000000007110b5db)
0x000000007110b5bb:   c5 0f 1f 40 00 55 57 56 53 48 83 ec 28 48 8b 05
0x000000007110b5cb:   39 33 01 00 48 89 cb 48 85 c0 0f 84 c5 00 00 00
0x000000007110b5db:   8b 38 85 ff 0f 88 ab 00 00 00 48 8b 05 1c 33 01
0x000000007110b5eb:   00 48 85 c0 0f 84 bc 00 00 00 8b 30 85 f6 74 57 


Stack slot to memory mapping:
stack at sp + 0 slots: 0x00000151435077a0 points into unknown readable memory: 5c 00 5c 00 2e 00 5c 00
stack at sp + 1 slots: 0x0000015140c1b0f0 points into unknown readable memory: b0 04 02 37 51 01 00 00
stack at sp + 2 slots: 0x000000007110b230 jSSC-2.8_x86_64.dll
stack at sp + 3 slots: 0x0000015115880000 points into unknown readable memory: 00 00 00 00 00 00 00 00
stack at sp + 4 slots: 0x0000015115820000 points into unknown readable memory: 00 00 00 00 00 00 00 00
stack at sp + 5 slots: 0x0000000000000004 is an unknown value
stack at sp + 6 slots: 0x00000151385e1340 points into unknown readable memory: b0 3d f1 7b fe 7f 00 00
stack at sp + 7 slots: 0x0000000000000e00 is an unknown value


---------------  P R O C E S S  ---------------

Threads class SMR info:
_java_thread_list=0x000001514356cf30, length=17, elements={
0x0000015135c9f800, 0x0000015135ca8800, 0x0000015135cb7800, 0x0000015135cb9800,
0x0000015135cbb000, 0x0000015135cc2800, 0x0000015135cce800, 0x0000015136780000,
0x0000015136785000, 0x0000015136b62800, 0x0000015136b93000, 0x0000015136cab800,
0x00000151385e1000, 0x00000151159c4800, 0x0000015138de8800, 0x0000015140b08000,
0x00000151437bc000
}

Java Threads: ( => current thread )
  0x0000015135c9f800 JavaThread "Reference Handler" daemon [_thread_blocked, id=3404, stack(0x0000002641d00000,0x0000002641e00000)]
  0x0000015135ca8800 JavaThread "Finalizer" daemon [_thread_blocked, id=12828, stack(0x0000002641e00000,0x0000002641f00000)]
  0x0000015135cb7800 JavaThread "Signal Dispatcher" daemon [_thread_blocked, id=17496, stack(0x0000002641f00000,0x0000002642000000)]
  0x0000015135cb9800 JavaThread "Attach Listener" daemon [_thread_blocked, id=2160, stack(0x0000002642000000,0x0000002642100000)]
  0x0000015135cbb000 JavaThread "C2 CompilerThread0" daemon [_thread_blocked, id=5724, stack(0x0000002642100000,0x0000002642200000)]
  0x0000015135cc2800 JavaThread "C1 CompilerThread0" daemon [_thread_blocked, id=10700, stack(0x0000002642200000,0x0000002642300000)]
  0x0000015135cce800 JavaThread "Sweeper thread" daemon [_thread_blocked, id=13660, stack(0x0000002642300000,0x0000002642400000)]
  0x0000015136780000 JavaThread "Service Thread" daemon [_thread_blocked, id=3364, stack(0x0000002642400000,0x0000002642500000)]
  0x0000015136785000 JavaThread "Common-Cleaner" daemon [_thread_blocked, id=11844, stack(0x0000002642600000,0x0000002642700000)]
  0x0000015136b62800 JavaThread "Java2D Disposer" daemon [_thread_blocked, id=18776, stack(0x0000002642700000,0x0000002642800000)]
  0x0000015136b93000 JavaThread "AWT-Shutdown" [_thread_blocked, id=13824, stack(0x0000002642800000,0x0000002642900000)]
  0x0000015136cab800 JavaThread "AWT-Windows" daemon [_thread_in_native, id=8440, stack(0x0000002642900000,0x0000002642a00000)]
=>0x00000151385e1000 JavaThread "AWT-EventQueue-0" [_thread_in_native, id=3984, stack(0x0000002642b00000,0x0000002642c00000)]
  0x00000151159c4800 JavaThread "DestroyJavaVM" [_thread_blocked, id=11924, stack(0x0000002641600000,0x0000002641700000)]
  0x0000015138de8800 JavaThread "TimerQueue" daemon [_thread_blocked, id=11168, stack(0x0000002643010000,0x0000002643110000)]
  0x0000015140b08000 JavaThread "Swing-Shell" daemon [_thread_blocked, id=8052, stack(0x0000002643810000,0x0000002643910000)]
  0x00000151437bc000 JavaThread "D3D Screen Updater" daemon [_thread_blocked, id=15408, stack(0x0000002643b10000,0x0000002643c10000)]

Other Threads:
  0x0000015135c79000 VMThread "VM Thread" [stack: 0x0000002641c00000,0x0000002641d00000] [id=18272]
  0x0000015136784800 WatcherThread [stack: 0x0000002642500000,0x0000002642600000] [id=1664]
  0x00000151159da800 GCTaskThread "GC Thread#0" [stack: 0x0000002641700000,0x0000002641800000] [id=10264]
  0x0000015138bfe800 GCTaskThread "GC Thread#1" [stack: 0x0000002642a00000,0x0000002642b00000] [id=17784]
  0x0000015138ad9000 GCTaskThread "GC Thread#2" [stack: 0x0000002642e10000,0x0000002642f10000] [id=15936]
  0x0000015138c35800 GCTaskThread "GC Thread#3" [stack: 0x0000002642f10000,0x0000002643010000] [id=17768]
  0x0000015115a0b000 ConcurrentGCThread "G1 Main Marker" [stack: 0x0000002641800000,0x0000002641900000] [id=19032]
  0x0000015115a0c800 ConcurrentGCThread "G1 Conc#0" [stack: 0x0000002641900000,0x0000002641a00000] [id=14960]
  0x0000015115a9d800 ConcurrentGCThread "G1 Refine#0" [stack: 0x0000002641a00000,0x0000002641b00000] [id=16036]
  0x000001513884f000 ConcurrentGCThread "G1 Refine#1" [stack: 0x0000002643110000,0x0000002643210000] [id=12852]
  0x0000015115a9e800 ConcurrentGCThread "G1 Young RemSet Sampling" [stack: 0x0000002641b00000,0x0000002641c00000] [id=8876]

Threads with active compile tasks:

VM state:not at safepoint (normal execution)

VM Mutex/Monitor currently owned by a thread: None

Heap address: 0x0000000081400000, size: 2028 MB, Compressed Oops mode: 32-bit
Narrow klass base: 0x0000000000000000, Narrow klass shift: 3
Compressed class space size: 1073741824 Address: 0x0000000100000000

Heap:
 garbage-first heap   total 131072K, used 73786K [0x0000000081400000, 0x0000000100000000)
  region size 1024K, 63 young (64512K), 4 survivors (4096K)
 Metaspace       used 32487K, capacity 33040K, committed 33152K, reserved 1079296K
  class space    used 3599K, capacity 3869K, committed 3968K, reserved 1048576K
Heap Regions: E=young(eden), S=young(survivor), O=old, HS=humongous(starts), HC=humongous(continues), CS=collection set, F=free, A=archive, TAMS=top-at-mark-start (previous, next)
|   0|0x0000000081400000, 0x0000000081500000, 0x0000000081500000|100%| O|  |TAMS 0x0000000081500000, 0x0000000081400000| Untracked 
|   1|0x0000000081500000, 0x0000000081600000, 0x0000000081600000|100%| O|  |TAMS 0x0000000081594000, 0x0000000081500000| Untracked 
|   2|0x0000000081600000, 0x0000000081700000, 0x0000000081700000|100%| O|  |TAMS 0x0000000081600000, 0x0000000081600000| Untracked 
|   3|0x0000000081700000, 0x0000000081800000, 0x0000000081800000|100%| O|  |TAMS 0x0000000081700000, 0x0000000081700000| Untracked 
|   4|0x0000000081800000, 0x00000000818cda00, 0x0000000081900000| 80%| O|  |TAMS 0x0000000081800000, 0x0000000081800000| Untracked 
|   5|0x0000000081900000, 0x0000000081a00000, 0x0000000081a00000|100%|HS|  |TAMS 0x0000000081900000, 0x0000000081900000| Complete 
|   6|0x0000000081a00000, 0x0000000081b00000, 0x0000000081b00000|100%|HS|  |TAMS 0x0000000081a00000, 0x0000000081a00000| Complete 
|   7|0x0000000081b00000, 0x0000000081c00000, 0x0000000081c00000|100%|HS|  |TAMS 0x0000000081b00000, 0x0000000081b00000| Complete 
|   8|0x0000000081c00000, 0x0000000081d00000, 0x0000000081d00000|100%|HS|  |TAMS 0x0000000081c00000, 0x0000000081c00000| Complete 
|   9|0x0000000081d00000, 0x0000000081e00000, 0x0000000081e00000|100%|HS|  |TAMS 0x0000000081d00000, 0x0000000081d00000| Complete 
|  10|0x0000000081e00000, 0x0000000081f00000, 0x0000000081f00000|100%|HS|  |TAMS 0x0000000081e00000, 0x0000000081e00000| Complete 
|  11|0x0000000081f00000, 0x0000000081f00000, 0x0000000082000000|  0%| F|  |TAMS 0x0000000081f00000, 0x0000000081f00000| Untracked 
|  12|0x0000000082000000, 0x0000000082000000, 0x0000000082100000|  0%| F|  |TAMS 0x0000000082000000, 0x0000000082000000| Untracked 
|  13|0x0000000082100000, 0x0000000082100000, 0x0000000082200000|  0%| F|  |TAMS 0x0000000082100000, 0x0000000082100000| Untracked 
|  14|0x0000000082200000, 0x0000000082200000, 0x0000000082300000|  0%| F|  |TAMS 0x0000000082200000, 0x0000000082200000| Untracked 
|  15|0x0000000082300000, 0x0000000082300000, 0x0000000082400000|  0%| F|  |TAMS 0x0000000082300000, 0x0000000082300000| Untracked 
|  16|0x0000000082400000, 0x0000000082400000, 0x0000000082500000|  0%| F|  |TAMS 0x0000000082400000, 0x0000000082400000| Untracked 
|  17|0x0000000082500000, 0x0000000082500000, 0x0000000082600000|  0%| F|  |TAMS 0x0000000082500000, 0x0000000082500000| Untracked 
|  18|0x0000000082600000, 0x0000000082600000, 0x0000000082700000|  0%| F|  |TAMS 0x0000000082600000, 0x0000000082600000| Untracked 
|  19|0x0000000082700000, 0x0000000082700000, 0x0000000082800000|  0%| F|  |TAMS 0x0000000082700000, 0x0000000082700000| Untracked 
|  20|0x0000000082800000, 0x0000000082800000, 0x0000000082900000|  0%| F|  |TAMS 0x0000000082800000, 0x0000000082800000| Untracked 
|  21|0x0000000082900000, 0x0000000082900000, 0x0000000082a00000|  0%| F|  |TAMS 0x0000000082900000, 0x0000000082900000| Untracked 
|  22|0x0000000082a00000, 0x0000000082a00000, 0x0000000082b00000|  0%| F|  |TAMS 0x0000000082a00000, 0x0000000082a00000| Untracked 
|  23|0x0000000082b00000, 0x0000000082b00000, 0x0000000082c00000|  0%| F|  |TAMS 0x0000000082b00000, 0x0000000082b00000| Untracked 
|  24|0x0000000082c00000, 0x0000000082c00000, 0x0000000082d00000|  0%| F|  |TAMS 0x0000000082c00000, 0x0000000082c00000| Untracked 
|  25|0x0000000082d00000, 0x0000000082d00000, 0x0000000082e00000|  0%| F|  |TAMS 0x0000000082d00000, 0x0000000082d00000| Untracked 
|  26|0x0000000082e00000, 0x0000000082e00000, 0x0000000082f00000|  0%| F|  |TAMS 0x0000000082e00000, 0x0000000082e00000| Untracked 
|  27|0x0000000082f00000, 0x0000000082f00000, 0x0000000083000000|  0%| F|  |TAMS 0x0000000082f00000, 0x0000000082f00000| Untracked 
|  28|0x0000000083000000, 0x0000000083000000, 0x0000000083100000|  0%| F|  |TAMS 0x0000000083000000, 0x0000000083000000| Untracked 
|  29|0x0000000083100000, 0x0000000083100000, 0x0000000083200000|  0%| F|  |TAMS 0x0000000083100000, 0x0000000083100000| Untracked 
|  30|0x0000000083200000, 0x0000000083200000, 0x0000000083300000|  0%| F|  |TAMS 0x0000000083200000, 0x0000000083200000| Untracked 
|  31|0x0000000083300000, 0x0000000083300000, 0x0000000083400000|  0%| F|  |TAMS 0x0000000083300000, 0x0000000083300000| Untracked 
|  32|0x0000000083400000, 0x0000000083400000, 0x0000000083500000|  0%| F|  |TAMS 0x0000000083400000, 0x0000000083400000| Untracked 
|  33|0x0000000083500000, 0x0000000083500000, 0x0000000083600000|  0%| F|  |TAMS 0x0000000083500000, 0x0000000083500000| Untracked 
|  34|0x0000000083600000, 0x0000000083600000, 0x0000000083700000|  0%| F|  |TAMS 0x0000000083600000, 0x0000000083600000| Untracked 
|  35|0x0000000083700000, 0x0000000083700000, 0x0000000083800000|  0%| F|  |TAMS 0x0000000083700000, 0x0000000083700000| Untracked 
|  36|0x0000000083800000, 0x0000000083800000, 0x0000000083900000|  0%| F|  |TAMS 0x0000000083800000, 0x0000000083800000| Untracked 
|  37|0x0000000083900000, 0x0000000083900000, 0x0000000083a00000|  0%| F|  |TAMS 0x0000000083900000, 0x0000000083900000| Untracked 
|  38|0x0000000083a00000, 0x0000000083a00000, 0x0000000083b00000|  0%| F|  |TAMS 0x0000000083a00000, 0x0000000083a00000| Untracked 
|  39|0x0000000083b00000, 0x0000000083b00000, 0x0000000083c00000|  0%| F|  |TAMS 0x0000000083b00000, 0x0000000083b00000| Untracked 
|  40|0x0000000083c00000, 0x0000000083c00000, 0x0000000083d00000|  0%| F|  |TAMS 0x0000000083c00000, 0x0000000083c00000| Untracked 
|  41|0x0000000083d00000, 0x0000000083d00000, 0x0000000083e00000|  0%| F|  |TAMS 0x0000000083d00000, 0x0000000083d00000| Untracked 
|  42|0x0000000083e00000, 0x0000000083e00000, 0x0000000083f00000|  0%| F|  |TAMS 0x0000000083e00000, 0x0000000083e00000| Untracked 
|  43|0x0000000083f00000, 0x0000000083f00000, 0x0000000084000000|  0%| F|  |TAMS 0x0000000083f00000, 0x0000000083f00000| Untracked 
|  44|0x0000000084000000, 0x0000000084000000, 0x0000000084100000|  0%| F|  |TAMS 0x0000000084000000, 0x0000000084000000| Untracked 
|  45|0x0000000084100000, 0x0000000084100000, 0x0000000084200000|  0%| F|  |TAMS 0x0000000084100000, 0x0000000084100000| Untracked 
|  46|0x0000000084200000, 0x0000000084200000, 0x0000000084300000|  0%| F|  |TAMS 0x0000000084200000, 0x0000000084200000| Untracked 
|  47|0x0000000084300000, 0x0000000084300000, 0x0000000084400000|  0%| F|  |TAMS 0x0000000084300000, 0x0000000084300000| Untracked 
|  48|0x0000000084400000, 0x0000000084400000, 0x0000000084500000|  0%| F|  |TAMS 0x0000000084400000, 0x0000000084400000| Untracked 
|  49|0x0000000084500000, 0x0000000084500000, 0x0000000084600000|  0%| F|  |TAMS 0x0000000084500000, 0x0000000084500000| Untracked 
|  50|0x0000000084600000, 0x0000000084600000, 0x0000000084700000|  0%| F|  |TAMS 0x0000000084600000, 0x0000000084600000| Untracked 
|  51|0x0000000084700000, 0x0000000084700000, 0x0000000084800000|  0%| F|  |TAMS 0x0000000084700000, 0x0000000084700000| Untracked 
|  52|0x0000000084800000, 0x0000000084800000, 0x0000000084900000|  0%| F|  |TAMS 0x0000000084800000, 0x0000000084800000| Untracked 
|  53|0x0000000084900000, 0x0000000084900000, 0x0000000084a00000|  0%| F|  |TAMS 0x0000000084900000, 0x0000000084900000| Untracked 
|  54|0x0000000084a00000, 0x0000000084a00000, 0x0000000084b00000|  0%| F|  |TAMS 0x0000000084a00000, 0x0000000084a00000| Untracked 
|  55|0x0000000084b00000, 0x0000000084b00000, 0x0000000084c00000|  0%| F|  |TAMS 0x0000000084b00000, 0x0000000084b00000| Untracked 
|  56|0x0000000084c00000, 0x0000000084c00000, 0x0000000084d00000|  0%| F|  |TAMS 0x0000000084c00000, 0x0000000084c00000| Untracked 
|  57|0x0000000084d00000, 0x0000000084d00000, 0x0000000084e00000|  0%| F|  |TAMS 0x0000000084d00000, 0x0000000084d00000| Untracked 
|  58|0x0000000084e00000, 0x0000000084e00000, 0x0000000084f00000|  0%| F|  |TAMS 0x0000000084e00000, 0x0000000084e00000| Untracked 
|  59|0x0000000084f00000, 0x0000000084f00000, 0x0000000085000000|  0%| F|  |TAMS 0x0000000084f00000, 0x0000000084f00000| Untracked 
|  60|0x0000000085000000, 0x0000000085000000, 0x0000000085100000|  0%| F|  |TAMS 0x0000000085000000, 0x0000000085000000| Untracked 
|  61|0x0000000085100000, 0x0000000085100000, 0x0000000085200000|  0%| F|  |TAMS 0x0000000085100000, 0x0000000085100000| Untracked 
|  62|0x0000000085200000, 0x0000000085200000, 0x0000000085300000|  0%| F|  |TAMS 0x0000000085200000, 0x0000000085200000| Untracked 
|  63|0x0000000085300000, 0x0000000085340e90, 0x0000000085400000| 25%| S|CS|TAMS 0x0000000085300000, 0x0000000085300000| Complete 
|  64|0x0000000085400000, 0x0000000085500000, 0x0000000085500000|100%| S|CS|TAMS 0x0000000085400000, 0x0000000085400000| Complete 
|  65|0x0000000085500000, 0x0000000085600000, 0x0000000085600000|100%| S|CS|TAMS 0x0000000085500000, 0x0000000085500000| Complete 
|  66|0x0000000085600000, 0x0000000085700000, 0x0000000085700000|100%| S|CS|TAMS 0x0000000085600000, 0x0000000085600000| Complete 
|  67|0x0000000085700000, 0x0000000085700000, 0x0000000085800000|  0%| F|  |TAMS 0x0000000085700000, 0x0000000085700000| Untracked 
|  68|0x0000000085800000, 0x0000000085800000, 0x0000000085900000|  0%| F|  |TAMS 0x0000000085800000, 0x0000000085800000| Untracked 
|  69|0x0000000085900000, 0x0000000085a00000, 0x0000000085a00000|100%| E|  |TAMS 0x0000000085900000, 0x0000000085900000| Complete 
|  70|0x0000000085a00000, 0x0000000085b00000, 0x0000000085b00000|100%| E|CS|TAMS 0x0000000085a00000, 0x0000000085a00000| Complete 
|  71|0x0000000085b00000, 0x0000000085c00000, 0x0000000085c00000|100%| E|CS|TAMS 0x0000000085b00000, 0x0000000085b00000| Complete 
|  72|0x0000000085c00000, 0x0000000085d00000, 0x0000000085d00000|100%| E|CS|TAMS 0x0000000085c00000, 0x0000000085c00000| Complete 
|  73|0x0000000085d00000, 0x0000000085e00000, 0x0000000085e00000|100%| E|CS|TAMS 0x0000000085d00000, 0x0000000085d00000| Complete 
|  74|0x0000000085e00000, 0x0000000085f00000, 0x0000000085f00000|100%| E|CS|TAMS 0x0000000085e00000, 0x0000000085e00000| Complete 
|  75|0x0000000085f00000, 0x0000000086000000, 0x0000000086000000|100%| E|CS|TAMS 0x0000000085f00000, 0x0000000085f00000| Complete 
|  76|0x0000000086000000, 0x0000000086100000, 0x0000000086100000|100%| E|CS|TAMS 0x0000000086000000, 0x0000000086000000| Complete 
|  77|0x0000000086100000, 0x0000000086200000, 0x0000000086200000|100%| E|CS|TAMS 0x0000000086100000, 0x0000000086100000| Complete 
|  78|0x0000000086200000, 0x0000000086300000, 0x0000000086300000|100%| E|CS|TAMS 0x0000000086200000, 0x0000000086200000| Complete 
|  79|0x0000000086300000, 0x0000000086400000, 0x0000000086400000|100%| E|CS|TAMS 0x0000000086300000, 0x0000000086300000| Complete 
|  80|0x0000000086400000, 0x0000000086500000, 0x0000000086500000|100%| E|CS|TAMS 0x0000000086400000, 0x0000000086400000| Complete 
|  81|0x0000000086500000, 0x0000000086600000, 0x0000000086600000|100%| E|CS|TAMS 0x0000000086500000, 0x0000000086500000| Complete 
|  82|0x0000000086600000, 0x0000000086700000, 0x0000000086700000|100%| E|CS|TAMS 0x0000000086600000, 0x0000000086600000| Complete 
|  83|0x0000000086700000, 0x0000000086800000, 0x0000000086800000|100%| E|CS|TAMS 0x0000000086700000, 0x0000000086700000| Complete 
|  84|0x0000000086800000, 0x0000000086900000, 0x0000000086900000|100%| E|CS|TAMS 0x0000000086800000, 0x0000000086800000| Complete 
|  85|0x0000000086900000, 0x0000000086a00000, 0x0000000086a00000|100%| E|CS|TAMS 0x0000000086900000, 0x0000000086900000| Complete 
|  86|0x0000000086a00000, 0x0000000086b00000, 0x0000000086b00000|100%| E|CS|TAMS 0x0000000086a00000, 0x0000000086a00000| Complete 
|  87|0x0000000086b00000, 0x0000000086c00000, 0x0000000086c00000|100%| E|CS|TAMS 0x0000000086b00000, 0x0000000086b00000| Complete 
|  88|0x0000000086c00000, 0x0000000086d00000, 0x0000000086d00000|100%| E|CS|TAMS 0x0000000086c00000, 0x0000000086c00000| Complete 
|  89|0x0000000086d00000, 0x0000000086e00000, 0x0000000086e00000|100%| E|CS|TAMS 0x0000000086d00000, 0x0000000086d00000| Complete 
|  90|0x0000000086e00000, 0x0000000086f00000, 0x0000000086f00000|100%| E|CS|TAMS 0x0000000086e00000, 0x0000000086e00000| Complete 
|  91|0x0000000086f00000, 0x0000000087000000, 0x0000000087000000|100%| E|CS|TAMS 0x0000000086f00000, 0x0000000086f00000| Complete 
|  92|0x0000000087000000, 0x0000000087100000, 0x0000000087100000|100%| E|CS|TAMS 0x0000000087000000, 0x0000000087000000| Complete 
|  93|0x0000000087100000, 0x0000000087200000, 0x0000000087200000|100%| E|CS|TAMS 0x0000000087100000, 0x0000000087100000| Complete 
|  94|0x0000000087200000, 0x0000000087300000, 0x0000000087300000|100%| E|CS|TAMS 0x0000000087200000, 0x0000000087200000| Complete 
|  95|0x0000000087300000, 0x0000000087400000, 0x0000000087400000|100%| E|CS|TAMS 0x0000000087300000, 0x0000000087300000| Complete 
|  96|0x0000000087400000, 0x0000000087500000, 0x0000000087500000|100%| E|CS|TAMS 0x0000000087400000, 0x0000000087400000| Complete 
|  97|0x0000000087500000, 0x0000000087600000, 0x0000000087600000|100%| E|CS|TAMS 0x0000000087500000, 0x0000000087500000| Complete 
|  98|0x0000000087600000, 0x0000000087700000, 0x0000000087700000|100%| E|CS|TAMS 0x0000000087600000, 0x0000000087600000| Complete 
|  99|0x0000000087700000, 0x0000000087800000, 0x0000000087800000|100%| E|CS|TAMS 0x0000000087700000, 0x0000000087700000| Complete 
| 100|0x0000000087800000, 0x0000000087900000, 0x0000000087900000|100%| E|CS|TAMS 0x0000000087800000, 0x0000000087800000| Complete 
| 101|0x0000000087900000, 0x0000000087a00000, 0x0000000087a00000|100%| E|CS|TAMS 0x0000000087900000, 0x0000000087900000| Complete 
| 102|0x0000000087a00000, 0x0000000087b00000, 0x0000000087b00000|100%| E|CS|TAMS 0x0000000087a00000, 0x0000000087a00000| Complete 
| 103|0x0000000087b00000, 0x0000000087c00000, 0x0000000087c00000|100%| E|CS|TAMS 0x0000000087b00000, 0x0000000087b00000| Complete 
| 104|0x0000000087c00000, 0x0000000087d00000, 0x0000000087d00000|100%| E|CS|TAMS 0x0000000087c00000, 0x0000000087c00000| Complete 
| 105|0x0000000087d00000, 0x0000000087e00000, 0x0000000087e00000|100%| E|CS|TAMS 0x0000000087d00000, 0x0000000087d00000| Complete 
| 106|0x0000000087e00000, 0x0000000087f00000, 0x0000000087f00000|100%| E|CS|TAMS 0x0000000087e00000, 0x0000000087e00000| Complete 
| 107|0x0000000087f00000, 0x0000000088000000, 0x0000000088000000|100%| E|CS|TAMS 0x0000000087f00000, 0x0000000087f00000| Complete 
| 108|0x0000000088000000, 0x0000000088100000, 0x0000000088100000|100%| E|CS|TAMS 0x0000000088000000, 0x0000000088000000| Complete 
| 109|0x0000000088100000, 0x0000000088200000, 0x0000000088200000|100%| E|CS|TAMS 0x0000000088100000, 0x0000000088100000| Complete 
| 110|0x0000000088200000, 0x0000000088300000, 0x0000000088300000|100%| E|CS|TAMS 0x0000000088200000, 0x0000000088200000| Complete 
| 111|0x0000000088300000, 0x0000000088400000, 0x0000000088400000|100%| E|CS|TAMS 0x0000000088300000, 0x0000000088300000| Complete 
| 112|0x0000000088400000, 0x0000000088500000, 0x0000000088500000|100%| E|CS|TAMS 0x0000000088400000, 0x0000000088400000| Complete 
| 113|0x0000000088500000, 0x0000000088600000, 0x0000000088600000|100%| E|CS|TAMS 0x0000000088500000, 0x0000000088500000| Complete 
| 114|0x0000000088600000, 0x0000000088700000, 0x0000000088700000|100%| E|CS|TAMS 0x0000000088600000, 0x0000000088600000| Complete 
| 115|0x0000000088700000, 0x0000000088800000, 0x0000000088800000|100%| E|CS|TAMS 0x0000000088700000, 0x0000000088700000| Complete 
| 116|0x0000000088800000, 0x0000000088900000, 0x0000000088900000|100%| E|CS|TAMS 0x0000000088800000, 0x0000000088800000| Complete 
| 117|0x0000000088900000, 0x0000000088a00000, 0x0000000088a00000|100%| E|CS|TAMS 0x0000000088900000, 0x0000000088900000| Complete 
| 118|0x0000000088a00000, 0x0000000088b00000, 0x0000000088b00000|100%| E|CS|TAMS 0x0000000088a00000, 0x0000000088a00000| Complete 
| 119|0x0000000088b00000, 0x0000000088c00000, 0x0000000088c00000|100%| E|CS|TAMS 0x0000000088b00000, 0x0000000088b00000| Complete 
| 120|0x0000000088c00000, 0x0000000088d00000, 0x0000000088d00000|100%| E|CS|TAMS 0x0000000088c00000, 0x0000000088c00000| Complete 
| 121|0x0000000088d00000, 0x0000000088e00000, 0x0000000088e00000|100%| E|CS|TAMS 0x0000000088d00000, 0x0000000088d00000| Complete 
| 122|0x0000000088e00000, 0x0000000088f00000, 0x0000000088f00000|100%| E|CS|TAMS 0x0000000088e00000, 0x0000000088e00000| Complete 
| 123|0x0000000088f00000, 0x0000000089000000, 0x0000000089000000|100%| E|CS|TAMS 0x0000000088f00000, 0x0000000088f00000| Complete 
| 124|0x0000000089000000, 0x0000000089100000, 0x0000000089100000|100%| E|CS|TAMS 0x0000000089000000, 0x0000000089000000| Complete 
| 125|0x0000000089100000, 0x0000000089200000, 0x0000000089200000|100%| E|CS|TAMS 0x0000000089100000, 0x0000000089100000| Complete 
| 126|0x0000000089200000, 0x0000000089300000, 0x0000000089300000|100%| E|CS|TAMS 0x0000000089200000, 0x0000000089200000| Complete 
| 127|0x0000000089300000, 0x0000000089400000, 0x0000000089400000|100%| E|CS|TAMS 0x0000000089300000, 0x0000000089300000| Complete 

Card table byte_map: [0x000001512ef00000,0x000001512f300000] _byte_map_base: 0x000001512eaf6000

Marking Bits (Prev, Next): (CMBitMap*) 0x0000015115a024f0, (CMBitMap*) 0x0000015115a024b8
 Prev Bits: [0x00000151316b0000, 0x0000015133660000)
 Next Bits: [0x000001512f700000, 0x00000151316b0000)

Polling page: 0x0000015117260000

Metaspace:

Usage:
  Non-class:     28.49 MB capacity,    28.21 MB (>99%) used,   209.89 KB ( <1%) free+waste,    73.13 KB ( <1%) overhead. 
      Class:      3.78 MB capacity,     3.52 MB ( 93%) used,   234.05 KB (  6%) free+waste,    35.38 KB ( <1%) overhead. 
       Both:     32.27 MB capacity,    31.73 MB ( 98%) used,   443.94 KB (  1%) free+waste,   108.50 KB ( <1%) overhead. 

Virtual space:
  Non-class space:       30.00 MB reserved,      28.50 MB ( 95%) committed 
      Class space:        1.00 GB reserved,       3.88 MB ( <1%) committed 
             Both:        1.03 GB reserved,      32.38 MB (  3%) committed 

Chunk freelists:
   Non-Class:  1.63 KB
       Class:  384 bytes
        Both:  2.00 KB

CodeHeap 'non-profiled nmethods': size=120064Kb used=2020Kb max_used=2020Kb free=118043Kb
 bounds [0x0000015126f90000, 0x0000015127200000, 0x000001512e4d0000]
CodeHeap 'profiled nmethods': size=120000Kb used=9376Kb max_used=9376Kb free=110623Kb
 bounds [0x000001511fa60000, 0x0000015120390000, 0x0000015126f90000]
CodeHeap 'non-nmethods': size=5696Kb used=1321Kb max_used=1370Kb free=4374Kb
 bounds [0x000001511f4d0000, 0x000001511f740000, 0x000001511fa60000]
 total_blobs=5867 nmethods=4230 adapters=652
 compilation: enabled
              stopped_count=0, restarted_count=0
 full_count=0

Compilation events (10 events):
Event: 21.913 Thread 0x0000015135cc2800 nmethod 4411 0x0000015120387a10 code [0x0000015120387ca0, 0x0000015120388670]
Event: 21.913 Thread 0x0000015135cc2800 4412       3       java.lang.StringBuilder::append (6 bytes)
Event: 21.913 Thread 0x0000015135cc2800 nmethod 4412 0x0000015120388910 code [0x0000015120388ae0, 0x0000015120388cf0]
Event: 21.913 Thread 0x0000015135cc2800 4414   !   3       java.util.Formatter$FormatSpecifier::index (50 bytes)
Event: 21.913 Thread 0x0000015135cc2800 nmethod 4414 0x0000015120388e10 code [0x0000015120388fe0, 0x0000015120389230]
Event: 21.913 Thread 0x0000015135cc2800 4415       3       java.util.Formatter$Flags::parse (70 bytes)
Event: 21.914 Thread 0x0000015135cc2800 nmethod 4415 0x0000015120389310 code [0x00000151203895a0, 0x000001512038a050]
Event: 21.914 Thread 0x0000015135cc2800 4416   !   3       java.util.Formatter$FormatSpecifier::width (64 bytes)
Event: 21.914 Thread 0x0000015135cc2800 nmethod 4416 0x000001512038a590 code [0x000001512038a780, 0x000001512038aa80]
Event: 21.915 Thread 0x0000015135cbb000 nmethod 4413 0x0000015127189290 code [0x0000015127189420, 0x00000151271895f8]

GC Heap History (10 events):
Event: 0.734 GC heap before
{Heap before GC invocations=0 (full 0):
 garbage-first heap   total 131072K, used 13312K [0x0000000081400000, 0x0000000100000000)
  region size 1024K, 14 young (14336K), 0 survivors (0K)
 Metaspace       used 17973K, capacity 18379K, committed 18560K, reserved 1064960K
  class space    used 1968K, capacity 2157K, committed 2176K, reserved 1048576K
}
Event: 0.740 GC heap after
{Heap after GC invocations=1 (full 0):
 garbage-first heap   total 131072K, used 3664K [0x0000000081400000, 0x0000000100000000)
  region size 1024K, 2 young (2048K), 2 survivors (2048K)
 Metaspace       used 17973K, capacity 18379K, committed 18560K, reserved 1064960K
  class space    used 1968K, capacity 2157K, committed 2176K, reserved 1048576K
}
Event: 0.898 GC heap before
{Heap before GC invocations=1 (full 0):
 garbage-first heap   total 131072K, used 7760K [0x0000000081400000, 0x0000000100000000)
  region size 1024K, 7 young (7168K), 2 survivors (2048K)
 Metaspace       used 20757K, capacity 21187K, committed 21248K, reserved 1069056K
  class space    used 2303K, capacity 2517K, committed 2560K, reserved 1048576K
}
Event: 0.903 GC heap after
{Heap after GC invocations=2 (full 0):
 garbage-first heap   total 131072K, used 4865K [0x0000000081400000, 0x0000000100000000)
  region size 1024K, 4 young (4096K), 4 survivors (4096K)
 Metaspace       used 20757K, capacity 21187K, committed 21248K, reserved 1069056K
  class space    used 2303K, capacity 2517K, committed 2560K, reserved 1048576K
}
Event: 1.331 GC heap before
{Heap before GC invocations=3 (full 0):
 garbage-first heap   total 131072K, used 16129K [0x0000000081400000, 0x0000000100000000)
  region size 1024K, 15 young (15360K), 4 survivors (4096K)
 Metaspace       used 24753K, capacity 25250K, committed 25344K, reserved 1071104K
  class space    used 2819K, capacity 3042K, committed 3072K, reserved 1048576K
}
Event: 1.337 GC heap after
{Heap after GC invocations=4 (full 0):
 garbage-first heap   total 131072K, used 6966K [0x0000000081400000, 0x0000000100000000)
  region size 1024K, 2 young (2048K), 2 survivors (2048K)
 Metaspace       used 24753K, capacity 25250K, committed 25344K, reserved 1071104K
  class space    used 2819K, capacity 3042K, committed 3072K, reserved 1048576K
}
Event: 1.753 GC heap before
{Heap before GC invocations=4 (full 0):
 garbage-first heap   total 131072K, used 50998K [0x0000000081400000, 0x0000000100000000)
  region size 1024K, 45 young (46080K), 2 survivors (2048K)
 Metaspace       used 25974K, capacity 26435K, committed 26496K, reserved 1073152K
  class space    used 2955K, capacity 3179K, committed 3200K, reserved 1048576K
}
Event: 1.756 GC heap after
{Heap after GC invocations=5 (full 0):
 garbage-first heap   total 131072K, used 8194K [0x0000000081400000, 0x0000000100000000)
  region size 1024K, 4 young (4096K), 4 survivors (4096K)
 Metaspace       used 25974K, capacity 26435K, committed 26496K, reserved 1073152K
  class space    used 2955K, capacity 3179K, committed 3200K, reserved 1048576K
}
Event: 1.939 GC heap before
{Heap before GC invocations=5 (full 0):
 garbage-first heap   total 131072K, used 66562K [0x0000000081400000, 0x0000000100000000)
  region size 1024K, 61 young (62464K), 4 survivors (4096K)
 Metaspace       used 26035K, capacity 26509K, committed 26752K, reserved 1073152K
  class space    used 2957K, capacity 3181K, committed 3200K, reserved 1048576K
}
Event: 1.943 GC heap after
{Heap after GC invocations=6 (full 0):
 garbage-first heap   total 131072K, used 8250K [0x0000000081400000, 0x0000000100000000)
  region size 1024K, 4 young (4096K), 4 survivors (4096K)
 Metaspace       used 26035K, capacity 26509K, committed 26752K, reserved 1073152K
  class space    used 2957K, capacity 3181K, committed 3200K, reserved 1048576K
}

Deoptimization events (10 events):
Event: 2.520 Thread 0x00000151385e1000 Uncommon trap: reason=bimorphic_or_optimized_type_check action=maybe_recompile pc=0x00000151270433c0 method=java.util.Hashtable.put(Ljava/lang/Object;Ljava/lang/Object;)Ljava/lang/Object; @ 60 c2
Event: 2.542 Thread 0x00000151385e1000 Uncommon trap: reason=unstable_if action=reinterpret pc=0x0000015126fc94e0 method=jdk.internal.org.objectweb.asm.Frame.execute(IILjdk/internal/org/objectweb/asm/ClassWriter;Ljdk/internal/org/objectweb/asm/Item;)V @ 1 c2
Event: 2.646 Thread 0x00000151385e1000 Uncommon trap: reason=unstable_if action=reinterpret pc=0x000001512700ff48 method=java.nio.Buffer.limit(I)Ljava/nio/Buffer; @ 45 c2
Event: 2.648 Thread 0x00000151385e1000 Uncommon trap: reason=unstable_if action=reinterpret pc=0x0000015127086c6c method=java.util.TreeMap.put(Ljava/lang/Object;Ljava/lang/Object;)Ljava/lang/Object; @ 55 c2
Event: 2.738 Thread 0x00000151385e1000 Uncommon trap: reason=class_check action=maybe_recompile pc=0x00000151270b3b24 method=javax.swing.UIDefaults.getFromHashtable(Ljava/lang/Object;)Ljava/lang/Object; @ 122 c2
Event: 2.760 Thread 0x00000151385e1000 Uncommon trap: reason=unstable_if action=reinterpret pc=0x0000015127055cfc method=java.util.LinkedHashMap.get(Ljava/lang/Object;)Ljava/lang/Object; @ 20 c2
Event: 2.760 Thread 0x00000151385e1000 Uncommon trap: reason=unstable_if action=reinterpret pc=0x0000015126fced24 method=java.util.Arrays.equals([Ljava/lang/Object;[Ljava/lang/Object;)Z @ 44 c2
Event: 2.822 Thread 0x00000151385e1000 Uncommon trap: reason=class_check action=maybe_recompile pc=0x00000151270b3b24 method=javax.swing.UIDefaults.getFromHashtable(Ljava/lang/Object;)Ljava/lang/Object; @ 122 c2
Event: 12.345 Thread 0x0000015136cab800 Uncommon trap: reason=unstable_if action=reinterpret pc=0x0000015127006108 method=sun.awt.SunToolkit.getAppContext(Ljava/lang/Object;)Lsun/awt/AppContext; @ 4 c2
Event: 21.814 Thread 0x00000151385e1000 Uncommon trap: reason=unstable_if action=reinterpret pc=0x0000015127177160 method=sun.java2d.marlin.MarlinTileGenerator.getAlphaRLE([BII)V @ 1360 c2

Classes redefined (0 events):
No events

Internal exceptions (10 events):
Event: 18.500 Thread 0x00000151385e1000 Exception <a 'java/io/IOException'{0x0000000085aecf08}> (0x0000000085aecf08) thrown at [t:/workspace/open/src/hotspot/share/prims/jni.cpp, line 615]
Event: 18.500 Thread 0x00000151385e1000 Exception <a 'java/io/IOException'{0x0000000085aed4c0}> (0x0000000085aed4c0) thrown at [t:/workspace/open/src/hotspot/share/prims/jni.cpp, line 615]
Event: 18.500 Thread 0x00000151385e1000 Exception <a 'java/io/IOException'{0x0000000085af0c48}> (0x0000000085af0c48) thrown at [t:/workspace/open/src/hotspot/share/prims/jni.cpp, line 615]
Event: 18.500 Thread 0x00000151385e1000 Exception <a 'java/io/IOException'{0x0000000085af1200}> (0x0000000085af1200) thrown at [t:/workspace/open/src/hotspot/share/prims/jni.cpp, line 615]
Event: 21.911 Thread 0x00000151385e1000 Exception <a 'java/io/IOException'{0x000000008598caf8}> (0x000000008598caf8) thrown at [t:/workspace/open/src/hotspot/share/prims/jni.cpp, line 615]
Event: 21.911 Thread 0x00000151385e1000 Exception <a 'java/io/IOException'{0x000000008598d0b0}> (0x000000008598d0b0) thrown at [t:/workspace/open/src/hotspot/share/prims/jni.cpp, line 615]
Event: 21.912 Thread 0x00000151385e1000 Exception <a 'java/io/IOException'{0x0000000085990f80}> (0x0000000085990f80) thrown at [t:/workspace/open/src/hotspot/share/prims/jni.cpp, line 615]
Event: 21.912 Thread 0x00000151385e1000 Exception <a 'java/io/IOException'{0x0000000085991538}> (0x0000000085991538) thrown at [t:/workspace/open/src/hotspot/share/prims/jni.cpp, line 615]
Event: 21.912 Thread 0x00000151385e1000 Exception <a 'java/io/IOException'{0x0000000085995138}> (0x0000000085995138) thrown at [t:/workspace/open/src/hotspot/share/prims/jni.cpp, line 615]
Event: 21.912 Thread 0x00000151385e1000 Exception <a 'java/io/IOException'{0x00000000859956f0}> (0x00000000859956f0) thrown at [t:/workspace/open/src/hotspot/share/prims/jni.cpp, line 615]

Events (10 events):
Event: 20.228 loading class org/fife/ui/rsyntaxtextarea/focusabletip/FocusableTip$TextAreaListener done
Event: 21.814 Thread 0x00000151385e1000 Uncommon trap: trap_request=0xffffff4d fr.pc=0x0000015127177160 relative=0x0000000000001f80
Event: 21.814 Thread 0x00000151385e1000 DEOPT PACKING pc=0x0000015127177160 sp=0x0000002642bf9600
Event: 21.814 Thread 0x00000151385e1000 DEOPT UNPACKING pc=0x000001511f4f8f2f sp=0x0000002642bf9490 mode 2
Event: 21.913 loading class jssc/SerialPort$EventThread
Event: 21.913 loading class jssc/SerialPort$EventThread done
Event: 21.913 loading class jssc/SerialPort$LinuxEventThread
Event: 21.913 loading class jssc/SerialPort$LinuxEventThread done
Event: 21.913 loading class jssc/SerialPortTimeoutException
Event: 21.913 loading class jssc/SerialPortTimeoutException done


Dynamic libraries:
0x00007ff6865d0000 - 0x00007ff686617000 	C:\Program Files\Java\jdk-11.0.2\bin\javaw.exe
0x00007ffeb7930000 - 0x00007ffeb7b28000 	C:\WINDOWS\SYSTEM32\ntdll.dll
0x00007ffeb7800000 - 0x00007ffeb78bd000 	C:\WINDOWS\System32\KERNEL32.DLL
0x00007ffeb5150000 - 0x00007ffeb5446000 	C:\WINDOWS\System32\KERNELBASE.dll
0x00007ffeb68e0000 - 0x00007ffeb698e000 	C:\WINDOWS\System32\ADVAPI32.dll
0x00007ffeb6ba0000 - 0x00007ffeb6c3e000 	C:\WINDOWS\System32\msvcrt.dll
0x00007ffeb6fa0000 - 0x00007ffeb703c000 	C:\WINDOWS\System32\sechost.dll
0x00007ffeb5960000 - 0x00007ffeb5a86000 	C:\WINDOWS\System32\RPCRT4.dll
0x00007ffeb69f0000 - 0x00007ffeb6b8e000 	C:\WINDOWS\System32\USER32.dll
0x00007ffeb5450000 - 0x00007ffeb5472000 	C:\WINDOWS\System32\win32u.dll
0x00007ffeb68b0000 - 0x00007ffeb68dc000 	C:\WINDOWS\System32\GDI32.dll
0x00007ffeb54f0000 - 0x00007ffeb560a000 	C:\WINDOWS\System32\gdi32full.dll
0x00007ffeb58c0000 - 0x00007ffeb595d000 	C:\WINDOWS\System32\msvcp_win.dll
0x00007ffeb5770000 - 0x00007ffeb5870000 	C:\WINDOWS\System32\ucrtbase.dll
0x00007ffea0aa0000 - 0x00007ffea0d3a000 	C:\WINDOWS\WinSxS\amd64_microsoft.windows.common-controls_6595b64144ccf1df_6.0.19041.1110_none_60b5254171f9507e\COMCTL32.dll
0x00007ffead930000 - 0x00007ffead93a000 	C:\WINDOWS\SYSTEM32\VERSION.dll
0x00007ffeb6180000 - 0x00007ffeb61b0000 	C:\WINDOWS\System32\IMM32.DLL
0x00007ffeae670000 - 0x00007ffeae686000 	C:\Program Files\Java\jdk-11.0.2\bin\vcruntime140.dll
0x00007ffea8450000 - 0x00007ffea84fa000 	C:\Program Files\Java\jdk-11.0.2\bin\msvcp140.dll
0x00007ffe7b520000 - 0x00007ffe7c047000 	C:\Program Files\Java\jdk-11.0.2\bin\server\jvm.dll
0x00007ffeb6b90000 - 0x00007ffeb6b98000 	C:\WINDOWS\System32\PSAPI.DLL
0x00007ffe99190000 - 0x00007ffe99199000 	C:\WINDOWS\SYSTEM32\WSOCK32.dll
0x00007ffeaa690000 - 0x00007ffeaa6b7000 	C:\WINDOWS\SYSTEM32\WINMM.dll
0x00007ffeb6520000 - 0x00007ffeb658b000 	C:\WINDOWS\System32\WS2_32.dll
0x00007ffeb2e90000 - 0x00007ffeb2ea2000 	C:\WINDOWS\SYSTEM32\kernel.appcore.dll
0x00007ffeae590000 - 0x00007ffeae5a1000 	C:\Program Files\Java\jdk-11.0.2\bin\verify.dll
0x00007ffea8020000 - 0x00007ffea8204000 	C:\WINDOWS\SYSTEM32\DBGHELP.DLL
0x00007ffea7a10000 - 0x00007ffea7a44000 	C:\WINDOWS\SYSTEM32\dbgcore.DLL
0x00007ffeb4fe0000 - 0x00007ffeb5062000 	C:\WINDOWS\System32\bcryptPrimitives.dll
0x00007ffeae070000 - 0x00007ffeae099000 	C:\Program Files\Java\jdk-11.0.2\bin\java.dll
0x00007ffea9290000 - 0x00007ffea92a6000 	C:\Program Files\Java\jdk-11.0.2\bin\zip.dll
0x00007ffeb2800000 - 0x00007ffeb280a000 	C:\Program Files\Java\jdk-11.0.2\bin\jimage.dll
0x00007ffeb7050000 - 0x00007ffeb7795000 	C:\WINDOWS\System32\SHELL32.dll
0x00007ffeb3090000 - 0x00007ffeb382b000 	C:\WINDOWS\SYSTEM32\windows.storage.dll
0x00007ffeb6c40000 - 0x00007ffeb6f94000 	C:\WINDOWS\System32\combase.dll
0x00007ffeb49b0000 - 0x00007ffeb49de000 	C:\WINDOWS\SYSTEM32\Wldp.dll
0x00007ffeb6360000 - 0x00007ffeb640d000 	C:\WINDOWS\System32\SHCORE.dll
0x00007ffeb6990000 - 0x00007ffeb69e5000 	C:\WINDOWS\System32\shlwapi.dll
0x00007ffeb4f10000 - 0x00007ffeb4f35000 	C:\WINDOWS\SYSTEM32\profapi.dll
0x00007ffea9270000 - 0x00007ffea9289000 	C:\Program Files\Java\jdk-11.0.2\bin\net.dll
0x00007ffeacd90000 - 0x00007ffeace9a000 	C:\WINDOWS\SYSTEM32\WINHTTP.dll
0x00007ffea55f0000 - 0x00007ffea57dd000 	C:\WINDOWS\SYSTEM32\urlmon.dll
0x00007ffea5220000 - 0x00007ffea54dc000 	C:\WINDOWS\SYSTEM32\iertutil.dll
0x00007ffeaa220000 - 0x00007ffeaa249000 	C:\WINDOWS\SYSTEM32\srvcli.dll
0x00007ffeb4500000 - 0x00007ffeb450c000 	C:\WINDOWS\SYSTEM32\netutils.dll
0x00007ffeb46b0000 - 0x00007ffeb471a000 	C:\WINDOWS\system32\mswsock.dll
0x00007ffea91f0000 - 0x00007ffea9203000 	C:\Program Files\Java\jdk-11.0.2\bin\nio.dll
0x00007ffe83e00000 - 0x00007ffe83f9f000 	C:\Program Files\Java\jdk-11.0.2\bin\awt.dll
0x00007ffeb5a90000 - 0x00007ffeb5b5d000 	C:\WINDOWS\System32\OLEAUT32.dll
0x00007ffeb1420000 - 0x00007ffeb19e0000 	C:\WINDOWS\SYSTEM32\d2d1.dll
0x00007ffeb28e0000 - 0x00007ffeb2971000 	C:\WINDOWS\SYSTEM32\apphelp.dll
0x00007ffeb0700000 - 0x00007ffeb0709000 	C:\Program Files\Java\jdk-11.0.2\bin\prefs.dll
0x00007ffeb29c0000 - 0x00007ffeb2a5e000 	C:\WINDOWS\system32\uxtheme.dll
0x00007ffeb6630000 - 0x00007ffeb6744000 	C:\WINDOWS\System32\MSCTF.dll
0x00007ffeb61b0000 - 0x00007ffeb62da000 	C:\WINDOWS\System32\ole32.dll
0x00007ffeb2cb0000 - 0x00007ffeb2cdf000 	C:\WINDOWS\system32\DWMAPI.DLL
0x00007ffea03e0000 - 0x00007ffea0460000 	C:\Program Files\Java\jdk-11.0.2\bin\freetype.dll
0x00007ffea8c90000 - 0x00007ffea8cff000 	C:\Program Files\Java\jdk-11.0.2\bin\fontmanager.dll
0x00007ffe916b0000 - 0x00007ffe917d5000 	C:\WINDOWS\system32\opengl32.dll
0x00007ffea0460000 - 0x00007ffea048c000 	C:\WINDOWS\SYSTEM32\GLU32.dll
0x00007ffea9380000 - 0x00007ffea954d000 	C:\WINDOWS\system32\d3d9.dll
0x00007ffea95b0000 - 0x00007ffea966e000 	C:\WINDOWS\System32\DriverStore\FileRepository\nvmo.inf_amd64_c119453b13548e8e\nvldumdx.dll
0x00007ffeb4bb0000 - 0x00007ffeb4bc2000 	C:\WINDOWS\SYSTEM32\msasn1.dll
0x00007ffead6f0000 - 0x00007ffead721000 	C:\WINDOWS\SYSTEM32\cryptnet.dll
0x00007ffeb5610000 - 0x00007ffeb576e000 	C:\WINDOWS\System32\CRYPT32.dll
0x00007ffead350000 - 0x00007ffead498000 	C:\WINDOWS\SYSTEM32\drvstore.dll
0x00007ffeb4d70000 - 0x00007ffeb4da3000 	C:\WINDOWS\SYSTEM32\devobj.dll
0x00007ffeb5870000 - 0x00007ffeb58be000 	C:\WINDOWS\System32\cfgmgr32.dll
0x00007ffeb48c0000 - 0x00007ffeb48cc000 	C:\WINDOWS\SYSTEM32\cryptbase.dll
0x00007ffeb5480000 - 0x00007ffeb54e7000 	C:\WINDOWS\System32\WINTRUST.DLL
0x00007ffeb6890000 - 0x00007ffeb68ad000 	C:\WINDOWS\System32\imagehlp.dll
0x00007ffeb48a0000 - 0x00007ffeb48b8000 	C:\WINDOWS\SYSTEM32\CRYPTSP.dll
0x00007ffeb3fc0000 - 0x00007ffeb3ff4000 	C:\WINDOWS\system32\rsaenh.dll
0x00007ffeb5120000 - 0x00007ffeb5147000 	C:\WINDOWS\System32\bcrypt.dll
0x00007ffe71c50000 - 0x00007ffe7425a000 	C:\WINDOWS\System32\DriverStore\FileRepository\nvmo.inf_amd64_c119453b13548e8e\nvd3dumx.dll
0x00007ffe7aec0000 - 0x00007ffe7b187000 	C:\WINDOWS\system32\nvspcap64.dll
0x00007ffeb4100000 - 0x00007ffeb4133000 	C:\WINDOWS\SYSTEM32\ntmarta.dll
0x00007ffeb3840000 - 0x00007ffeb3863000 	C:\WINDOWS\SYSTEM32\gpapi.dll
0x00007ffeab6d0000 - 0x00007ffeab70b000 	C:\WINDOWS\SYSTEM32\dxcore.dll
0x00007ffeb6410000 - 0x00007ffeb64b9000 	C:\WINDOWS\System32\clbcatq.dll
0x00007ffeade90000 - 0x00007ffeae044000 	C:\WINDOWS\SYSTEM32\WindowsCodecs.dll
0x00007ffe98fe0000 - 0x00007ffe9901e000 	C:\WINDOWS\system32\dataexchange.dll
0x00007ffeb0d50000 - 0x00007ffeb0fb3000 	C:\WINDOWS\system32\d3d11.dll
0x00007ffeb1c90000 - 0x00007ffeb1e73000 	C:\WINDOWS\system32\dcomp.dll
0x00007ffeb3870000 - 0x00007ffeb3963000 	C:\WINDOWS\system32\dxgi.dll
0x00007ffeaf990000 - 0x00007ffeafb97000 	C:\WINDOWS\system32\twinapi.appcore.dll
0x00007ffe9e1e0000 - 0x00007ffe9e290000 	C:\WINDOWS\WinSxS\amd64_microsoft.windows.common-controls_6595b64144ccf1df_5.82.19041.1110_none_792d1c772443f647\comctl32.dll
0x00007ffeb0b10000 - 0x00007ffeb0c06000 	C:\WINDOWS\system32\propsys.dll
0x00007ffe8da10000 - 0x00007ffe8da27000 	C:\WINDOWS\system32\NetworkExplorer.dll
0x00007ffea7dd0000 - 0x00007ffea7ded000 	C:\WINDOWS\SYSTEM32\MPR.dll
0x0000000063360000 - 0x0000000063439000 	C:\WINDOWS\system32\pfmapi_192.dll
0x00007ffeb4ec0000 - 0x00007ffeb4ef2000 	C:\WINDOWS\SYSTEM32\SspiCli.dll
0x00007ffe8d370000 - 0x00007ffe8d399000 	C:\WINDOWS\System32\p9np.dll
0x00007ffe8f070000 - 0x00007ffe8f07b000 	C:\WINDOWS\System32\drprov.dll
0x00007ffeb4900000 - 0x00007ffeb495b000 	C:\WINDOWS\System32\WINSTA.dll
0x00007ffe8d0f0000 - 0x00007ffe8d10f000 	C:\WINDOWS\System32\ntlanman.dll
0x00007ffe8d0d0000 - 0x00007ffe8d0ee000 	C:\WINDOWS\System32\davclnt.dll
0x00007ffe8cce0000 - 0x00007ffe8cced000 	C:\WINDOWS\System32\DAVHLPR.dll
0x00007ffeb40e0000 - 0x00007ffeb40fb000 	C:\WINDOWS\System32\wkscli.dll
0x00007ffe9a4e0000 - 0x00007ffe9a4f2000 	C:\WINDOWS\SYSTEM32\cscapi.dll
0x00007ffe82010000 - 0x00007ffe82066000 	C:\Windows\System32\dlnashext.dll
0x00007ffe81fa0000 - 0x00007ffe82004000 	C:\Windows\System32\PlayToDevice.dll
0x00007ffe8ea00000 - 0x00007ffe8ea20000 	C:\Windows\System32\DevDispItemProvider.dll
0x00007ffeadb20000 - 0x00007ffeadba5000 	C:\WINDOWS\System32\MMDevApi.dll
0x00007ffe69ec0000 - 0x00007ffe69f61000 	C:\WINDOWS\system32\wpdshext.dll
0x00007ffea0d40000 - 0x00007ffea0ee5000 	C:\WINDOWS\WinSxS\amd64_microsoft.windows.gdiplus_6595b64144ccf1df_1.1.19041.2251_none_91a40448cc8846c1\gdiplus.dll
0x00007ffe861b0000 - 0x00007ffe86253000 	C:\Windows\System32\PortableDeviceApi.dll
0x00007ffeb5b60000 - 0x00007ffeb5fce000 	C:\WINDOWS\System32\SETUPAPI.dll
0x00007ffeadae0000 - 0x00007ffeadb12000 	C:\Windows\System32\PortableDeviceTypes.dll
0x00007ffe97770000 - 0x00007ffe977a7000 	C:\Windows\System32\EhStorShell.dll
0x00007ffeae720000 - 0x00007ffeae746000 	C:\Windows\System32\EhStorAPI.dll
0x00007ffeb27e0000 - 0x00007ffeb27f4000 	C:\Windows\System32\WTSAPI32.dll
0x00007ffe899d0000 - 0x00007ffe899dd000 	C:\WINDOWS\SYSTEM32\LINKINFO.dll
0x0000000071100000 - 0x0000000071125000 	C:\Users\liamw\.jssc\windows\jSSC-2.8_x86_64.dll
0x00007ffeb0550000 - 0x00007ffeb064a000 	C:\WINDOWS\SYSTEM32\textinputframework.dll
0x00007ffeb2240000 - 0x00007ffeb259e000 	C:\WINDOWS\System32\CoreUIComponents.dll
0x00007ffeb25a0000 - 0x00007ffeb2692000 	C:\WINDOWS\System32\CoreMessaging.dll
0x00007ffeb1b30000 - 0x00007ffeb1c85000 	C:\WINDOWS\SYSTEM32\wintypes.dll

dbghelp: loaded successfully - version: 4.0.5 - missing functions: none
symbol engine: initialized successfully - sym options: 0x614 - pdb path: .;C:\Program Files\Java\jdk-11.0.2\bin;C:\WINDOWS\SYSTEM32;C:\WINDOWS\WinSxS\amd64_microsoft.windows.common-controls_6595b64144ccf1df_6.0.19041.1110_none_60b5254171f9507e;C:\Program Files\Java\jdk-11.0.2\bin\server;C:\WINDOWS\System32\DriverStore\FileRepository\nvmo.inf_amd64_c119453b13548e8e;C:\WINDOWS\WinSxS\amd64_microsoft.windows.common-controls_6595b64144ccf1df_5.82.19041.1110_none_792d1c772443f647;C:\WINDOWS\WinSxS\amd64_microsoft.windows.gdiplus_6595b64144ccf1df_1.1.19041.2251_none_91a40448cc8846c1;C:\Users\liamw\.jssc\windows

VM Arguments:
java_command: C:\Users\liamw\Downloads\ESP TOOLS\ESPlorer\ESPlorer.jar
java_class_path (initial): C:\Users\liamw\Downloads\ESP TOOLS\ESPlorer\ESPlorer.jar
Launcher Type: SUN_STANDARD

[Global flags]
     intx CICompilerCount                          = 3                                         {product} {ergonomic}
     uint ConcGCThreads                            = 1                                         {product} {ergonomic}
     uint G1ConcRefinementThreads                  = 4                                         {product} {ergonomic}
   size_t G1HeapRegionSize                         = 1048576                                   {product} {ergonomic}
    uintx GCDrainStackTargetSize                   = 64                                        {product} {ergonomic}
   size_t InitialHeapSize                          = 134217728                                 {product} {ergonomic}
   size_t MarkStackSize                            = 4194304                                   {product} {ergonomic}
   size_t MaxHeapSize                              = 2126512128                                {product} {ergonomic}
   size_t MaxNewSize                               = 1275068416                                {product} {ergonomic}
   size_t MinHeapDeltaBytes                        = 1048576                                   {product} {ergonomic}
    uintx NonNMethodCodeHeapSize                   = 5830092                                {pd product} {ergonomic}
    uintx NonProfiledCodeHeapSize                  = 122914074                              {pd product} {ergonomic}
    uintx ProfiledCodeHeapSize                     = 122914074                              {pd product} {ergonomic}
    uintx ReservedCodeCacheSize                    = 251658240                              {pd product} {ergonomic}
     bool SegmentedCodeCache                       = true                                      {product} {ergonomic}
     bool UseCompressedClassPointers               = true                                 {lp64_product} {ergonomic}
     bool UseCompressedOops                        = true                                 {lp64_product} {ergonomic}
     bool UseG1GC                                  = true                                      {product} {ergonomic}
     bool UseLargePagesIndividualAllocation        = false                                  {pd product} {ergonomic}

Logging:
Log output configuration:
 #0: stdout all=warning uptime,level,tags
 #1: stderr all=off uptime,level,tags

Environment Variables:
PATH=C:\Python310\Scripts\;C:\Python310\;C:\Program Files (x86)\Common Files\Oracle\Java\javapath;C:\Windows\system32;C:\Windows;C:\Windows\System32\Wbem;C:\Windows\System32\WindowsPowerShell\v1.0\;C:\Windows\System32\OpenSSH\;C:\Program Files\Java\jdk-11.0.2\bin;C:\Users\liamw\AppData\Local\Microsoft\WindowsApps;C:\adb;C:\WINDOWS\system32;C:\WINDOWS;C:\WINDOWS\System32\Wbem;C:\WINDOWS\System32\WindowsPowerShell\v1.0\;C:\WINDOWS\System32\OpenSSH\;C:\Program Files\NVIDIA Corporation\NVIDIA NvDLISR;C:\Program Files\PuTTY\;C:\Program Files\Git\cmd;C:\Program Files (x86)\NVIDIA Corporation\PhysX\Common;C:\Program Files\nodejs\;C:\ProgramData\chocolatey\bin;D:\CMake\bin;C:\Program Files (x86)\dotnet\;D:\MATLAB\v93\runtime\win64;C:\Users\liamw\.cargo\bin;C:\Users\liamw\AppData\Local\Programs\Python\Python38-32\Scripts\;C:\Users\liamw\AppData\Local\Programs\Python\Python38-32\;C:\Users\liamw\AppData\Local\Microsoft\WindowsApps;C:\Users\liamw\AppData\Local\Microsoft\WindowsApps;D:\MiKTeX\miktex\bin\x64\;C:\Program Files (x86)\Atmel\Flip 3.4.7\bin;C:\Users\liamw\AppData\Roaming\npm;C:\Users\liamw\AppData\Local\JetBrains\Toolbox\scripts
USERNAME=liamw
OS=Windows_NT
PROCESSOR_IDENTIFIER=Intel64 Family 6 Model 158 Stepping 9, GenuineIntel



---------------  S Y S T E M  ---------------

OS: Windows 10 , 64 bit Build 19041 (10.0.19041.3393)

CPU:total 4 (initial active 4) (4 cores per cpu, 1 threads per core) family 6 model 158 stepping 9, cmov, cx8, fxsr, mmx, sse, sse2, sse3, ssse3, sse4.1, sse4.2, popcnt, avx, avx2, aes, clmul, erms, 3dnowpref, lzcnt, tsc, tscinvbit, bmi1, bmi2, adx, fma

Memory: 4k page, system-wide physical 8111M (1434M free)
TotalPageFile size 15535M (AvailPageFile size 5468M)
current process WorkingSet (physical memory assigned to process): 198M, peak: 241M
current process commit charge ("private bytes"): 290M, peak: 334M

vm_info: Java HotSpot(TM) 64-Bit Server VM (11.0.2+9-LTS) for windows-amd64 JRE (11.0.2+9-LTS), built on Jan 18 2019 05:24:10 by "mach5one" with MS VC++ 15.5 (VS2017)

END.
