#
# A fatal error has been detected by the Java Runtime Environment:
#
#  EXCEPTION_ACCESS_VIOLATION (0xc0000005) at pc=0x000000007110b5db, pid=17556, tid=15296
#
# JRE version: Java(TM) SE Runtime Environment (11.0.2+9) (build 11.0.2+9-LTS)
# Java VM: Java HotSpot(TM) 64-Bit Server VM (11.0.2+9-LTS, mixed mode, tiered, compressed oops, g1 gc, windows-amd64)
# Problematic frame:
# C  [jSSC-2.8_x86_64.dll+0xb5db]
#
# No core dump will be written. Minidumps are not enabled by default on client versions of Windows
#
# If you would like to submit a bug report, please visit:
#   http://bugreport.java.com/bugreport/crash.jsp
# The crash happened outside the Java Virtual Machine in native code.
# See problematic frame for where to report the bug.
#

---------------  S U M M A R Y ------------

Command Line: C:\Users\liamw\Downloads\ESP TOOLS\ESPlorer\ESPlorer.jar

Host: Intel(R) Core(TM) i5-7400 CPU @ 3.00GHz, 4 cores, 7G,  Windows 10 , 64 bit Build 19041 (10.0.19041.3393)
Time: Wed Oct 11 16:49:40 2023 GMT Daylight Time elapsed time: 10 seconds (0d 0h 0m 10s)

---------------  T H R E A D  ---------------

Current thread (0x0000017afafa2800):  JavaThread "AWT-EventQueue-0" [_thread_in_native, id=15296, stack(0x00000066f6b00000,0x00000066f6c00000)]

Stack: [0x00000066f6b00000,0x00000066f6c00000],  sp=0x00000066f6bfabd0,  free space=1002k
Native frames: (J=compiled Java code, j=interpreted, Vv=VM code, C=native code)
C  [jSSC-2.8_x86_64.dll+0xb5db]

Java frames: (J=compiled Java code, j=interpreted, Vv=VM code)
j  jssc.SerialNativeInterface.openPort(Ljava/lang/String;Z)J+0
j  jssc.SerialPort.openPort()Z+65
j  ESPlorer.ESPlorer.portOpen()Z+108
j  ESPlorer.ESPlorer.OpenActionPerformed(Ljava/awt/event/ActionEvent;)V+160
j  ESPlorer.ESPlorer.access$18300(LESPlorer/ESPlorer;Ljava/awt/event/ActionEvent;)V+2
j  ESPlorer.ESPlorer$181.actionPerformed(Ljava/awt/event/ActionEvent;)V+5
j  javax.swing.AbstractButton.fireActionPerformed(Ljava/awt/event/ActionEvent;)V+83 java.desktop@11.0.2
j  javax.swing.AbstractButton$Handler.actionPerformed(Ljava/awt/event/ActionEvent;)V+5 java.desktop@11.0.2
j  javax.swing.DefaultButtonModel.fireActionPerformed(Ljava/awt/event/ActionEvent;)V+34 java.desktop@11.0.2
j  javax.swing.JToggleButton$ToggleButtonModel.setPressed(Z)V+148 java.desktop@11.0.2
j  javax.swing.plaf.basic.BasicButtonListener.mouseReleased(Ljava/awt/event/MouseEvent;)V+35 java.desktop@11.0.2
j  java.awt.AWTEventMulticaster.mouseReleased(Ljava/awt/event/MouseEvent;)V+8 java.desktop@11.0.2
j  java.awt.Component.processMouseEvent(Ljava/awt/event/MouseEvent;)V+64 java.desktop@11.0.2
j  javax.swing.JComponent.processMouseEvent(Ljava/awt/event/MouseEvent;)V+23 java.desktop@11.0.2
J 3894 c1 java.awt.Component.processEvent(Ljava/awt/AWTEvent;)V java.desktop@11.0.2 (220 bytes) @ 0x0000017ae41e7ef4 [0x0000017ae41e7900+0x00000000000005f4]
J 3935 c1 java.awt.Container.processEvent(Ljava/awt/AWTEvent;)V java.desktop@11.0.2 (22 bytes) @ 0x0000017ae4204d24 [0x0000017ae4204a00+0x0000000000000324]
J 3916 c1 java.awt.Component.dispatchEventImpl(Ljava/awt/AWTEvent;)V java.desktop@11.0.2 (777 bytes) @ 0x0000017ae41f3dac [0x0000017ae41f01a0+0x0000000000003c0c]
J 3836 c1 java.awt.Container.dispatchEventImpl(Ljava/awt/AWTEvent;)V java.desktop@11.0.2 (129 bytes) @ 0x0000017ae41aaf1c [0x0000017ae41aade0+0x000000000000013c]
J 3947 c1 java.awt.LightweightDispatcher.retargetMouseEvent(Ljava/awt/Component;ILjava/awt/event/MouseEvent;)V java.desktop@11.0.2 (372 bytes) @ 0x0000017ae420cbfc [0x0000017ae420a620+0x00000000000025dc]
J 3960 c1 java.awt.LightweightDispatcher.processMouseEvent(Ljava/awt/event/MouseEvent;)Z java.desktop@11.0.2 (265 bytes) @ 0x0000017ae42173ac [0x0000017ae42163e0+0x0000000000000fcc]
J 3977 c1 java.awt.LightweightDispatcher.dispatchEvent(Ljava/awt/AWTEvent;)Z java.desktop@11.0.2 (73 bytes) @ 0x0000017ae421d944 [0x0000017ae421d520+0x0000000000000424]
J 3836 c1 java.awt.Container.dispatchEventImpl(Ljava/awt/AWTEvent;)V java.desktop@11.0.2 (129 bytes) @ 0x0000017ae41aaebc [0x0000017ae41aade0+0x00000000000000dc]
J 3954 c1 java.awt.Window.dispatchEventImpl(Ljava/awt/AWTEvent;)V java.desktop@11.0.2 (23 bytes) @ 0x0000017ae421256c [0x0000017ae4211fa0+0x00000000000005cc]
J 3920 c1 java.awt.EventQueue.dispatchEventImpl(Ljava/awt/AWTEvent;Ljava/lang/Object;)V java.desktop@11.0.2 (136 bytes) @ 0x0000017ae41f9c54 [0x0000017ae41f97c0+0x0000000000000494]
J 3919 c1 java.awt.EventQueue$4.run()Ljava/lang/Void; java.desktop@11.0.2 (60 bytes) @ 0x0000017ae41f902c [0x0000017ae41f8f00+0x000000000000012c]
J 3879 c1 java.awt.EventQueue$4.run()Ljava/lang/Object; java.desktop@11.0.2 (5 bytes) @ 0x0000017ae41db2c4 [0x0000017ae41db240+0x0000000000000084]
v  ~StubRoutines::call_stub
J 1551  java.security.AccessController.doPrivileged(Ljava/security/PrivilegedAction;Ljava/security/AccessControlContext;)Ljava/lang/Object; java.base@11.0.2 (0 bytes) @ 0x0000017aeafc0026 [0x0000017aeafbffc0+0x0000000000000066]
J 3908 c1 java.awt.EventQueue$5.run()Ljava/lang/Object; java.desktop@11.0.2 (5 bytes) @ 0x0000017ae41ecc2c [0x0000017ae41ec8e0+0x000000000000034c]
v  ~StubRoutines::call_stub
J 1551  java.security.AccessController.doPrivileged(Ljava/security/PrivilegedAction;Ljava/security/AccessControlContext;)Ljava/lang/Object; java.base@11.0.2 (0 bytes) @ 0x0000017aeafc0026 [0x0000017aeafbffc0+0x0000000000000066]
J 3881 c1 java.awt.EventQueue.dispatchEvent(Ljava/awt/AWTEvent;)V java.desktop@11.0.2 (80 bytes) @ 0x0000017ae41dd8cc [0x0000017ae41dce20+0x0000000000000aac]
J 3828 c1 java.awt.EventDispatchThread.pumpOneEventForFilters(I)V java.desktop@11.0.2 (113 bytes) @ 0x0000017ae41a5e2c [0x0000017ae41a5720+0x000000000000070c]
j  java.awt.EventDispatchThread.pumpEventsForFilter(ILjava/awt/Conditional;Ljava/awt/EventFilter;)V+35 java.desktop@11.0.2
j  java.awt.EventDispatchThread.pumpEventsForHierarchy(ILjava/awt/Conditional;Ljava/awt/Component;)V+11 java.desktop@11.0.2
j  java.awt.EventDispatchThread.pumpEvents(ILjava/awt/Conditional;)V+4 java.desktop@11.0.2
j  java.awt.EventDispatchThread.pumpEvents(Ljava/awt/Conditional;)V+3 java.desktop@11.0.2
j  java.awt.EventDispatchThread.run()V+9 java.desktop@11.0.2
v  ~StubRoutines::call_stub

siginfo: EXCEPTION_ACCESS_VIOLATION (0xc0000005), reading address 0xffffffffff629b7a


Register to memory mapping:

RIP=0x000000007110b5db jSSC-2.8_x86_64.dll
RAX=0xffffffffff629b7a is an unknown value
RBX=0x00000066f6bfac40 is pointing into the stack for thread: 0x0000017afafa2800
RCX=0x00007ffeb79cd034 ntdll.dll
RDX=0x0 is NULL
RSP=0x00000066f6bfabd0 is pointing into the stack for thread: 0x0000017afafa2800
RBP=0x00000066f6bfad50 is pointing into the stack for thread: 0x0000017afafa2800
RSI=0x0000017afafa2b40 points into unknown readable memory: b0 3d f1 7b fe 7f 00 00
RDI=0x0000000000000e10 is an unknown value
R8 =0x00000066f6bfaac8 is pointing into the stack for thread: 0x0000017afafa2800
R9 =0x00000066f6bfabc0 is pointing into the stack for thread: 0x0000017afafa2800
R10=0x0 is NULL
R11=0x0000000000000246 is an unknown value
R12=0x00000066f6bfae08 is pointing into the stack for thread: 0x0000017afafa2800
R13=0x0000017a85a81aa0 points into unknown readable memory: 43 4f 4d 33 00 70 00 00
R14=0x00000066f6bfad00 is pointing into the stack for thread: 0x0000017afafa2800
R15=0x0000017afafa2800 is a thread


Registers:
RAX=0xffffffffff629b7a, RBX=0x00000066f6bfac40, RCX=0x00007ffeb79cd034, RDX=0x0000000000000000
RSP=0x00000066f6bfabd0, RBP=0x00000066f6bfad50, RSI=0x0000017afafa2b40, RDI=0x0000000000000e10
R8 =0x00000066f6bfaac8, R9 =0x00000066f6bfabc0, R10=0x0000000000000000, R11=0x0000000000000246
R12=0x00000066f6bfae08, R13=0x0000017a85a81aa0, R14=0x00000066f6bfad00, R15=0x0000017afafa2800
RIP=0x000000007110b5db, EFLAGS=0x0000000000010206

Top of Stack: (sp=0x00000066f6bfabd0)
0x00000066f6bfabd0:   0000017a87ffee30 0000017a85a81900
0x00000066f6bfabe0:   000000007110b230 0000017ad9840000
0x00000066f6bfabf0:   0000017ad97d0000 0000000000000004
0x00000066f6bfac00:   0000017afafa2b40 0000000000000e10
0x00000066f6bfac10:   00000066f6bfad50 0000000071112590
0x00000066f6bfac20:   0000017afafa2800 00000066f6bfad00
0x00000066f6bfac30:   0000017a85a81aa0 00000066f6bfae08
0x00000066f6bfac40:   0000017a85a81aa0 00007ffeb79547b1
0x00000066f6bfac50:   00000066f6bfac80 0000017ad9840000
0x00000066f6bfac60:   00000066f6bfad50 0000000000000000
0x00000066f6bfac70:   0000000071113500 0000000071113be8
0x00000066f6bfac80:   00000066f6bfacb0 0000000071112641
0x00000066f6bfac90:   00000066f6bfac20 0000017afafa2b40
0x00000066f6bfaca0:   0000000000000000 0000000000000000
0x00000066f6bfacb0:   00000066f6bfad50 0000000071101595
0x00000066f6bfacc0:   000000000000001c 0000017a00000000 

Instructions: (pc=0x000000007110b5db)
0x000000007110b5bb:   c5 0f 1f 40 00 55 57 56 53 48 83 ec 28 48 8b 05
0x000000007110b5cb:   39 33 01 00 48 89 cb 48 85 c0 0f 84 c5 00 00 00
0x000000007110b5db:   8b 38 85 ff 0f 88 ab 00 00 00 48 8b 05 1c 33 01
0x000000007110b5eb:   00 48 85 c0 0f 84 bc 00 00 00 8b 30 85 f6 74 57 


Stack slot to memory mapping:
stack at sp + 0 slots: 0x0000017a87ffee30 points into unknown readable memory: 5c 00 5c 00 2e 00 5c 00
stack at sp + 1 slots: 0x0000017a85a81900 points into unknown readable memory: d0 de fa 85 7a 01 00 00
stack at sp + 2 slots: 0x000000007110b230 jSSC-2.8_x86_64.dll
stack at sp + 3 slots: 0x0000017ad9840000 points into unknown readable memory: 00 00 00 00 00 00 00 00
stack at sp + 4 slots: 0x0000017ad97d0000 points into unknown readable memory: 00 00 00 00 00 00 00 00
stack at sp + 5 slots: 0x0000000000000004 is an unknown value
stack at sp + 6 slots: 0x0000017afafa2b40 points into unknown readable memory: b0 3d f1 7b fe 7f 00 00
stack at sp + 7 slots: 0x0000000000000e10 is an unknown value


---------------  P R O C E S S  ---------------

Threads class SMR info:
_java_thread_list=0x0000017a84f29de0, length=17, elements={
0x0000017af9c50800, 0x0000017af9c5b800, 0x0000017af9c69800, 0x0000017af9c6b800,
0x0000017af9c6f000, 0x0000017af9c7b800, 0x0000017afa614000, 0x0000017afa771000,
0x0000017afa763800, 0x0000017afab61800, 0x0000017afab9b800, 0x0000017afab53800,
0x0000017afafa2800, 0x0000017ad9974000, 0x0000017afc603000, 0x0000017a846ef800,
0x0000017afcbec800
}

Java Threads: ( => current thread )
  0x0000017af9c50800 JavaThread "Reference Handler" daemon [_thread_blocked, id=4556, stack(0x00000066f5d00000,0x00000066f5e00000)]
  0x0000017af9c5b800 JavaThread "Finalizer" daemon [_thread_blocked, id=14544, stack(0x00000066f5e00000,0x00000066f5f00000)]
  0x0000017af9c69800 JavaThread "Signal Dispatcher" daemon [_thread_blocked, id=5528, stack(0x00000066f5f00000,0x00000066f6000000)]
  0x0000017af9c6b800 JavaThread "Attach Listener" daemon [_thread_blocked, id=8924, stack(0x00000066f6000000,0x00000066f6100000)]
  0x0000017af9c6f000 JavaThread "C2 CompilerThread0" daemon [_thread_blocked, id=5772, stack(0x00000066f6100000,0x00000066f6200000)]
  0x0000017af9c7b800 JavaThread "C1 CompilerThread0" daemon [_thread_blocked, id=15420, stack(0x00000066f6200000,0x00000066f6300000)]
  0x0000017afa614000 JavaThread "Sweeper thread" daemon [_thread_blocked, id=18720, stack(0x00000066f6300000,0x00000066f6400000)]
  0x0000017afa771000 JavaThread "Service Thread" daemon [_thread_blocked, id=11852, stack(0x00000066f6400000,0x00000066f6500000)]
  0x0000017afa763800 JavaThread "Common-Cleaner" daemon [_thread_blocked, id=7532, stack(0x00000066f6600000,0x00000066f6700000)]
  0x0000017afab61800 JavaThread "Java2D Disposer" daemon [_thread_blocked, id=17996, stack(0x00000066f6700000,0x00000066f6800000)]
  0x0000017afab9b800 JavaThread "AWT-Shutdown" [_thread_blocked, id=7712, stack(0x00000066f6800000,0x00000066f6900000)]
  0x0000017afab53800 JavaThread "AWT-Windows" daemon [_thread_in_native, id=18560, stack(0x00000066f6900000,0x00000066f6a00000)]
=>0x0000017afafa2800 JavaThread "AWT-EventQueue-0" [_thread_in_native, id=15296, stack(0x00000066f6b00000,0x00000066f6c00000)]
  0x0000017ad9974000 JavaThread "DestroyJavaVM" [_thread_blocked, id=3840, stack(0x00000066f5600000,0x00000066f5700000)]
  0x0000017afc603000 JavaThread "TimerQueue" daemon [_thread_blocked, id=7196, stack(0x00000066f7100000,0x00000066f7200000)]
  0x0000017a846ef800 JavaThread "Swing-Shell" daemon [_thread_blocked, id=4532, stack(0x00000066f7800000,0x00000066f7900000)]
  0x0000017afcbec800 JavaThread "D3D Screen Updater" daemon [_thread_blocked, id=13124, stack(0x00000066f7b00000,0x00000066f7c00000)]

Other Threads:
  0x0000017af9c2a000 VMThread "VM Thread" [stack: 0x00000066f5c00000,0x00000066f5d00000] [id=19348]
  0x0000017afa762800 WatcherThread [stack: 0x00000066f6500000,0x00000066f6600000] [id=13024]
  0x0000017ad9989800 GCTaskThread "GC Thread#0" [stack: 0x00000066f5700000,0x00000066f5800000] [id=8596]
  0x0000017afc83e800 GCTaskThread "GC Thread#1" [stack: 0x00000066f6a00000,0x00000066f6b00000] [id=9832]
  0x0000017afc9b9000 GCTaskThread "GC Thread#2" [stack: 0x00000066f6e00000,0x00000066f6f00000] [id=3292]
  0x0000017afc8c5800 GCTaskThread "GC Thread#3" [stack: 0x00000066f6f00000,0x00000066f7000000] [id=5232]
  0x0000017ad99ba800 ConcurrentGCThread "G1 Main Marker" [stack: 0x00000066f5800000,0x00000066f5900000] [id=13772]
  0x0000017ad99bc000 ConcurrentGCThread "G1 Conc#0" [stack: 0x00000066f5900000,0x00000066f5a00000] [id=12300]
  0x0000017ad9a4e000 ConcurrentGCThread "G1 Refine#0" [stack: 0x00000066f5a00000,0x00000066f5b00000] [id=4324]
  0x0000017afaa5d800 ConcurrentGCThread "G1 Refine#1" [stack: 0x00000066f7000000,0x00000066f7100000] [id=4612]
  0x0000017ad9a51000 ConcurrentGCThread "G1 Young RemSet Sampling" [stack: 0x00000066f5b00000,0x00000066f5c00000] [id=13900]

Threads with active compile tasks:

VM state:not at safepoint (normal execution)

VM Mutex/Monitor currently owned by a thread: None

Heap address: 0x0000000081400000, size: 2028 MB, Compressed Oops mode: 32-bit
Narrow klass base: 0x0000000000000000, Narrow klass shift: 3
Compressed class space size: 1073741824 Address: 0x0000000100000000

Heap:
 garbage-first heap   total 157696K, used 78955K [0x0000000081400000, 0x0000000100000000)
  region size 1024K, 68 young (69632K), 4 survivors (4096K)
 Metaspace       used 32375K, capacity 32976K, committed 33152K, reserved 1079296K
  class space    used 3597K, capacity 3869K, committed 3968K, reserved 1048576K
Heap Regions: E=young(eden), S=young(survivor), O=old, HS=humongous(starts), HC=humongous(continues), CS=collection set, F=free, A=archive, TAMS=top-at-mark-start (previous, next)
|   0|0x0000000081400000, 0x0000000081500000, 0x0000000081500000|100%| O|  |TAMS 0x0000000081500000, 0x0000000081400000| Untracked 
|   1|0x0000000081500000, 0x0000000081600000, 0x0000000081600000|100%| O|  |TAMS 0x00000000815c7400, 0x0000000081500000| Untracked 
|   2|0x0000000081600000, 0x0000000081700000, 0x0000000081700000|100%| O|  |TAMS 0x0000000081600000, 0x0000000081600000| Untracked 
|   3|0x0000000081700000, 0x0000000081800000, 0x0000000081800000|100%| O|  |TAMS 0x0000000081700000, 0x0000000081700000| Untracked 
|   4|0x0000000081800000, 0x000000008181ac00, 0x0000000081900000| 10%| O|  |TAMS 0x0000000081800000, 0x0000000081800000| Untracked 
|   5|0x0000000081900000, 0x0000000081a00000, 0x0000000081a00000|100%|HS|  |TAMS 0x0000000081900000, 0x0000000081900000| Complete 
|   6|0x0000000081a00000, 0x0000000081b00000, 0x0000000081b00000|100%|HS|  |TAMS 0x0000000081a00000, 0x0000000081a00000| Complete 
|   7|0x0000000081b00000, 0x0000000081c00000, 0x0000000081c00000|100%|HS|  |TAMS 0x0000000081b00000, 0x0000000081b00000| Complete 
|   8|0x0000000081c00000, 0x0000000081d00000, 0x0000000081d00000|100%|HS|  |TAMS 0x0000000081c00000, 0x0000000081c00000| Complete 
|   9|0x0000000081d00000, 0x0000000081e00000, 0x0000000081e00000|100%|HS|  |TAMS 0x0000000081d00000, 0x0000000081d00000| Complete 
|  10|0x0000000081e00000, 0x0000000081f00000, 0x0000000081f00000|100%|HS|  |TAMS 0x0000000081e00000, 0x0000000081e00000| Complete 
|  11|0x0000000081f00000, 0x0000000081f00000, 0x0000000082000000|  0%| F|  |TAMS 0x0000000081f00000, 0x0000000081f00000| Untracked 
|  12|0x0000000082000000, 0x0000000082000000, 0x0000000082100000|  0%| F|  |TAMS 0x0000000082000000, 0x0000000082000000| Untracked 
|  13|0x0000000082100000, 0x0000000082100000, 0x0000000082200000|  0%| F|  |TAMS 0x0000000082100000, 0x0000000082100000| Untracked 
|  14|0x0000000082200000, 0x0000000082200000, 0x0000000082300000|  0%| F|  |TAMS 0x0000000082200000, 0x0000000082200000| Untracked 
|  15|0x0000000082300000, 0x0000000082300000, 0x0000000082400000|  0%| F|  |TAMS 0x0000000082300000, 0x0000000082300000| Untracked 
|  16|0x0000000082400000, 0x0000000082400000, 0x0000000082500000|  0%| F|  |TAMS 0x0000000082400000, 0x0000000082400000| Untracked 
|  17|0x0000000082500000, 0x0000000082500000, 0x0000000082600000|  0%| F|  |TAMS 0x0000000082500000, 0x0000000082500000| Untracked 
|  18|0x0000000082600000, 0x0000000082600000, 0x0000000082700000|  0%| F|  |TAMS 0x0000000082600000, 0x0000000082600000| Untracked 
|  19|0x0000000082700000, 0x0000000082700000, 0x0000000082800000|  0%| F|  |TAMS 0x0000000082700000, 0x0000000082700000| Untracked 
|  20|0x0000000082800000, 0x0000000082800000, 0x0000000082900000|  0%| F|  |TAMS 0x0000000082800000, 0x0000000082800000| Untracked 
|  21|0x0000000082900000, 0x0000000082900000, 0x0000000082a00000|  0%| F|  |TAMS 0x0000000082900000, 0x0000000082900000| Untracked 
|  22|0x0000000082a00000, 0x0000000082a00000, 0x0000000082b00000|  0%| F|  |TAMS 0x0000000082a00000, 0x0000000082a00000| Untracked 
|  23|0x0000000082b00000, 0x0000000082b00000, 0x0000000082c00000|  0%| F|  |TAMS 0x0000000082b00000, 0x0000000082b00000| Untracked 
|  24|0x0000000082c00000, 0x0000000082c00000, 0x0000000082d00000|  0%| F|  |TAMS 0x0000000082c00000, 0x0000000082c00000| Untracked 
|  25|0x0000000082d00000, 0x0000000082d00000, 0x0000000082e00000|  0%| F|  |TAMS 0x0000000082d00000, 0x0000000082d00000| Untracked 
|  26|0x0000000082e00000, 0x0000000082e00000, 0x0000000082f00000|  0%| F|  |TAMS 0x0000000082e00000, 0x0000000082e00000| Untracked 
|  27|0x0000000082f00000, 0x0000000082f00000, 0x0000000083000000|  0%| F|  |TAMS 0x0000000082f00000, 0x0000000082f00000| Untracked 
|  28|0x0000000083000000, 0x0000000083000000, 0x0000000083100000|  0%| F|  |TAMS 0x0000000083000000, 0x0000000083000000| Untracked 
|  29|0x0000000083100000, 0x0000000083100000, 0x0000000083200000|  0%| F|  |TAMS 0x0000000083100000, 0x0000000083100000| Untracked 
|  30|0x0000000083200000, 0x0000000083200000, 0x0000000083300000|  0%| F|  |TAMS 0x0000000083200000, 0x0000000083200000| Untracked 
|  31|0x0000000083300000, 0x0000000083300000, 0x0000000083400000|  0%| F|  |TAMS 0x0000000083300000, 0x0000000083300000| Untracked 
|  32|0x0000000083400000, 0x0000000083400000, 0x0000000083500000|  0%| F|  |TAMS 0x0000000083400000, 0x0000000083400000| Untracked 
|  33|0x0000000083500000, 0x0000000083500000, 0x0000000083600000|  0%| F|  |TAMS 0x0000000083500000, 0x0000000083500000| Untracked 
|  34|0x0000000083600000, 0x0000000083600000, 0x0000000083700000|  0%| F|  |TAMS 0x0000000083600000, 0x0000000083600000| Untracked 
|  35|0x0000000083700000, 0x0000000083700000, 0x0000000083800000|  0%| F|  |TAMS 0x0000000083700000, 0x0000000083700000| Untracked 
|  36|0x0000000083800000, 0x0000000083800000, 0x0000000083900000|  0%| F|  |TAMS 0x0000000083800000, 0x0000000083800000| Untracked 
|  37|0x0000000083900000, 0x0000000083900000, 0x0000000083a00000|  0%| F|  |TAMS 0x0000000083900000, 0x0000000083900000| Untracked 
|  38|0x0000000083a00000, 0x0000000083a00000, 0x0000000083b00000|  0%| F|  |TAMS 0x0000000083a00000, 0x0000000083a00000| Untracked 
|  39|0x0000000083b00000, 0x0000000083b00000, 0x0000000083c00000|  0%| F|  |TAMS 0x0000000083b00000, 0x0000000083b00000| Untracked 
|  40|0x0000000083c00000, 0x0000000083c00000, 0x0000000083d00000|  0%| F|  |TAMS 0x0000000083c00000, 0x0000000083c00000| Untracked 
|  41|0x0000000083d00000, 0x0000000083d00000, 0x0000000083e00000|  0%| F|  |TAMS 0x0000000083d00000, 0x0000000083d00000| Untracked 
|  42|0x0000000083e00000, 0x0000000083e00000, 0x0000000083f00000|  0%| F|  |TAMS 0x0000000083e00000, 0x0000000083e00000| Untracked 
|  43|0x0000000083f00000, 0x0000000083f00000, 0x0000000084000000|  0%| F|  |TAMS 0x0000000083f00000, 0x0000000083f00000| Untracked 
|  44|0x0000000084000000, 0x0000000084000000, 0x0000000084100000|  0%| F|  |TAMS 0x0000000084000000, 0x0000000084000000| Untracked 
|  45|0x0000000084100000, 0x0000000084100000, 0x0000000084200000|  0%| F|  |TAMS 0x0000000084100000, 0x0000000084100000| Untracked 
|  46|0x0000000084200000, 0x0000000084200000, 0x0000000084300000|  0%| F|  |TAMS 0x0000000084200000, 0x0000000084200000| Untracked 
|  47|0x0000000084300000, 0x0000000084300000, 0x0000000084400000|  0%| F|  |TAMS 0x0000000084300000, 0x0000000084300000| Untracked 
|  48|0x0000000084400000, 0x0000000084400000, 0x0000000084500000|  0%| F|  |TAMS 0x0000000084400000, 0x0000000084400000| Untracked 
|  49|0x0000000084500000, 0x0000000084500000, 0x0000000084600000|  0%| F|  |TAMS 0x0000000084500000, 0x0000000084500000| Untracked 
|  50|0x0000000084600000, 0x0000000084600000, 0x0000000084700000|  0%| F|  |TAMS 0x0000000084600000, 0x0000000084600000| Untracked 
|  51|0x0000000084700000, 0x0000000084700000, 0x0000000084800000|  0%| F|  |TAMS 0x0000000084700000, 0x0000000084700000| Untracked 
|  52|0x0000000084800000, 0x0000000084800000, 0x0000000084900000|  0%| F|  |TAMS 0x0000000084800000, 0x0000000084800000| Untracked 
|  53|0x0000000084900000, 0x0000000084900000, 0x0000000084a00000|  0%| F|  |TAMS 0x0000000084900000, 0x0000000084900000| Untracked 
|  54|0x0000000084a00000, 0x0000000084a00000, 0x0000000084b00000|  0%| F|  |TAMS 0x0000000084a00000, 0x0000000084a00000| Untracked 
|  55|0x0000000084b00000, 0x0000000084b00000, 0x0000000084c00000|  0%| F|  |TAMS 0x0000000084b00000, 0x0000000084b00000| Untracked 
|  56|0x0000000084c00000, 0x0000000084c00000, 0x0000000084d00000|  0%| F|  |TAMS 0x0000000084c00000, 0x0000000084c00000| Untracked 
|  57|0x0000000084d00000, 0x0000000084d00000, 0x0000000084e00000|  0%| F|  |TAMS 0x0000000084d00000, 0x0000000084d00000| Untracked 
|  58|0x0000000084e00000, 0x0000000084e00000, 0x0000000084f00000|  0%| F|  |TAMS 0x0000000084e00000, 0x0000000084e00000| Untracked 
|  59|0x0000000084f00000, 0x0000000084f00000, 0x0000000085000000|  0%| F|  |TAMS 0x0000000084f00000, 0x0000000084f00000| Untracked 
|  60|0x0000000085000000, 0x0000000085000000, 0x0000000085100000|  0%| F|  |TAMS 0x0000000085000000, 0x0000000085000000| Untracked 
|  61|0x0000000085100000, 0x0000000085100000, 0x0000000085200000|  0%| F|  |TAMS 0x0000000085100000, 0x0000000085100000| Untracked 
|  62|0x0000000085200000, 0x0000000085200000, 0x0000000085300000|  0%| F|  |TAMS 0x0000000085200000, 0x0000000085200000| Untracked 
|  63|0x0000000085300000, 0x0000000085300000, 0x0000000085400000|  0%| F|  |TAMS 0x0000000085300000, 0x0000000085300000| Untracked 
|  64|0x0000000085400000, 0x0000000085400000, 0x0000000085500000|  0%| F|  |TAMS 0x0000000085400000, 0x0000000085400000| Untracked 
|  65|0x0000000085500000, 0x0000000085600000, 0x0000000085600000|100%| S|CS|TAMS 0x0000000085500000, 0x0000000085500000| Complete 
|  66|0x0000000085600000, 0x0000000085700000, 0x0000000085700000|100%| S|CS|TAMS 0x0000000085600000, 0x0000000085600000| Complete 
|  67|0x0000000085700000, 0x0000000085800000, 0x0000000085800000|100%| S|CS|TAMS 0x0000000085700000, 0x0000000085700000| Complete 
|  68|0x0000000085800000, 0x0000000085900000, 0x0000000085900000|100%| S|CS|TAMS 0x0000000085800000, 0x0000000085800000| Complete 
|  69|0x0000000085900000, 0x0000000085900000, 0x0000000085a00000|  0%| F|  |TAMS 0x0000000085900000, 0x0000000085900000| Untracked 
|  70|0x0000000085a00000, 0x0000000085a00000, 0x0000000085b00000|  0%| F|  |TAMS 0x0000000085a00000, 0x0000000085a00000| Untracked 
|  71|0x0000000085b00000, 0x0000000085b00000, 0x0000000085c00000|  0%| F|  |TAMS 0x0000000085b00000, 0x0000000085b00000| Untracked 
|  72|0x0000000085c00000, 0x0000000085c00000, 0x0000000085d00000|  0%| F|  |TAMS 0x0000000085c00000, 0x0000000085c00000| Untracked 
|  73|0x0000000085d00000, 0x0000000085d00000, 0x0000000085e00000|  0%| F|  |TAMS 0x0000000085d00000, 0x0000000085d00000| Untracked 
|  74|0x0000000085e00000, 0x0000000085e00000, 0x0000000085f00000|  0%| F|  |TAMS 0x0000000085e00000, 0x0000000085e00000| Untracked 
|  75|0x0000000085f00000, 0x0000000085f00000, 0x0000000086000000|  0%| F|  |TAMS 0x0000000085f00000, 0x0000000085f00000| Untracked 
|  76|0x0000000086000000, 0x0000000086000000, 0x0000000086100000|  0%| F|  |TAMS 0x0000000086000000, 0x0000000086000000| Untracked 
|  77|0x0000000086100000, 0x0000000086100000, 0x0000000086200000|  0%| F|  |TAMS 0x0000000086100000, 0x0000000086100000| Untracked 
|  78|0x0000000086200000, 0x0000000086200000, 0x0000000086300000|  0%| F|  |TAMS 0x0000000086200000, 0x0000000086200000| Untracked 
|  79|0x0000000086300000, 0x0000000086300000, 0x0000000086400000|  0%| F|  |TAMS 0x0000000086300000, 0x0000000086300000| Untracked 
|  80|0x0000000086400000, 0x0000000086400000, 0x0000000086500000|  0%| F|  |TAMS 0x0000000086400000, 0x0000000086400000| Untracked 
|  81|0x0000000086500000, 0x0000000086500000, 0x0000000086600000|  0%| F|  |TAMS 0x0000000086500000, 0x0000000086500000| Untracked 
|  82|0x0000000086600000, 0x0000000086600000, 0x0000000086700000|  0%| F|  |TAMS 0x0000000086600000, 0x0000000086600000| Untracked 
|  83|0x0000000086700000, 0x0000000086700000, 0x0000000086800000|  0%| F|  |TAMS 0x0000000086700000, 0x0000000086700000| Untracked 
|  84|0x0000000086800000, 0x0000000086800000, 0x0000000086900000|  0%| F|  |TAMS 0x0000000086800000, 0x0000000086800000| Untracked 
|  85|0x0000000086900000, 0x0000000086900000, 0x0000000086a00000|  0%| F|  |TAMS 0x0000000086900000, 0x0000000086900000| Untracked 
|  86|0x0000000086a00000, 0x0000000086a00000, 0x0000000086b00000|  0%| F|  |TAMS 0x0000000086a00000, 0x0000000086a00000| Untracked 
|  87|0x0000000086b00000, 0x0000000086b00000, 0x0000000086c00000|  0%| F|  |TAMS 0x0000000086b00000, 0x0000000086b00000| Untracked 
|  88|0x0000000086c00000, 0x0000000086c00000, 0x0000000086d00000|  0%| F|  |TAMS 0x0000000086c00000, 0x0000000086c00000| Untracked 
|  89|0x0000000086d00000, 0x0000000086d00000, 0x0000000086e00000|  0%| F|  |TAMS 0x0000000086d00000, 0x0000000086d00000| Untracked 
|  90|0x0000000086e00000, 0x0000000086f00000, 0x0000000086f00000|100%| E|  |TAMS 0x0000000086e00000, 0x0000000086e00000| Complete 
|  91|0x0000000086f00000, 0x0000000087000000, 0x0000000087000000|100%| E|CS|TAMS 0x0000000086f00000, 0x0000000086f00000| Complete 
|  92|0x0000000087000000, 0x0000000087100000, 0x0000000087100000|100%| E|CS|TAMS 0x0000000087000000, 0x0000000087000000| Complete 
|  93|0x0000000087100000, 0x0000000087200000, 0x0000000087200000|100%| E|CS|TAMS 0x0000000087100000, 0x0000000087100000| Complete 
|  94|0x0000000087200000, 0x0000000087300000, 0x0000000087300000|100%| E|CS|TAMS 0x0000000087200000, 0x0000000087200000| Complete 
|  95|0x0000000087300000, 0x0000000087400000, 0x0000000087400000|100%| E|CS|TAMS 0x0000000087300000, 0x0000000087300000| Complete 
|  96|0x0000000087400000, 0x0000000087500000, 0x0000000087500000|100%| E|CS|TAMS 0x0000000087400000, 0x0000000087400000| Complete 
|  97|0x0000000087500000, 0x0000000087600000, 0x0000000087600000|100%| E|CS|TAMS 0x0000000087500000, 0x0000000087500000| Complete 
|  98|0x0000000087600000, 0x0000000087700000, 0x0000000087700000|100%| E|CS|TAMS 0x0000000087600000, 0x0000000087600000| Complete 
|  99|0x0000000087700000, 0x0000000087800000, 0x0000000087800000|100%| E|CS|TAMS 0x0000000087700000, 0x0000000087700000| Complete 
| 100|0x0000000087800000, 0x0000000087900000, 0x0000000087900000|100%| E|CS|TAMS 0x0000000087800000, 0x0000000087800000| Complete 
| 101|0x0000000087900000, 0x0000000087a00000, 0x0000000087a00000|100%| E|CS|TAMS 0x0000000087900000, 0x0000000087900000| Complete 
| 102|0x0000000087a00000, 0x0000000087b00000, 0x0000000087b00000|100%| E|CS|TAMS 0x0000000087a00000, 0x0000000087a00000| Complete 
| 103|0x0000000087b00000, 0x0000000087c00000, 0x0000000087c00000|100%| E|CS|TAMS 0x0000000087b00000, 0x0000000087b00000| Complete 
| 104|0x0000000087c00000, 0x0000000087d00000, 0x0000000087d00000|100%| E|CS|TAMS 0x0000000087c00000, 0x0000000087c00000| Complete 
| 105|0x0000000087d00000, 0x0000000087e00000, 0x0000000087e00000|100%| E|CS|TAMS 0x0000000087d00000, 0x0000000087d00000| Complete 
| 106|0x0000000087e00000, 0x0000000087f00000, 0x0000000087f00000|100%| E|CS|TAMS 0x0000000087e00000, 0x0000000087e00000| Complete 
| 107|0x0000000087f00000, 0x0000000088000000, 0x0000000088000000|100%| E|CS|TAMS 0x0000000087f00000, 0x0000000087f00000| Complete 
| 108|0x0000000088000000, 0x0000000088100000, 0x0000000088100000|100%| E|CS|TAMS 0x0000000088000000, 0x0000000088000000| Complete 
| 109|0x0000000088100000, 0x0000000088200000, 0x0000000088200000|100%| E|CS|TAMS 0x0000000088100000, 0x0000000088100000| Complete 
| 110|0x0000000088200000, 0x0000000088300000, 0x0000000088300000|100%| E|CS|TAMS 0x0000000088200000, 0x0000000088200000| Complete 
| 111|0x0000000088300000, 0x0000000088400000, 0x0000000088400000|100%| E|CS|TAMS 0x0000000088300000, 0x0000000088300000| Complete 
| 112|0x0000000088400000, 0x0000000088500000, 0x0000000088500000|100%| E|CS|TAMS 0x0000000088400000, 0x0000000088400000| Complete 
| 113|0x0000000088500000, 0x0000000088600000, 0x0000000088600000|100%| E|CS|TAMS 0x0000000088500000, 0x0000000088500000| Complete 
| 114|0x0000000088600000, 0x0000000088700000, 0x0000000088700000|100%| E|CS|TAMS 0x0000000088600000, 0x0000000088600000| Complete 
| 115|0x0000000088700000, 0x0000000088800000, 0x0000000088800000|100%| E|CS|TAMS 0x0000000088700000, 0x0000000088700000| Complete 
| 116|0x0000000088800000, 0x0000000088900000, 0x0000000088900000|100%| E|CS|TAMS 0x0000000088800000, 0x0000000088800000| Complete 
| 117|0x0000000088900000, 0x0000000088a00000, 0x0000000088a00000|100%| E|CS|TAMS 0x0000000088900000, 0x0000000088900000| Complete 
| 118|0x0000000088a00000, 0x0000000088b00000, 0x0000000088b00000|100%| E|CS|TAMS 0x0000000088a00000, 0x0000000088a00000| Complete 
| 119|0x0000000088b00000, 0x0000000088c00000, 0x0000000088c00000|100%| E|CS|TAMS 0x0000000088b00000, 0x0000000088b00000| Complete 
| 120|0x0000000088c00000, 0x0000000088d00000, 0x0000000088d00000|100%| E|CS|TAMS 0x0000000088c00000, 0x0000000088c00000| Complete 
| 121|0x0000000088d00000, 0x0000000088e00000, 0x0000000088e00000|100%| E|CS|TAMS 0x0000000088d00000, 0x0000000088d00000| Complete 
| 122|0x0000000088e00000, 0x0000000088f00000, 0x0000000088f00000|100%| E|CS|TAMS 0x0000000088e00000, 0x0000000088e00000| Complete 
| 123|0x0000000088f00000, 0x0000000089000000, 0x0000000089000000|100%| E|CS|TAMS 0x0000000088f00000, 0x0000000088f00000| Complete 
| 124|0x0000000089000000, 0x0000000089100000, 0x0000000089100000|100%| E|CS|TAMS 0x0000000089000000, 0x0000000089000000| Complete 
| 125|0x0000000089100000, 0x0000000089200000, 0x0000000089200000|100%| E|CS|TAMS 0x0000000089100000, 0x0000000089100000| Complete 
| 126|0x0000000089200000, 0x0000000089300000, 0x0000000089300000|100%| E|CS|TAMS 0x0000000089200000, 0x0000000089200000| Complete 
| 127|0x0000000089300000, 0x0000000089400000, 0x0000000089400000|100%| E|CS|TAMS 0x0000000089300000, 0x0000000089300000| Complete 
| 128|0x0000000089400000, 0x0000000089500000, 0x0000000089500000|100%| E|CS|TAMS 0x0000000089400000, 0x0000000089400000| Complete 
| 129|0x0000000089500000, 0x0000000089600000, 0x0000000089600000|100%| E|CS|TAMS 0x0000000089500000, 0x0000000089500000| Complete 
| 130|0x0000000089600000, 0x0000000089700000, 0x0000000089700000|100%| E|CS|TAMS 0x0000000089600000, 0x0000000089600000| Complete 
| 131|0x0000000089700000, 0x0000000089800000, 0x0000000089800000|100%| E|CS|TAMS 0x0000000089700000, 0x0000000089700000| Complete 
| 132|0x0000000089800000, 0x0000000089900000, 0x0000000089900000|100%| E|CS|TAMS 0x0000000089800000, 0x0000000089800000| Complete 
| 133|0x0000000089900000, 0x0000000089a00000, 0x0000000089a00000|100%| E|CS|TAMS 0x0000000089900000, 0x0000000089900000| Complete 
| 134|0x0000000089a00000, 0x0000000089b00000, 0x0000000089b00000|100%| E|CS|TAMS 0x0000000089a00000, 0x0000000089a00000| Complete 
| 135|0x0000000089b00000, 0x0000000089c00000, 0x0000000089c00000|100%| E|CS|TAMS 0x0000000089b00000, 0x0000000089b00000| Complete 
| 136|0x0000000089c00000, 0x0000000089d00000, 0x0000000089d00000|100%| E|CS|TAMS 0x0000000089c00000, 0x0000000089c00000| Complete 
| 137|0x0000000089d00000, 0x0000000089e00000, 0x0000000089e00000|100%| E|CS|TAMS 0x0000000089d00000, 0x0000000089d00000| Complete 
| 138|0x0000000089e00000, 0x0000000089f00000, 0x0000000089f00000|100%| E|CS|TAMS 0x0000000089e00000, 0x0000000089e00000| Complete 
| 139|0x0000000089f00000, 0x000000008a000000, 0x000000008a000000|100%| E|CS|TAMS 0x0000000089f00000, 0x0000000089f00000| Complete 
| 140|0x000000008a000000, 0x000000008a100000, 0x000000008a100000|100%| E|CS|TAMS 0x000000008a000000, 0x000000008a000000| Complete 
| 141|0x000000008a100000, 0x000000008a200000, 0x000000008a200000|100%| E|CS|TAMS 0x000000008a100000, 0x000000008a100000| Complete 
| 142|0x000000008a200000, 0x000000008a300000, 0x000000008a300000|100%| E|CS|TAMS 0x000000008a200000, 0x000000008a200000| Complete 
| 143|0x000000008a300000, 0x000000008a400000, 0x000000008a400000|100%| E|CS|TAMS 0x000000008a300000, 0x000000008a300000| Complete 
| 144|0x000000008a400000, 0x000000008a500000, 0x000000008a500000|100%| E|CS|TAMS 0x000000008a400000, 0x000000008a400000| Complete 
| 145|0x000000008a500000, 0x000000008a600000, 0x000000008a600000|100%| E|CS|TAMS 0x000000008a500000, 0x000000008a500000| Complete 
| 146|0x000000008a600000, 0x000000008a700000, 0x000000008a700000|100%| E|CS|TAMS 0x000000008a600000, 0x000000008a600000| Complete 
| 147|0x000000008a700000, 0x000000008a800000, 0x000000008a800000|100%| E|CS|TAMS 0x000000008a700000, 0x000000008a700000| Complete 
| 148|0x000000008a800000, 0x000000008a900000, 0x000000008a900000|100%| E|CS|TAMS 0x000000008a800000, 0x000000008a800000| Complete 
| 149|0x000000008a900000, 0x000000008aa00000, 0x000000008aa00000|100%| E|CS|TAMS 0x000000008a900000, 0x000000008a900000| Complete 
| 150|0x000000008aa00000, 0x000000008ab00000, 0x000000008ab00000|100%| E|CS|TAMS 0x000000008aa00000, 0x000000008aa00000| Complete 
| 151|0x000000008ab00000, 0x000000008ac00000, 0x000000008ac00000|100%| E|CS|TAMS 0x000000008ab00000, 0x000000008ab00000| Complete 
| 152|0x000000008ac00000, 0x000000008ad00000, 0x000000008ad00000|100%| E|CS|TAMS 0x000000008ac00000, 0x000000008ac00000| Complete 
| 153|0x000000008ad00000, 0x000000008ae00000, 0x000000008ae00000|100%| E|CS|TAMS 0x000000008ad00000, 0x000000008ad00000| Complete 

Card table byte_map: [0x0000017af2eb0000,0x0000017af32b0000] _byte_map_base: 0x0000017af2aa6000

Marking Bits (Prev, Next): (CMBitMap*) 0x0000017ad99b1ff0, (CMBitMap*) 0x0000017ad99b1fb8
 Prev Bits: [0x0000017af5660000, 0x0000017af7610000)
 Next Bits: [0x0000017af36b0000, 0x0000017af5660000)

Polling page: 0x0000017adb210000

Metaspace:

Usage:
  Non-class:     28.42 MB capacity,    28.10 MB ( 99%) used,   256.70 KB ( <1%) free+waste,    73.06 KB ( <1%) overhead. 
      Class:      3.78 MB capacity,     3.51 MB ( 93%) used,   235.71 KB (  6%) free+waste,    35.38 KB ( <1%) overhead. 
       Both:     32.20 MB capacity,    31.62 MB ( 98%) used,   492.41 KB (  1%) free+waste,   108.44 KB ( <1%) overhead. 

Virtual space:
  Non-class space:       30.00 MB reserved,      28.50 MB ( 95%) committed 
      Class space:        1.00 GB reserved,       3.88 MB ( <1%) committed 
             Both:        1.03 GB reserved,      32.38 MB (  3%) committed 

Chunk freelists:
   Non-Class:  1.63 KB
       Class:  384 bytes
        Both:  2.00 KB

CodeHeap 'non-profiled nmethods': size=120064Kb used=1922Kb max_used=1922Kb free=118141Kb
 bounds [0x0000017aeaf40000, 0x0000017aeb1b0000, 0x0000017af2480000]
CodeHeap 'profiled nmethods': size=120000Kb used=8758Kb max_used=8758Kb free=111241Kb
 bounds [0x0000017ae3a10000, 0x0000017ae42b0000, 0x0000017aeaf40000]
CodeHeap 'non-nmethods': size=5696Kb used=1318Kb max_used=1379Kb free=4377Kb
 bounds [0x0000017ae3480000, 0x0000017ae36f0000, 0x0000017ae3a10000]
 total_blobs=5547 nmethods=3976 adapters=652
 compilation: enabled
              stopped_count=0, restarted_count=0
 full_count=0

Compilation events (10 events):
Event: 10.285 Thread 0x0000017af9c7b800 nmethod 4166 0x0000017ae429e710 code [0x0000017ae429e900, 0x0000017ae429ec20]
Event: 10.285 Thread 0x0000017af9c7b800 4167       3       javax.swing.text.Segment::<init> (8 bytes)
Event: 10.285 Thread 0x0000017af9c7b800 nmethod 4167 0x0000017ae429ed90 code [0x0000017ae429ef60, 0x0000017ae429f1b8]
Event: 10.285 Thread 0x0000017af9c7b800 4168       3       java.lang.StackStreamFactory$FrameBuffer::get (58 bytes)
Event: 10.285 Thread 0x0000017af9c6f000 nmethod 4165 0x0000017aeb120490 code [0x0000017aeb120620, 0x0000017aeb120738]
Event: 10.285 Thread 0x0000017af9c7b800 nmethod 4168 0x0000017ae429f290 code [0x0000017ae429f540, 0x0000017ae42a0110]
Event: 10.285 Thread 0x0000017af9c7b800 4169       3       java.lang.StackStreamFactory$AbstractStackWalker::skipReflectionFrames (32 bytes)
Event: 10.286 Thread 0x0000017af9c7b800 nmethod 4169 0x0000017ae42a0510 code [0x0000017ae42a0700, 0x0000017ae42a0b80]
Event: 10.286 Thread 0x0000017af9c7b800 4170       3       java.lang.StackStreamFactory::isReflectionFrame (48 bytes)
Event: 10.286 Thread 0x0000017af9c7b800 nmethod 4170 0x0000017ae42a0d10 code [0x0000017ae42a0f20, 0x0000017ae42a1420]

GC Heap History (10 events):
Event: 0.700 GC heap before
{Heap before GC invocations=0 (full 0):
 garbage-first heap   total 131072K, used 13312K [0x0000000081400000, 0x0000000100000000)
  region size 1024K, 14 young (14336K), 0 survivors (0K)
 Metaspace       used 18516K, capacity 18891K, committed 19200K, reserved 1067008K
  class space    used 2045K, capacity 2221K, committed 2304K, reserved 1048576K
}
Event: 0.705 GC heap after
{Heap after GC invocations=1 (full 0):
 garbage-first heap   total 131072K, used 3869K [0x0000000081400000, 0x0000000100000000)
  region size 1024K, 2 young (2048K), 2 survivors (2048K)
 Metaspace       used 18516K, capacity 18891K, committed 19200K, reserved 1067008K
  class space    used 2045K, capacity 2221K, committed 2304K, reserved 1048576K
}
Event: 0.837 GC heap before
{Heap before GC invocations=1 (full 0):
 garbage-first heap   total 131072K, used 7965K [0x0000000081400000, 0x0000000100000000)
  region size 1024K, 7 young (7168K), 2 survivors (2048K)
 Metaspace       used 20755K, capacity 21187K, committed 21248K, reserved 1069056K
  class space    used 2302K, capacity 2517K, committed 2560K, reserved 1048576K
}
Event: 0.842 GC heap after
{Heap after GC invocations=2 (full 0):
 garbage-first heap   total 131072K, used 4982K [0x0000000081400000, 0x0000000100000000)
  region size 1024K, 4 young (4096K), 4 survivors (4096K)
 Metaspace       used 20755K, capacity 21187K, committed 21248K, reserved 1069056K
  class space    used 2302K, capacity 2517K, committed 2560K, reserved 1048576K
}
Event: 1.075 GC heap before
{Heap before GC invocations=3 (full 0):
 garbage-first heap   total 131072K, used 12150K [0x0000000081400000, 0x0000000100000000)
  region size 1024K, 11 young (11264K), 4 survivors (4096K)
 Metaspace       used 24035K, capacity 24482K, committed 24704K, reserved 1071104K
  class space    used 2690K, capacity 2914K, committed 2944K, reserved 1048576K
}
Event: 1.082 GC heap after
{Heap after GC invocations=4 (full 0):
 garbage-first heap   total 131072K, used 6251K [0x0000000081400000, 0x0000000100000000)
  region size 1024K, 2 young (2048K), 2 survivors (2048K)
 Metaspace       used 24035K, capacity 24482K, committed 24704K, reserved 1071104K
  class space    used 2690K, capacity 2914K, committed 2944K, reserved 1048576K
}
Event: 1.589 GC heap before
{Heap before GC invocations=4 (full 0):
 garbage-first heap   total 131072K, used 48235K [0x0000000081400000, 0x0000000100000000)
  region size 1024K, 43 young (44032K), 2 survivors (2048K)
 Metaspace       used 25919K, capacity 26429K, committed 26496K, reserved 1073152K
  class space    used 2952K, capacity 3178K, committed 3200K, reserved 1048576K
}
Event: 1.594 GC heap after
{Heap after GC invocations=5 (full 0):
 garbage-first heap   total 131072K, used 8086K [0x0000000081400000, 0x0000000100000000)
  region size 1024K, 4 young (4096K), 4 survivors (4096K)
 Metaspace       used 25919K, capacity 26429K, committed 26496K, reserved 1073152K
  class space    used 2952K, capacity 3178K, committed 3200K, reserved 1048576K
}
Event: 1.796 GC heap before
{Heap before GC invocations=5 (full 0):
 garbage-first heap   total 131072K, used 64406K [0x0000000081400000, 0x0000000100000000)
  region size 1024K, 59 young (60416K), 4 survivors (4096K)
 Metaspace       used 26014K, capacity 26505K, committed 26752K, reserved 1073152K
  class space    used 2956K, capacity 3180K, committed 3200K, reserved 1048576K
}
Event: 1.801 GC heap after
{Heap after GC invocations=6 (full 0):
 garbage-first heap   total 157696K, used 8299K [0x0000000081400000, 0x0000000100000000)
  region size 1024K, 4 young (4096K), 4 survivors (4096K)
 Metaspace       used 26014K, capacity 26505K, committed 26752K, reserved 1073152K
  class space    used 2956K, capacity 3180K, committed 3200K, reserved 1048576K
}

Deoptimization events (10 events):
Event: 2.603 Thread 0x0000017afafa2800 Uncommon trap: reason=unstable_if action=reinterpret pc=0x0000017aeaf78f84 method=jdk.internal.org.objectweb.asm.Frame.execute(IILjdk/internal/org/objectweb/asm/ClassWriter;Ljdk/internal/org/objectweb/asm/Item;)V @ 1 c2
Event: 2.762 Thread 0x0000017afafa2800 Uncommon trap: reason=unstable_if action=reinterpret pc=0x0000017aeafc24c8 method=java.nio.Buffer.limit(I)Ljava/nio/Buffer; @ 45 c2
Event: 2.764 Thread 0x0000017afafa2800 Uncommon trap: reason=unstable_if action=reinterpret pc=0x0000017aeb024130 method=java.util.TreeMap.put(Ljava/lang/Object;Ljava/lang/Object;)Ljava/lang/Object; @ 55 c2
Event: 2.844 Thread 0x0000017afab53800 Uncommon trap: reason=unstable_if action=reinterpret pc=0x0000017aeafb8708 method=sun.awt.SunToolkit.getAppContext(Ljava/lang/Object;)Lsun/awt/AppContext; @ 4 c2
Event: 2.910 Thread 0x0000017afafa2800 Uncommon trap: reason=class_check action=maybe_recompile pc=0x0000017aeb04fa20 method=javax.swing.UIDefaults.getFromHashtable(Ljava/lang/Object;)Ljava/lang/Object; @ 122 c2
Event: 3.019 Thread 0x0000017afafa2800 Uncommon trap: reason=class_check action=maybe_recompile pc=0x0000017aeb04fa20 method=javax.swing.UIDefaults.getFromHashtable(Ljava/lang/Object;)Ljava/lang/Object; @ 122 c2
Event: 8.738 Thread 0x0000017afafa2800 Uncommon trap: reason=bimorphic_or_optimized_type_check action=maybe_recompile pc=0x0000017aeb10036c method=java.util.concurrent.locks.AbstractQueuedSynchronizer.release(I)Z @ 2 c2
Event: 8.987 Thread 0x0000017afafa2800 Uncommon trap: reason=bimorphic_or_optimized_type_check action=maybe_recompile pc=0x0000017aeb10036c method=java.util.concurrent.locks.AbstractQueuedSynchronizer.release(I)Z @ 2 c2
Event: 9.091 Thread 0x0000017afafa2800 Uncommon trap: reason=bimorphic_or_optimized_type_check action=maybe_recompile pc=0x0000017aeb10036c method=java.util.concurrent.locks.AbstractQueuedSynchronizer.release(I)Z @ 2 c2
Event: 9.179 Thread 0x0000017afafa2800 Uncommon trap: reason=bimorphic_or_optimized_type_check action=maybe_recompile pc=0x0000017aeb10036c method=java.util.concurrent.locks.AbstractQueuedSynchronizer.release(I)Z @ 2 c2

Classes redefined (0 events):
No events

Internal exceptions (10 events):
Event: 9.570 Thread 0x0000017afafa2800 Exception <a 'java/io/IOException'{0x0000000086e4c1a0}> (0x0000000086e4c1a0) thrown at [t:/workspace/open/src/hotspot/share/prims/jni.cpp, line 615]
Event: 9.570 Thread 0x0000017afafa2800 Exception <a 'java/io/IOException'{0x0000000086e4c758}> (0x0000000086e4c758) thrown at [t:/workspace/open/src/hotspot/share/prims/jni.cpp, line 615]
Event: 9.571 Thread 0x0000017afafa2800 Exception <a 'java/io/IOException'{0x0000000086e51948}> (0x0000000086e51948) thrown at [t:/workspace/open/src/hotspot/share/prims/jni.cpp, line 615]
Event: 9.571 Thread 0x0000017afafa2800 Exception <a 'java/io/IOException'{0x0000000086e51f00}> (0x0000000086e51f00) thrown at [t:/workspace/open/src/hotspot/share/prims/jni.cpp, line 615]
Event: 10.284 Thread 0x0000017afafa2800 Exception <a 'java/io/IOException'{0x0000000086ea6d00}> (0x0000000086ea6d00) thrown at [t:/workspace/open/src/hotspot/share/prims/jni.cpp, line 615]
Event: 10.284 Thread 0x0000017afafa2800 Exception <a 'java/io/IOException'{0x0000000086ea72b8}> (0x0000000086ea72b8) thrown at [t:/workspace/open/src/hotspot/share/prims/jni.cpp, line 615]
Event: 10.285 Thread 0x0000017afafa2800 Exception <a 'java/io/IOException'{0x0000000086eaad88}> (0x0000000086eaad88) thrown at [t:/workspace/open/src/hotspot/share/prims/jni.cpp, line 615]
Event: 10.285 Thread 0x0000017afafa2800 Exception <a 'java/io/IOException'{0x0000000086eab340}> (0x0000000086eab340) thrown at [t:/workspace/open/src/hotspot/share/prims/jni.cpp, line 615]
Event: 10.285 Thread 0x0000017afafa2800 Exception <a 'java/io/IOException'{0x0000000086eaec60}> (0x0000000086eaec60) thrown at [t:/workspace/open/src/hotspot/share/prims/jni.cpp, line 615]
Event: 10.285 Thread 0x0000017afafa2800 Exception <a 'java/io/IOException'{0x0000000086eaf218}> (0x0000000086eaf218) thrown at [t:/workspace/open/src/hotspot/share/prims/jni.cpp, line 615]

Events (10 events):
Event: 9.503 Thread 0x0000017afafa2800 DEOPT PACKING pc=0x0000017ae41442df sp=0x00000066f6bf9880
Event: 9.504 Thread 0x0000017afafa2800 DEOPT UNPACKING pc=0x0000017ae34a8d4e sp=0x00000066f6bf8d10 mode 0
Event: 9.569 loading class ESPlorer/ESPlorer$297
Event: 9.569 loading class ESPlorer/ESPlorer$297 done
Event: 10.286 loading class jssc/SerialPort$EventThread
Event: 10.286 loading class jssc/SerialPort$EventThread done
Event: 10.286 loading class jssc/SerialPort$LinuxEventThread
Event: 10.286 loading class jssc/SerialPort$LinuxEventThread done
Event: 10.286 loading class jssc/SerialPortTimeoutException
Event: 10.286 loading class jssc/SerialPortTimeoutException done


Dynamic libraries:
0x00007ff6865d0000 - 0x00007ff686617000 	C:\Program Files\Java\jdk-11.0.2\bin\javaw.exe
0x00007ffeb7930000 - 0x00007ffeb7b28000 	C:\WINDOWS\SYSTEM32\ntdll.dll
0x00007ffeb7800000 - 0x00007ffeb78bd000 	C:\WINDOWS\System32\KERNEL32.DLL
0x00007ffeb5150000 - 0x00007ffeb5446000 	C:\WINDOWS\System32\KERNELBASE.dll
0x00007ffeb68e0000 - 0x00007ffeb698e000 	C:\WINDOWS\System32\ADVAPI32.dll
0x00007ffeb6ba0000 - 0x00007ffeb6c3e000 	C:\WINDOWS\System32\msvcrt.dll
0x00007ffeb6fa0000 - 0x00007ffeb703c000 	C:\WINDOWS\System32\sechost.dll
0x00007ffeb5960000 - 0x00007ffeb5a86000 	C:\WINDOWS\System32\RPCRT4.dll
0x00007ffeb69f0000 - 0x00007ffeb6b8e000 	C:\WINDOWS\System32\USER32.dll
0x00007ffeb5450000 - 0x00007ffeb5472000 	C:\WINDOWS\System32\win32u.dll
0x00007ffeb68b0000 - 0x00007ffeb68dc000 	C:\WINDOWS\System32\GDI32.dll
0x00007ffeb54f0000 - 0x00007ffeb560a000 	C:\WINDOWS\System32\gdi32full.dll
0x00007ffeb58c0000 - 0x00007ffeb595d000 	C:\WINDOWS\System32\msvcp_win.dll
0x00007ffeb5770000 - 0x00007ffeb5870000 	C:\WINDOWS\System32\ucrtbase.dll
0x00007ffea0aa0000 - 0x00007ffea0d3a000 	C:\WINDOWS\WinSxS\amd64_microsoft.windows.common-controls_6595b64144ccf1df_6.0.19041.1110_none_60b5254171f9507e\COMCTL32.dll
0x00007ffead930000 - 0x00007ffead93a000 	C:\WINDOWS\SYSTEM32\VERSION.dll
0x00007ffeb6180000 - 0x00007ffeb61b0000 	C:\WINDOWS\System32\IMM32.DLL
0x00007ffeae670000 - 0x00007ffeae686000 	C:\Program Files\Java\jdk-11.0.2\bin\vcruntime140.dll
0x00007ffea8450000 - 0x00007ffea84fa000 	C:\Program Files\Java\jdk-11.0.2\bin\msvcp140.dll
0x00007ffe7b520000 - 0x00007ffe7c047000 	C:\Program Files\Java\jdk-11.0.2\bin\server\jvm.dll
0x00007ffeb6b90000 - 0x00007ffeb6b98000 	C:\WINDOWS\System32\PSAPI.DLL
0x00007ffe99190000 - 0x00007ffe99199000 	C:\WINDOWS\SYSTEM32\WSOCK32.dll
0x00007ffeaa690000 - 0x00007ffeaa6b7000 	C:\WINDOWS\SYSTEM32\WINMM.dll
0x00007ffeb6520000 - 0x00007ffeb658b000 	C:\WINDOWS\System32\WS2_32.dll
0x00007ffeb2e90000 - 0x00007ffeb2ea2000 	C:\WINDOWS\SYSTEM32\kernel.appcore.dll
0x00007ffeae590000 - 0x00007ffeae5a1000 	C:\Program Files\Java\jdk-11.0.2\bin\verify.dll
0x00007ffea8020000 - 0x00007ffea8204000 	C:\WINDOWS\SYSTEM32\DBGHELP.DLL
0x00007ffea7a10000 - 0x00007ffea7a44000 	C:\WINDOWS\SYSTEM32\dbgcore.DLL
0x00007ffeb4fe0000 - 0x00007ffeb5062000 	C:\WINDOWS\System32\bcryptPrimitives.dll
0x00007ffeae070000 - 0x00007ffeae099000 	C:\Program Files\Java\jdk-11.0.2\bin\java.dll
0x00007ffea92d0000 - 0x00007ffea92e6000 	C:\Program Files\Java\jdk-11.0.2\bin\zip.dll
0x00007ffeb2800000 - 0x00007ffeb280a000 	C:\Program Files\Java\jdk-11.0.2\bin\jimage.dll
0x00007ffeb7050000 - 0x00007ffeb7795000 	C:\WINDOWS\System32\SHELL32.dll
0x00007ffeb3090000 - 0x00007ffeb382b000 	C:\WINDOWS\SYSTEM32\windows.storage.dll
0x00007ffeb6c40000 - 0x00007ffeb6f94000 	C:\WINDOWS\System32\combase.dll
0x00007ffeb49b0000 - 0x00007ffeb49de000 	C:\WINDOWS\SYSTEM32\Wldp.dll
0x00007ffeb6360000 - 0x00007ffeb640d000 	C:\WINDOWS\System32\SHCORE.dll
0x00007ffeb6990000 - 0x00007ffeb69e5000 	C:\WINDOWS\System32\shlwapi.dll
0x00007ffeb4f10000 - 0x00007ffeb4f35000 	C:\WINDOWS\SYSTEM32\profapi.dll
0x00007ffea92b0000 - 0x00007ffea92c9000 	C:\Program Files\Java\jdk-11.0.2\bin\net.dll
0x00007ffea55f0000 - 0x00007ffea57dd000 	C:\WINDOWS\SYSTEM32\urlmon.dll
0x00007ffeacd90000 - 0x00007ffeace9a000 	C:\WINDOWS\SYSTEM32\WINHTTP.dll
0x00007ffea5220000 - 0x00007ffea54dc000 	C:\WINDOWS\SYSTEM32\iertutil.dll
0x00007ffeaa220000 - 0x00007ffeaa249000 	C:\WINDOWS\SYSTEM32\srvcli.dll
0x00007ffeb4500000 - 0x00007ffeb450c000 	C:\WINDOWS\SYSTEM32\netutils.dll
0x00007ffeb46b0000 - 0x00007ffeb471a000 	C:\WINDOWS\system32\mswsock.dll
0x00007ffea91b0000 - 0x00007ffea91c3000 	C:\Program Files\Java\jdk-11.0.2\bin\nio.dll
0x00007ffe83e00000 - 0x00007ffe83f9f000 	C:\Program Files\Java\jdk-11.0.2\bin\awt.dll
0x00007ffeb5a90000 - 0x00007ffeb5b5d000 	C:\WINDOWS\System32\OLEAUT32.dll
0x00007ffeb1420000 - 0x00007ffeb19e0000 	C:\WINDOWS\SYSTEM32\d2d1.dll
0x00007ffeb28e0000 - 0x00007ffeb2971000 	C:\WINDOWS\SYSTEM32\apphelp.dll
0x00007ffeb0700000 - 0x00007ffeb0709000 	C:\Program Files\Java\jdk-11.0.2\bin\prefs.dll
0x00007ffeb29c0000 - 0x00007ffeb2a5e000 	C:\WINDOWS\system32\uxtheme.dll
0x00007ffeb6630000 - 0x00007ffeb6744000 	C:\WINDOWS\System32\MSCTF.dll
0x00007ffeb61b0000 - 0x00007ffeb62da000 	C:\WINDOWS\System32\ole32.dll
0x00007ffeb2cb0000 - 0x00007ffeb2cdf000 	C:\WINDOWS\system32\DWMAPI.DLL
0x00007ffea03e0000 - 0x00007ffea0460000 	C:\Program Files\Java\jdk-11.0.2\bin\freetype.dll
0x00007ffea8c90000 - 0x00007ffea8cff000 	C:\Program Files\Java\jdk-11.0.2\bin\fontmanager.dll
0x00007ffe916b0000 - 0x00007ffe917d5000 	C:\WINDOWS\system32\opengl32.dll
0x00007ffea0460000 - 0x00007ffea048c000 	C:\WINDOWS\SYSTEM32\GLU32.dll
0x00007ffea9380000 - 0x00007ffea954d000 	C:\WINDOWS\system32\d3d9.dll
0x00007ffea95b0000 - 0x00007ffea966e000 	C:\WINDOWS\System32\DriverStore\FileRepository\nvmo.inf_amd64_c119453b13548e8e\nvldumdx.dll
0x00007ffeb4bb0000 - 0x00007ffeb4bc2000 	C:\WINDOWS\SYSTEM32\msasn1.dll
0x00007ffead6f0000 - 0x00007ffead721000 	C:\WINDOWS\SYSTEM32\cryptnet.dll
0x00007ffeb5610000 - 0x00007ffeb576e000 	C:\WINDOWS\System32\CRYPT32.dll
0x00007ffead350000 - 0x00007ffead498000 	C:\WINDOWS\SYSTEM32\drvstore.dll
0x00007ffeb4d70000 - 0x00007ffeb4da3000 	C:\WINDOWS\SYSTEM32\devobj.dll
0x00007ffeb5870000 - 0x00007ffeb58be000 	C:\WINDOWS\System32\cfgmgr32.dll
0x00007ffeb48c0000 - 0x00007ffeb48cc000 	C:\WINDOWS\SYSTEM32\cryptbase.dll
0x00007ffeb5480000 - 0x00007ffeb54e7000 	C:\WINDOWS\System32\WINTRUST.DLL
0x00007ffeb6890000 - 0x00007ffeb68ad000 	C:\WINDOWS\System32\imagehlp.dll
0x00007ffeb48a0000 - 0x00007ffeb48b8000 	C:\WINDOWS\SYSTEM32\CRYPTSP.dll
0x00007ffeb3fc0000 - 0x00007ffeb3ff4000 	C:\WINDOWS\system32\rsaenh.dll
0x00007ffeb5120000 - 0x00007ffeb5147000 	C:\WINDOWS\System32\bcrypt.dll
0x00007ffe71c50000 - 0x00007ffe7425a000 	C:\WINDOWS\System32\DriverStore\FileRepository\nvmo.inf_amd64_c119453b13548e8e\nvd3dumx.dll
0x00007ffe7aec0000 - 0x00007ffe7b187000 	C:\WINDOWS\system32\nvspcap64.dll
0x00007ffeb4100000 - 0x00007ffeb4133000 	C:\WINDOWS\SYSTEM32\ntmarta.dll
0x00007ffeb3840000 - 0x00007ffeb3863000 	C:\WINDOWS\SYSTEM32\gpapi.dll
0x00007ffeab6d0000 - 0x00007ffeab70b000 	C:\WINDOWS\SYSTEM32\dxcore.dll
0x00007ffeb6410000 - 0x00007ffeb64b9000 	C:\WINDOWS\System32\clbcatq.dll
0x00007ffeade90000 - 0x00007ffeae044000 	C:\WINDOWS\SYSTEM32\WindowsCodecs.dll
0x00007ffe98fe0000 - 0x00007ffe9901e000 	C:\WINDOWS\system32\dataexchange.dll
0x00007ffeb0d50000 - 0x00007ffeb0fb3000 	C:\WINDOWS\system32\d3d11.dll
0x00007ffeb1c90000 - 0x00007ffeb1e73000 	C:\WINDOWS\system32\dcomp.dll
0x00007ffeb3870000 - 0x00007ffeb3963000 	C:\WINDOWS\system32\dxgi.dll
0x00007ffeaf990000 - 0x00007ffeafb97000 	C:\WINDOWS\system32\twinapi.appcore.dll
0x00007ffe9e1e0000 - 0x00007ffe9e290000 	C:\WINDOWS\WinSxS\amd64_microsoft.windows.common-controls_6595b64144ccf1df_5.82.19041.1110_none_792d1c772443f647\comctl32.dll
0x00007ffeb0b10000 - 0x00007ffeb0c06000 	C:\WINDOWS\system32\propsys.dll
0x00007ffe8da10000 - 0x00007ffe8da27000 	C:\WINDOWS\system32\NetworkExplorer.dll
0x00007ffea7dd0000 - 0x00007ffea7ded000 	C:\WINDOWS\SYSTEM32\MPR.dll
0x0000000063360000 - 0x0000000063439000 	C:\WINDOWS\system32\pfmapi_192.dll
0x00007ffeb4ec0000 - 0x00007ffeb4ef2000 	C:\WINDOWS\SYSTEM32\SspiCli.dll
0x00007ffe8d370000 - 0x00007ffe8d399000 	C:\WINDOWS\System32\p9np.dll
0x00007ffe8f070000 - 0x00007ffe8f07b000 	C:\WINDOWS\System32\drprov.dll
0x00007ffeb4900000 - 0x00007ffeb495b000 	C:\WINDOWS\System32\WINSTA.dll
0x00007ffe8d0f0000 - 0x00007ffe8d10f000 	C:\WINDOWS\System32\ntlanman.dll
0x00007ffe8d0d0000 - 0x00007ffe8d0ee000 	C:\WINDOWS\System32\davclnt.dll
0x00007ffe8cce0000 - 0x00007ffe8cced000 	C:\WINDOWS\System32\DAVHLPR.dll
0x00007ffeb40e0000 - 0x00007ffeb40fb000 	C:\WINDOWS\System32\wkscli.dll
0x00007ffe9a4e0000 - 0x00007ffe9a4f2000 	C:\WINDOWS\SYSTEM32\cscapi.dll
0x00007ffe82010000 - 0x00007ffe82066000 	C:\Windows\System32\dlnashext.dll
0x00007ffe81fa0000 - 0x00007ffe82004000 	C:\Windows\System32\PlayToDevice.dll
0x00007ffe8ea00000 - 0x00007ffe8ea20000 	C:\Windows\System32\DevDispItemProvider.dll
0x00007ffeadb20000 - 0x00007ffeadba5000 	C:\WINDOWS\System32\MMDevApi.dll
0x00007ffe69ec0000 - 0x00007ffe69f61000 	C:\WINDOWS\system32\wpdshext.dll
0x00007ffea0d40000 - 0x00007ffea0ee5000 	C:\WINDOWS\WinSxS\amd64_microsoft.windows.gdiplus_6595b64144ccf1df_1.1.19041.2251_none_91a40448cc8846c1\gdiplus.dll
0x00007ffe861b0000 - 0x00007ffe86253000 	C:\Windows\System32\PortableDeviceApi.dll
0x00007ffeb5b60000 - 0x00007ffeb5fce000 	C:\WINDOWS\System32\SETUPAPI.dll
0x00007ffeadae0000 - 0x00007ffeadb12000 	C:\Windows\System32\PortableDeviceTypes.dll
0x00007ffe97770000 - 0x00007ffe977a7000 	C:\Windows\System32\EhStorShell.dll
0x00007ffeae720000 - 0x00007ffeae746000 	C:\Windows\System32\EhStorAPI.dll
0x00007ffeb27e0000 - 0x00007ffeb27f4000 	C:\Windows\System32\WTSAPI32.dll
0x00007ffe899d0000 - 0x00007ffe899dd000 	C:\WINDOWS\SYSTEM32\LINKINFO.dll
0x0000000071100000 - 0x0000000071125000 	C:\Users\liamw\.jssc\windows\jSSC-2.8_x86_64.dll
0x00007ffeb0550000 - 0x00007ffeb064a000 	C:\WINDOWS\SYSTEM32\textinputframework.dll
0x00007ffeb2240000 - 0x00007ffeb259e000 	C:\WINDOWS\System32\CoreUIComponents.dll
0x00007ffeb25a0000 - 0x00007ffeb2692000 	C:\WINDOWS\System32\CoreMessaging.dll
0x00007ffeb1b30000 - 0x00007ffeb1c85000 	C:\WINDOWS\SYSTEM32\wintypes.dll

dbghelp: loaded successfully - version: 4.0.5 - missing functions: none
symbol engine: initialized successfully - sym options: 0x614 - pdb path: .;C:\Program Files\Java\jdk-11.0.2\bin;C:\WINDOWS\SYSTEM32;C:\WINDOWS\WinSxS\amd64_microsoft.windows.common-controls_6595b64144ccf1df_6.0.19041.1110_none_60b5254171f9507e;C:\Program Files\Java\jdk-11.0.2\bin\server;C:\WINDOWS\System32\DriverStore\FileRepository\nvmo.inf_amd64_c119453b13548e8e;C:\WINDOWS\WinSxS\amd64_microsoft.windows.common-controls_6595b64144ccf1df_5.82.19041.1110_none_792d1c772443f647;C:\WINDOWS\WinSxS\amd64_microsoft.windows.gdiplus_6595b64144ccf1df_1.1.19041.2251_none_91a40448cc8846c1;C:\Users\liamw\.jssc\windows

VM Arguments:
java_command: C:\Users\liamw\Downloads\ESP TOOLS\ESPlorer\ESPlorer.jar
java_class_path (initial): C:\Users\liamw\Downloads\ESP TOOLS\ESPlorer\ESPlorer.jar
Launcher Type: SUN_STANDARD

[Global flags]
     intx CICompilerCount                          = 3                                         {product} {ergonomic}
     uint ConcGCThreads                            = 1                                         {product} {ergonomic}
     uint G1ConcRefinementThreads                  = 4                                         {product} {ergonomic}
   size_t G1HeapRegionSize                         = 1048576                                   {product} {ergonomic}
    uintx GCDrainStackTargetSize                   = 64                                        {product} {ergonomic}
   size_t InitialHeapSize                          = 134217728                                 {product} {ergonomic}
   size_t MarkStackSize                            = 4194304                                   {product} {ergonomic}
   size_t MaxHeapSize                              = 2126512128                                {product} {ergonomic}
   size_t MaxNewSize                               = 1275068416                                {product} {ergonomic}
   size_t MinHeapDeltaBytes                        = 1048576                                   {product} {ergonomic}
    uintx NonNMethodCodeHeapSize                   = 5830092                                {pd product} {ergonomic}
    uintx NonProfiledCodeHeapSize                  = 122914074                              {pd product} {ergonomic}
    uintx ProfiledCodeHeapSize                     = 122914074                              {pd product} {ergonomic}
    uintx ReservedCodeCacheSize                    = 251658240                              {pd product} {ergonomic}
     bool SegmentedCodeCache                       = true                                      {product} {ergonomic}
     bool UseCompressedClassPointers               = true                                 {lp64_product} {ergonomic}
     bool UseCompressedOops                        = true                                 {lp64_product} {ergonomic}
     bool UseG1GC                                  = true                                      {product} {ergonomic}
     bool UseLargePagesIndividualAllocation        = false                                  {pd product} {ergonomic}

Logging:
Log output configuration:
 #0: stdout all=warning uptime,level,tags
 #1: stderr all=off uptime,level,tags

Environment Variables:
PATH=C:\Python310\Scripts\;C:\Python310\;C:\Program Files (x86)\Common Files\Oracle\Java\javapath;C:\Windows\system32;C:\Windows;C:\Windows\System32\Wbem;C:\Windows\System32\WindowsPowerShell\v1.0\;C:\Windows\System32\OpenSSH\;C:\Program Files\Java\jdk-11.0.2\bin;C:\Users\liamw\AppData\Local\Microsoft\WindowsApps;C:\adb;C:\WINDOWS\system32;C:\WINDOWS;C:\WINDOWS\System32\Wbem;C:\WINDOWS\System32\WindowsPowerShell\v1.0\;C:\WINDOWS\System32\OpenSSH\;C:\Program Files\NVIDIA Corporation\NVIDIA NvDLISR;C:\Program Files\PuTTY\;C:\Program Files\Git\cmd;C:\Program Files (x86)\NVIDIA Corporation\PhysX\Common;C:\Program Files\nodejs\;C:\ProgramData\chocolatey\bin;D:\CMake\bin;C:\Program Files (x86)\dotnet\;D:\MATLAB\v93\runtime\win64;C:\Users\liamw\.cargo\bin;C:\Users\liamw\AppData\Local\Programs\Python\Python38-32\Scripts\;C:\Users\liamw\AppData\Local\Programs\Python\Python38-32\;C:\Users\liamw\AppData\Local\Microsoft\WindowsApps;C:\Users\liamw\AppData\Local\Microsoft\WindowsApps;D:\MiKTeX\miktex\bin\x64\;C:\Program Files (x86)\Atmel\Flip 3.4.7\bin;C:\Users\liamw\AppData\Roaming\npm;C:\Users\liamw\AppData\Local\JetBrains\Toolbox\scripts
USERNAME=liamw
OS=Windows_NT
PROCESSOR_IDENTIFIER=Intel64 Family 6 Model 158 Stepping 9, GenuineIntel



---------------  S Y S T E M  ---------------

OS: Windows 10 , 64 bit Build 19041 (10.0.19041.3393)

CPU:total 4 (initial active 4) (4 cores per cpu, 1 threads per core) family 6 model 158 stepping 9, cmov, cx8, fxsr, mmx, sse, sse2, sse3, ssse3, sse4.1, sse4.2, popcnt, avx, avx2, aes, clmul, erms, 3dnowpref, lzcnt, tsc, tscinvbit, bmi1, bmi2, adx, fma

Memory: 4k page, system-wide physical 8111M (1409M free)
TotalPageFile size 15535M (AvailPageFile size 5579M)
current process WorkingSet (physical memory assigned to process): 216M, peak: 275M
current process commit charge ("private bytes"): 312M, peak: 372M

vm_info: Java HotSpot(TM) 64-Bit Server VM (11.0.2+9-LTS) for windows-amd64 JRE (11.0.2+9-LTS), built on Jan 18 2019 05:24:10 by "mach5one" with MS VC++ 15.5 (VS2017)

END.
