#
# A fatal error has been detected by the Java Runtime Environment:
#
#  EXCEPTION_ACCESS_VIOLATION (0xc0000005) at pc=0x000000007110b5db, pid=2056, tid=15008
#
# JRE version: Java(TM) SE Runtime Environment (11.0.2+9) (build 11.0.2+9-LTS)
# Java VM: Java HotSpot(TM) 64-Bit Server VM (11.0.2+9-LTS, mixed mode, tiered, compressed oops, g1 gc, windows-amd64)
# Problematic frame:
# C  [jSSC-2.8_x86_64.dll+0xb5db]
#
# No core dump will be written. Minidumps are not enabled by default on client versions of Windows
#
# If you would like to submit a bug report, please visit:
#   http://bugreport.java.com/bugreport/crash.jsp
# The crash happened outside the Java Virtual Machine in native code.
# See problematic frame for where to report the bug.
#

---------------  S U M M A R Y ------------

Command Line: C:\Users\liamw\Downloads\ESP TOOLS\ESPlorer\ESPlorer.jar

Host: Intel(R) Core(TM) i5-7400 CPU @ 3.00GHz, 4 cores, 7G,  Windows 10 , 64 bit Build 19041 (10.0.19041.3393)
Time: Wed Oct 11 16:44:40 2023 GMT Daylight Time elapsed time: 67 seconds (0d 0h 1m 7s)

---------------  T H R E A D  ---------------

Current thread (0x00000248f61ad800):  JavaThread "AWT-EventQueue-0" [_thread_in_native, id=15008, stack(0x000000ba0f100000,0x000000ba0f200000)]

Stack: [0x000000ba0f100000,0x000000ba0f200000],  sp=0x000000ba0f1fabc0,  free space=1002k
Native frames: (J=compiled Java code, j=interpreted, Vv=VM code, C=native code)
C  [jSSC-2.8_x86_64.dll+0xb5db]

Java frames: (J=compiled Java code, j=interpreted, Vv=VM code)
j  jssc.SerialNativeInterface.openPort(Ljava/lang/String;Z)J+0
j  jssc.SerialPort.openPort()Z+65
j  ESPlorer.ESPlorer.portOpen()Z+108
j  ESPlorer.ESPlorer.OpenActionPerformed(Ljava/awt/event/ActionEvent;)V+160
j  ESPlorer.ESPlorer.access$18300(LESPlorer/ESPlorer;Ljava/awt/event/ActionEvent;)V+2
j  ESPlorer.ESPlorer$181.actionPerformed(Ljava/awt/event/ActionEvent;)V+5
j  javax.swing.AbstractButton.fireActionPerformed(Ljava/awt/event/ActionEvent;)V+83 java.desktop@11.0.2
j  javax.swing.AbstractButton$Handler.actionPerformed(Ljava/awt/event/ActionEvent;)V+5 java.desktop@11.0.2
j  javax.swing.DefaultButtonModel.fireActionPerformed(Ljava/awt/event/ActionEvent;)V+34 java.desktop@11.0.2
j  javax.swing.JToggleButton$ToggleButtonModel.setPressed(Z)V+148 java.desktop@11.0.2
j  javax.swing.plaf.basic.BasicButtonListener.mouseReleased(Ljava/awt/event/MouseEvent;)V+35 java.desktop@11.0.2
j  java.awt.AWTEventMulticaster.mouseReleased(Ljava/awt/event/MouseEvent;)V+8 java.desktop@11.0.2
J 5208 c1 java.awt.Component.processMouseEvent(Ljava/awt/event/MouseEvent;)V java.desktop@11.0.2 (100 bytes) @ 0x00000248df4e4404 [0x00000248df4e3fc0+0x0000000000000444]
J 5223 c1 javax.swing.JComponent.processMouseEvent(Ljava/awt/event/MouseEvent;)V java.desktop@11.0.2 (27 bytes) @ 0x00000248df4e81e4 [0x00000248df4e7fe0+0x0000000000000204]
J 5201 c2 java.awt.Container.processEvent(Ljava/awt/AWTEvent;)V java.desktop@11.0.2 (22 bytes) @ 0x00000248e6240dc8 [0x00000248e6240c20+0x00000000000001a8]
J 5168 c2 java.awt.Component.dispatchEventImpl(Ljava/awt/AWTEvent;)V java.desktop@11.0.2 (777 bytes) @ 0x00000248e621d864 [0x00000248e621cf20+0x0000000000000944]
J 5185 c1 java.awt.Container.dispatchEventImpl(Ljava/awt/AWTEvent;)V java.desktop@11.0.2 (129 bytes) @ 0x00000248df4dd10c [0x00000248df4dcfe0+0x000000000000012c]
J 4749 c2 java.awt.LightweightDispatcher.retargetMouseEvent(Ljava/awt/Component;ILjava/awt/event/MouseEvent;)V java.desktop@11.0.2 (372 bytes) @ 0x00000248e61ac8e8 [0x00000248e61ac220+0x00000000000006c8]
J 5205 c2 java.awt.Window.dispatchEventImpl(Ljava/awt/AWTEvent;)V java.desktop@11.0.2 (23 bytes) @ 0x00000248e62429c4 [0x00000248e6241ae0+0x0000000000000ee4]
J 3934 c1 java.awt.EventQueue.dispatchEventImpl(Ljava/awt/AWTEvent;Ljava/lang/Object;)V java.desktop@11.0.2 (136 bytes) @ 0x00000248df266054 [0x00000248df265bc0+0x0000000000000494]
J 3933 c1 java.awt.EventQueue$4.run()Ljava/lang/Void; java.desktop@11.0.2 (60 bytes) @ 0x00000248dea5842c [0x00000248dea58300+0x000000000000012c]
J 5257 c1 java.awt.EventQueue$4.run()Ljava/lang/Object; java.desktop@11.0.2 (5 bytes) @ 0x00000248df4f4134 [0x00000248df4f40c0+0x0000000000000074]
v  ~StubRoutines::call_stub
J 1583  java.security.AccessController.doPrivileged(Ljava/security/PrivilegedAction;Ljava/security/AccessControlContext;)Ljava/lang/Object; java.base@11.0.2 (0 bytes) @ 0x00000248e5fc2926 [0x00000248e5fc28c0+0x0000000000000066]
J 5192 c2 java.awt.EventQueue$5.run()Ljava/lang/Object; java.desktop@11.0.2 (5 bytes) @ 0x00000248e623632c [0x00000248e6235f20+0x000000000000040c]
v  ~StubRoutines::call_stub
J 1583  java.security.AccessController.doPrivileged(Ljava/security/PrivilegedAction;Ljava/security/AccessControlContext;)Ljava/lang/Object; java.base@11.0.2 (0 bytes) @ 0x00000248e5fc2926 [0x00000248e5fc28c0+0x0000000000000066]
J 4750 c2 java.awt.EventQueue.dispatchEvent(Ljava/awt/AWTEvent;)V java.desktop@11.0.2 (80 bytes) @ 0x00000248e61afaf0 [0x00000248e61af660+0x0000000000000490]
J 4945 c2 java.awt.EventDispatchThread.pumpOneEventForFilters(I)V java.desktop@11.0.2 (113 bytes) @ 0x00000248e605bad8 [0x00000248e605b9a0+0x0000000000000138]
j  java.awt.EventDispatchThread.pumpEventsForFilter(ILjava/awt/Conditional;Ljava/awt/EventFilter;)V+35 java.desktop@11.0.2
j  java.awt.EventDispatchThread.pumpEventsForHierarchy(ILjava/awt/Conditional;Ljava/awt/Component;)V+11 java.desktop@11.0.2
j  java.awt.EventDispatchThread.pumpEvents(ILjava/awt/Conditional;)V+4 java.desktop@11.0.2
j  java.awt.EventDispatchThread.pumpEvents(Ljava/awt/Conditional;)V+3 java.desktop@11.0.2
j  java.awt.EventDispatchThread.run()V+9 java.desktop@11.0.2
v  ~StubRoutines::call_stub

siginfo: EXCEPTION_ACCESS_VIOLATION (0xc0000005), reading address 0xfffffffffc6c1ec8


Register to memory mapping:

RIP=0x000000007110b5db jSSC-2.8_x86_64.dll
RAX=0xfffffffffc6c1ec8 is an unknown value
RBX=0x000000ba0f1fac30 is pointing into the stack for thread: 0x00000248f61ad800
RCX=0x00007ffeb79cd034 ntdll.dll
RDX=0x0 is NULL
RSP=0x000000ba0f1fabc0 is pointing into the stack for thread: 0x00000248f61ad800
RBP=0x000000ba0f1fad40 is pointing into the stack for thread: 0x00000248f61ad800
RSI=0x00000248f61adb40 points into unknown readable memory: b0 3d f1 7b fe 7f 00 00
RDI=0x0000000000000678 is an unknown value
R8 =0x000000ba0f1faab8 is pointing into the stack for thread: 0x00000248f61ad800
R9 =0x000000ba0f1fabb0 is pointing into the stack for thread: 0x00000248f61ad800
R10=0x0 is NULL
R11=0x0000000000000246 is an unknown value
R12=0x000000ba0f1fadf8 is pointing into the stack for thread: 0x00000248f61ad800
R13=0x00000248f7e9dc90 points into unknown readable memory: 25 00 5a 00 00 00 33 00
R14=0x000000ba0f1facf0 is pointing into the stack for thread: 0x00000248f61ad800
R15=0x00000248f61ad800 is a thread


Registers:
RAX=0xfffffffffc6c1ec8, RBX=0x000000ba0f1fac30, RCX=0x00007ffeb79cd034, RDX=0x0000000000000000
RSP=0x000000ba0f1fabc0, RBP=0x000000ba0f1fad40, RSI=0x00000248f61adb40, RDI=0x0000000000000678
R8 =0x000000ba0f1faab8, R9 =0x000000ba0f1fabb0, R10=0x0000000000000000, R11=0x0000000000000246
R12=0x000000ba0f1fadf8, R13=0x00000248f7e9dc90, R14=0x000000ba0f1facf0, R15=0x00000248f61ad800
RIP=0x000000007110b5db, EFLAGS=0x0000000000010202

Top of Stack: (sp=0x000000ba0f1fabc0)
0x000000ba0f1fabc0:   00000248f7f1cbe0 00000248f7e9d690
0x000000ba0f1fabd0:   000000007110b230 00000248d4850000
0x000000ba0f1fabe0:   00000248d47d0000 0000000000000004
0x000000ba0f1fabf0:   00000248f61adb40 0000000000000678
0x000000ba0f1fac00:   000000ba0f1fad40 0000000071112590
0x000000ba0f1fac10:   00000248f61ad800 000000ba0f1facf0
0x000000ba0f1fac20:   00000248f7e9dc90 000000ba0f1fadf8
0x000000ba0f1fac30:   00000248f7e9dc90 00007ffeb79547b1
0x000000ba0f1fac40:   000000ba0f1fac70 00000248d4850000
0x000000ba0f1fac50:   000000ba0f1fad40 0000000000000000
0x000000ba0f1fac60:   0000000071113500 0000000071113be8
0x000000ba0f1fac70:   000000ba0f1faca0 0000000071112641
0x000000ba0f1fac80:   000000ba0f1fac10 00000248f61adb40
0x000000ba0f1fac90:   0000000000000000 0000000000000000
0x000000ba0f1faca0:   000000ba0f1fad40 0000000071101595
0x000000ba0f1facb0:   000000000000001c 0000024800000000 

Instructions: (pc=0x000000007110b5db)
0x000000007110b5bb:   c5 0f 1f 40 00 55 57 56 53 48 83 ec 28 48 8b 05
0x000000007110b5cb:   39 33 01 00 48 89 cb 48 85 c0 0f 84 c5 00 00 00
0x000000007110b5db:   8b 38 85 ff 0f 88 ab 00 00 00 48 8b 05 1c 33 01
0x000000007110b5eb:   00 48 85 c0 0f 84 bc 00 00 00 8b 30 85 f6 74 57 


Stack slot to memory mapping:
stack at sp + 0 slots: 0x00000248f7f1cbe0 points into unknown readable memory: 5c 00 5c 00 2e 00 5c 00
stack at sp + 1 slots: 0x00000248f7e9d690 points into unknown readable memory: 10 f0 64 f5 48 02 00 00
stack at sp + 2 slots: 0x000000007110b230 jSSC-2.8_x86_64.dll
stack at sp + 3 slots: 0x00000248d4850000 points into unknown readable memory: 00 00 00 00 00 00 00 00
stack at sp + 4 slots: 0x00000248d47d0000 points into unknown readable memory: 00 00 00 00 00 00 00 00
stack at sp + 5 slots: 0x0000000000000004 is an unknown value
stack at sp + 6 slots: 0x00000248f61adb40 points into unknown readable memory: b0 3d f1 7b fe 7f 00 00
stack at sp + 7 slots: 0x0000000000000678 is an unknown value


---------------  P R O C E S S  ---------------

Threads class SMR info:
_java_thread_list=0x00000248f7c02930, length=17, elements={
0x00000248f4c50800, 0x00000248f4c5a000, 0x00000248f4c68800, 0x00000248f4c6a000,
0x00000248f4c6c000, 0x00000248f4c76800, 0x00000248f4c7a000, 0x00000248f5764000,
0x00000248f576d000, 0x00000248f5b7a800, 0x00000248f5b65000, 0x00000248f5b66000,
0x00000248f61ad800, 0x00000248d6142800, 0x00000248f7c56000, 0x00000248f7ccb800,
0x00000248ff29c000
}

Java Threads: ( => current thread )
  0x00000248f4c50800 JavaThread "Reference Handler" daemon [_thread_blocked, id=14032, stack(0x000000ba0e300000,0x000000ba0e400000)]
  0x00000248f4c5a000 JavaThread "Finalizer" daemon [_thread_blocked, id=3272, stack(0x000000ba0e400000,0x000000ba0e500000)]
  0x00000248f4c68800 JavaThread "Signal Dispatcher" daemon [_thread_blocked, id=3604, stack(0x000000ba0e500000,0x000000ba0e600000)]
  0x00000248f4c6a000 JavaThread "Attach Listener" daemon [_thread_blocked, id=1640, stack(0x000000ba0e600000,0x000000ba0e700000)]
  0x00000248f4c6c000 JavaThread "C2 CompilerThread0" daemon [_thread_blocked, id=8308, stack(0x000000ba0e700000,0x000000ba0e800000)]
  0x00000248f4c76800 JavaThread "C1 CompilerThread0" daemon [_thread_blocked, id=6328, stack(0x000000ba0e800000,0x000000ba0e900000)]
  0x00000248f4c7a000 JavaThread "Sweeper thread" daemon [_thread_blocked, id=16588, stack(0x000000ba0e900000,0x000000ba0ea00000)]
  0x00000248f5764000 JavaThread "Service Thread" daemon [_thread_blocked, id=11580, stack(0x000000ba0ea00000,0x000000ba0eb00000)]
  0x00000248f576d000 JavaThread "Common-Cleaner" daemon [_thread_blocked, id=12824, stack(0x000000ba0ec00000,0x000000ba0ed00000)]
  0x00000248f5b7a800 JavaThread "Java2D Disposer" daemon [_thread_blocked, id=1320, stack(0x000000ba0ed00000,0x000000ba0ee00000)]
  0x00000248f5b65000 JavaThread "AWT-Shutdown" [_thread_blocked, id=7860, stack(0x000000ba0ee00000,0x000000ba0ef00000)]
  0x00000248f5b66000 JavaThread "AWT-Windows" daemon [_thread_in_native, id=13812, stack(0x000000ba0ef00000,0x000000ba0f000000)]
=>0x00000248f61ad800 JavaThread "AWT-EventQueue-0" [_thread_in_native, id=15008, stack(0x000000ba0f100000,0x000000ba0f200000)]
  0x00000248d6142800 JavaThread "DestroyJavaVM" [_thread_blocked, id=12496, stack(0x000000ba0dc00000,0x000000ba0dd00000)]
  0x00000248f7c56000 JavaThread "TimerQueue" daemon [_thread_blocked, id=7044, stack(0x000000ba0f700000,0x000000ba0f800000)]
  0x00000248f7ccb800 JavaThread "Swing-Shell" daemon [_thread_blocked, id=13200, stack(0x000000ba0fe00000,0x000000ba0ff00000)]
  0x00000248ff29c000 JavaThread "D3D Screen Updater" daemon [_thread_blocked, id=4968, stack(0x000000ba0fa00000,0x000000ba0fb00000)]

Other Threads:
  0x00000248f4c2a800 VMThread "VM Thread" [stack: 0x000000ba0e200000,0x000000ba0e300000] [id=12028]
  0x00000248f576c000 WatcherThread [stack: 0x000000ba0eb00000,0x000000ba0ec00000] [id=11044]
  0x00000248d6159800 GCTaskThread "GC Thread#0" [stack: 0x000000ba0dd00000,0x000000ba0de00000] [id=14420]
  0x00000248f79f6000 GCTaskThread "GC Thread#1" [stack: 0x000000ba0f000000,0x000000ba0f100000] [id=17832]
  0x00000248f7b72000 GCTaskThread "GC Thread#2" [stack: 0x000000ba0f400000,0x000000ba0f500000] [id=14312]
  0x00000248f7a5f000 GCTaskThread "GC Thread#3" [stack: 0x000000ba0f500000,0x000000ba0f600000] [id=16372]
  0x00000248d618c000 ConcurrentGCThread "G1 Main Marker" [stack: 0x000000ba0de00000,0x000000ba0df00000] [id=1632]
  0x00000248d618d800 ConcurrentGCThread "G1 Conc#0" [stack: 0x000000ba0df00000,0x000000ba0e000000] [id=15572]
  0x00000248d621c800 ConcurrentGCThread "G1 Refine#0" [stack: 0x000000ba0e000000,0x000000ba0e100000] [id=8484]
  0x00000248f59a5800 ConcurrentGCThread "G1 Refine#1" [stack: 0x000000ba0f600000,0x000000ba0f700000] [id=3748]
  0x00000248d621d800 ConcurrentGCThread "G1 Young RemSet Sampling" [stack: 0x000000ba0e100000,0x000000ba0e200000] [id=2856]

Threads with active compile tasks:

VM state:not at safepoint (normal execution)

VM Mutex/Monitor currently owned by a thread: None

Heap address: 0x0000000081400000, size: 2028 MB, Compressed Oops mode: 32-bit
Narrow klass base: 0x0000000000000000, Narrow klass shift: 3
Compressed class space size: 1073741824 Address: 0x0000000100000000

Heap:
 garbage-first heap   total 137216K, used 51941K [0x0000000081400000, 0x0000000100000000)
  region size 1024K, 32 young (32768K), 6 survivors (6144K)
 Metaspace       used 33351K, capacity 33919K, committed 34176K, reserved 1079296K
  class space    used 3643K, capacity 3904K, committed 3968K, reserved 1048576K
Heap Regions: E=young(eden), S=young(survivor), O=old, HS=humongous(starts), HC=humongous(continues), CS=collection set, F=free, A=archive, TAMS=top-at-mark-start (previous, next)
|   0|0x0000000081400000, 0x0000000081500000, 0x0000000081500000|100%| O|  |TAMS 0x0000000081500000, 0x0000000081400000| Untracked 
|   1|0x0000000081500000, 0x0000000081600000, 0x0000000081600000|100%| O|  |TAMS 0x0000000081600000, 0x0000000081500000| Untracked 
|   2|0x0000000081600000, 0x0000000081700000, 0x0000000081700000|100%| O|  |TAMS 0x0000000081700000, 0x0000000081600000| Untracked 
|   3|0x0000000081700000, 0x00000000817b9400, 0x0000000081800000| 72%| O|  |TAMS 0x00000000817b3c00, 0x0000000081700000| Untracked 
|   4|0x0000000081800000, 0x0000000081900000, 0x0000000081900000|100%|HS|  |TAMS 0x0000000081800000, 0x0000000081800000| Complete 
|   5|0x0000000081900000, 0x0000000081a00000, 0x0000000081a00000|100%|HS|  |TAMS 0x0000000081900000, 0x0000000081900000| Complete 
|   6|0x0000000081a00000, 0x0000000081b00000, 0x0000000081b00000|100%|HS|  |TAMS 0x0000000081a00000, 0x0000000081a00000| Complete 
|   7|0x0000000081b00000, 0x0000000081c00000, 0x0000000081c00000|100%|HS|  |TAMS 0x0000000081b00000, 0x0000000081b00000| Complete 
|   8|0x0000000081c00000, 0x0000000081d00000, 0x0000000081d00000|100%|HS|  |TAMS 0x0000000081c00000, 0x0000000081c00000| Complete 
|   9|0x0000000081d00000, 0x0000000081e00000, 0x0000000081e00000|100%|HS|  |TAMS 0x0000000081d00000, 0x0000000081d00000| Complete 
|  10|0x0000000081e00000, 0x0000000081f00000, 0x0000000081f00000|100%|HS|  |TAMS 0x0000000081e00000, 0x0000000081e00000| Complete 
|  11|0x0000000081f00000, 0x0000000082000000, 0x0000000082000000|100%|HS|  |TAMS 0x0000000081f00000, 0x0000000081f00000| Complete 
|  12|0x0000000082000000, 0x0000000082100000, 0x0000000082100000|100%|HS|  |TAMS 0x0000000082000000, 0x0000000082000000| Complete 
|  13|0x0000000082100000, 0x0000000082200000, 0x0000000082200000|100%|HS|  |TAMS 0x0000000082100000, 0x0000000082100000| Complete 
|  14|0x0000000082200000, 0x0000000082300000, 0x0000000082300000|100%|HS|  |TAMS 0x0000000082200000, 0x0000000082200000| Complete 
|  15|0x0000000082300000, 0x0000000082400000, 0x0000000082400000|100%|HS|  |TAMS 0x0000000082300000, 0x0000000082300000| Complete 
|  16|0x0000000082400000, 0x0000000082500000, 0x0000000082500000|100%|HS|  |TAMS 0x0000000082400000, 0x0000000082400000| Complete 
|  17|0x0000000082500000, 0x0000000082600000, 0x0000000082600000|100%|HS|  |TAMS 0x0000000082500000, 0x0000000082500000| Complete 
|  18|0x0000000082600000, 0x0000000082700000, 0x0000000082700000|100%|HS|  |TAMS 0x0000000082600000, 0x0000000082600000| Complete 
|  19|0x0000000082700000, 0x0000000082800000, 0x0000000082800000|100%|HS|  |TAMS 0x0000000082700000, 0x0000000082700000| Complete 
|  20|0x0000000082800000, 0x0000000082800000, 0x0000000082900000|  0%| F|  |TAMS 0x0000000082800000, 0x0000000082800000| Untracked 
|  21|0x0000000082900000, 0x0000000082900000, 0x0000000082a00000|  0%| F|  |TAMS 0x0000000082900000, 0x0000000082900000| Untracked 
|  22|0x0000000082a00000, 0x0000000082a00000, 0x0000000082b00000|  0%| F|  |TAMS 0x0000000082a00000, 0x0000000082a00000| Untracked 
|  23|0x0000000082b00000, 0x0000000082b00000, 0x0000000082c00000|  0%| F|  |TAMS 0x0000000082b00000, 0x0000000082b00000| Untracked 
|  24|0x0000000082c00000, 0x0000000082c00000, 0x0000000082d00000|  0%| F|  |TAMS 0x0000000082c00000, 0x0000000082c00000| Untracked 
|  25|0x0000000082d00000, 0x0000000082d00000, 0x0000000082e00000|  0%| F|  |TAMS 0x0000000082d00000, 0x0000000082d00000| Untracked 
|  26|0x0000000082e00000, 0x0000000082e00000, 0x0000000082f00000|  0%| F|  |TAMS 0x0000000082e00000, 0x0000000082e00000| Untracked 
|  27|0x0000000082f00000, 0x0000000082f00000, 0x0000000083000000|  0%| F|  |TAMS 0x0000000082f00000, 0x0000000082f00000| Untracked 
|  28|0x0000000083000000, 0x0000000083000000, 0x0000000083100000|  0%| F|  |TAMS 0x0000000083000000, 0x0000000083000000| Untracked 
|  29|0x0000000083100000, 0x0000000083100000, 0x0000000083200000|  0%| F|  |TAMS 0x0000000083100000, 0x0000000083100000| Untracked 
|  30|0x0000000083200000, 0x0000000083200000, 0x0000000083300000|  0%| F|  |TAMS 0x0000000083200000, 0x0000000083200000| Untracked 
|  31|0x0000000083300000, 0x0000000083300000, 0x0000000083400000|  0%| F|  |TAMS 0x0000000083300000, 0x0000000083300000| Untracked 
|  32|0x0000000083400000, 0x0000000083400000, 0x0000000083500000|  0%| F|  |TAMS 0x0000000083400000, 0x0000000083400000| Untracked 
|  33|0x0000000083500000, 0x0000000083500000, 0x0000000083600000|  0%| F|  |TAMS 0x0000000083500000, 0x0000000083500000| Untracked 
|  34|0x0000000083600000, 0x0000000083600000, 0x0000000083700000|  0%| F|  |TAMS 0x0000000083600000, 0x0000000083600000| Untracked 
|  35|0x0000000083700000, 0x0000000083700000, 0x0000000083800000|  0%| F|  |TAMS 0x0000000083700000, 0x0000000083700000| Untracked 
|  36|0x0000000083800000, 0x0000000083800000, 0x0000000083900000|  0%| F|  |TAMS 0x0000000083800000, 0x0000000083800000| Untracked 
|  37|0x0000000083900000, 0x0000000083900000, 0x0000000083a00000|  0%| F|  |TAMS 0x0000000083900000, 0x0000000083900000| Untracked 
|  38|0x0000000083a00000, 0x0000000083a00000, 0x0000000083b00000|  0%| F|  |TAMS 0x0000000083a00000, 0x0000000083a00000| Untracked 
|  39|0x0000000083b00000, 0x0000000083b00000, 0x0000000083c00000|  0%| F|  |TAMS 0x0000000083b00000, 0x0000000083b00000| Untracked 
|  40|0x0000000083c00000, 0x0000000083c00000, 0x0000000083d00000|  0%| F|  |TAMS 0x0000000083c00000, 0x0000000083c00000| Untracked 
|  41|0x0000000083d00000, 0x0000000083d00000, 0x0000000083e00000|  0%| F|  |TAMS 0x0000000083d00000, 0x0000000083d00000| Untracked 
|  42|0x0000000083e00000, 0x0000000083e00000, 0x0000000083f00000|  0%| F|  |TAMS 0x0000000083e00000, 0x0000000083e00000| Untracked 
|  43|0x0000000083f00000, 0x0000000083f00000, 0x0000000084000000|  0%| F|  |TAMS 0x0000000083f00000, 0x0000000083f00000| Untracked 
|  44|0x0000000084000000, 0x0000000084000000, 0x0000000084100000|  0%| F|  |TAMS 0x0000000084000000, 0x0000000084000000| Untracked 
|  45|0x0000000084100000, 0x0000000084100000, 0x0000000084200000|  0%| F|  |TAMS 0x0000000084100000, 0x0000000084100000| Untracked 
|  46|0x0000000084200000, 0x0000000084200000, 0x0000000084300000|  0%| F|  |TAMS 0x0000000084200000, 0x0000000084200000| Untracked 
|  47|0x0000000084300000, 0x0000000084300000, 0x0000000084400000|  0%| F|  |TAMS 0x0000000084300000, 0x0000000084300000| Untracked 
|  48|0x0000000084400000, 0x0000000084400000, 0x0000000084500000|  0%| F|  |TAMS 0x0000000084400000, 0x0000000084400000| Untracked 
|  49|0x0000000084500000, 0x0000000084500000, 0x0000000084600000|  0%| F|  |TAMS 0x0000000084500000, 0x0000000084500000| Untracked 
|  50|0x0000000084600000, 0x0000000084600000, 0x0000000084700000|  0%| F|  |TAMS 0x0000000084600000, 0x0000000084600000| Untracked 
|  51|0x0000000084700000, 0x0000000084700000, 0x0000000084800000|  0%| F|  |TAMS 0x0000000084700000, 0x0000000084700000| Untracked 
|  52|0x0000000084800000, 0x0000000084800000, 0x0000000084900000|  0%| F|  |TAMS 0x0000000084800000, 0x0000000084800000| Untracked 
|  53|0x0000000084900000, 0x0000000084900000, 0x0000000084a00000|  0%| F|  |TAMS 0x0000000084900000, 0x0000000084900000| Untracked 
|  54|0x0000000084a00000, 0x0000000084a00000, 0x0000000084b00000|  0%| F|  |TAMS 0x0000000084a00000, 0x0000000084a00000| Untracked 
|  55|0x0000000084b00000, 0x0000000084b00000, 0x0000000084c00000|  0%| F|  |TAMS 0x0000000084b00000, 0x0000000084b00000| Untracked 
|  56|0x0000000084c00000, 0x0000000084c00000, 0x0000000084d00000|  0%| F|  |TAMS 0x0000000084c00000, 0x0000000084c00000| Untracked 
|  57|0x0000000084d00000, 0x0000000084d00000, 0x0000000084e00000|  0%| F|  |TAMS 0x0000000084d00000, 0x0000000084d00000| Untracked 
|  58|0x0000000084e00000, 0x0000000084e00000, 0x0000000084f00000|  0%| F|  |TAMS 0x0000000084e00000, 0x0000000084e00000| Untracked 
|  59|0x0000000084f00000, 0x0000000084f00000, 0x0000000085000000|  0%| F|  |TAMS 0x0000000084f00000, 0x0000000084f00000| Untracked 
|  60|0x0000000085000000, 0x0000000085000000, 0x0000000085100000|  0%| F|  |TAMS 0x0000000085000000, 0x0000000085000000| Untracked 
|  61|0x0000000085100000, 0x0000000085100000, 0x0000000085200000|  0%| F|  |TAMS 0x0000000085100000, 0x0000000085100000| Untracked 
|  62|0x0000000085200000, 0x0000000085200000, 0x0000000085300000|  0%| F|  |TAMS 0x0000000085200000, 0x0000000085200000| Untracked 
|  63|0x0000000085300000, 0x0000000085300000, 0x0000000085400000|  0%| F|  |TAMS 0x0000000085300000, 0x0000000085300000| Untracked 
|  64|0x0000000085400000, 0x0000000085400000, 0x0000000085500000|  0%| F|  |TAMS 0x0000000085400000, 0x0000000085400000| Untracked 
|  65|0x0000000085500000, 0x0000000085500000, 0x0000000085600000|  0%| F|  |TAMS 0x0000000085500000, 0x0000000085500000| Untracked 
|  66|0x0000000085600000, 0x0000000085600000, 0x0000000085700000|  0%| F|  |TAMS 0x0000000085600000, 0x0000000085600000| Untracked 
|  67|0x0000000085700000, 0x0000000085700000, 0x0000000085800000|  0%| F|  |TAMS 0x0000000085700000, 0x0000000085700000| Untracked 
|  68|0x0000000085800000, 0x0000000085800000, 0x0000000085900000|  0%| F|  |TAMS 0x0000000085800000, 0x0000000085800000| Untracked 
|  69|0x0000000085900000, 0x0000000085900000, 0x0000000085a00000|  0%| F|  |TAMS 0x0000000085900000, 0x0000000085900000| Untracked 
|  70|0x0000000085a00000, 0x0000000085a00000, 0x0000000085b00000|  0%| F|  |TAMS 0x0000000085a00000, 0x0000000085a00000| Untracked 
|  71|0x0000000085b00000, 0x0000000085b00000, 0x0000000085c00000|  0%| F|  |TAMS 0x0000000085b00000, 0x0000000085b00000| Untracked 
|  72|0x0000000085c00000, 0x0000000085c00000, 0x0000000085d00000|  0%| F|  |TAMS 0x0000000085c00000, 0x0000000085c00000| Untracked 
|  73|0x0000000085d00000, 0x0000000085d00000, 0x0000000085e00000|  0%| F|  |TAMS 0x0000000085d00000, 0x0000000085d00000| Untracked 
|  74|0x0000000085e00000, 0x0000000085e00000, 0x0000000085f00000|  0%| F|  |TAMS 0x0000000085e00000, 0x0000000085e00000| Untracked 
|  75|0x0000000085f00000, 0x0000000085f00000, 0x0000000086000000|  0%| F|  |TAMS 0x0000000085f00000, 0x0000000085f00000| Untracked 
|  76|0x0000000086000000, 0x0000000086000000, 0x0000000086100000|  0%| F|  |TAMS 0x0000000086000000, 0x0000000086000000| Untracked 
|  77|0x0000000086100000, 0x0000000086100000, 0x0000000086200000|  0%| F|  |TAMS 0x0000000086100000, 0x0000000086100000| Untracked 
|  78|0x0000000086200000, 0x0000000086200000, 0x0000000086300000|  0%| F|  |TAMS 0x0000000086200000, 0x0000000086200000| Untracked 
|  79|0x0000000086300000, 0x0000000086300000, 0x0000000086400000|  0%| F|  |TAMS 0x0000000086300000, 0x0000000086300000| Untracked 
|  80|0x0000000086400000, 0x0000000086400000, 0x0000000086500000|  0%| F|  |TAMS 0x0000000086400000, 0x0000000086400000| Untracked 
|  81|0x0000000086500000, 0x0000000086500000, 0x0000000086600000|  0%| F|  |TAMS 0x0000000086500000, 0x0000000086500000| Untracked 
|  82|0x0000000086600000, 0x0000000086600000, 0x0000000086700000|  0%| F|  |TAMS 0x0000000086600000, 0x0000000086600000| Untracked 
|  83|0x0000000086700000, 0x0000000086700000, 0x0000000086800000|  0%| F|  |TAMS 0x0000000086700000, 0x0000000086700000| Untracked 
|  84|0x0000000086800000, 0x0000000086800000, 0x0000000086900000|  0%| F|  |TAMS 0x0000000086800000, 0x0000000086800000| Untracked 
|  85|0x0000000086900000, 0x0000000086900000, 0x0000000086a00000|  0%| F|  |TAMS 0x0000000086900000, 0x0000000086900000| Untracked 
|  86|0x0000000086a00000, 0x0000000086a00000, 0x0000000086b00000|  0%| F|  |TAMS 0x0000000086a00000, 0x0000000086a00000| Untracked 
|  87|0x0000000086b00000, 0x0000000086b00000, 0x0000000086c00000|  0%| F|  |TAMS 0x0000000086b00000, 0x0000000086b00000| Untracked 
|  88|0x0000000086c00000, 0x0000000086c00000, 0x0000000086d00000|  0%| F|  |TAMS 0x0000000086c00000, 0x0000000086c00000| Untracked 
|  89|0x0000000086d00000, 0x0000000086d00000, 0x0000000086e00000|  0%| F|  |TAMS 0x0000000086d00000, 0x0000000086d00000| Untracked 
|  90|0x0000000086e00000, 0x0000000086e00000, 0x0000000086f00000|  0%| F|  |TAMS 0x0000000086e00000, 0x0000000086e00000| Untracked 
|  91|0x0000000086f00000, 0x0000000086f00000, 0x0000000087000000|  0%| F|  |TAMS 0x0000000086f00000, 0x0000000086f00000| Untracked 
|  92|0x0000000087000000, 0x0000000087000000, 0x0000000087100000|  0%| F|  |TAMS 0x0000000087000000, 0x0000000087000000| Untracked 
|  93|0x0000000087100000, 0x0000000087100000, 0x0000000087200000|  0%| F|  |TAMS 0x0000000087100000, 0x0000000087100000| Untracked 
|  94|0x0000000087200000, 0x0000000087200000, 0x0000000087300000|  0%| F|  |TAMS 0x0000000087200000, 0x0000000087200000| Untracked 
|  95|0x0000000087300000, 0x0000000087300000, 0x0000000087400000|  0%| F|  |TAMS 0x0000000087300000, 0x0000000087300000| Untracked 
|  96|0x0000000087400000, 0x0000000087400000, 0x0000000087500000|  0%| F|  |TAMS 0x0000000087400000, 0x0000000087400000| Untracked 
|  97|0x0000000087500000, 0x0000000087500000, 0x0000000087600000|  0%| F|  |TAMS 0x0000000087500000, 0x0000000087500000| Untracked 
|  98|0x0000000087600000, 0x0000000087600000, 0x0000000087700000|  0%| F|  |TAMS 0x0000000087600000, 0x0000000087600000| Untracked 
|  99|0x0000000087700000, 0x0000000087700000, 0x0000000087800000|  0%| F|  |TAMS 0x0000000087700000, 0x0000000087700000| Untracked 
| 100|0x0000000087800000, 0x0000000087800000, 0x0000000087900000|  0%| F|  |TAMS 0x0000000087800000, 0x0000000087800000| Untracked 
| 101|0x0000000087900000, 0x0000000087900000, 0x0000000087a00000|  0%| F|  |TAMS 0x0000000087900000, 0x0000000087900000| Untracked 
| 102|0x0000000087a00000, 0x0000000087b00000, 0x0000000087b00000|100%| E|  |TAMS 0x0000000087a00000, 0x0000000087a00000| Complete 
| 103|0x0000000087b00000, 0x0000000087c00000, 0x0000000087c00000|100%| E|CS|TAMS 0x0000000087b00000, 0x0000000087b00000| Complete 
| 104|0x0000000087c00000, 0x0000000087d00000, 0x0000000087d00000|100%| E|CS|TAMS 0x0000000087c00000, 0x0000000087c00000| Complete 
| 105|0x0000000087d00000, 0x0000000087e00000, 0x0000000087e00000|100%| E|CS|TAMS 0x0000000087d00000, 0x0000000087d00000| Complete 
| 106|0x0000000087e00000, 0x0000000087f00000, 0x0000000087f00000|100%| E|CS|TAMS 0x0000000087e00000, 0x0000000087e00000| Complete 
| 107|0x0000000087f00000, 0x0000000088000000, 0x0000000088000000|100%| E|CS|TAMS 0x0000000087f00000, 0x0000000087f00000| Complete 
| 108|0x0000000088000000, 0x0000000088100000, 0x0000000088100000|100%| E|CS|TAMS 0x0000000088000000, 0x0000000088000000| Complete 
| 109|0x0000000088100000, 0x0000000088200000, 0x0000000088200000|100%| E|CS|TAMS 0x0000000088100000, 0x0000000088100000| Complete 
| 110|0x0000000088200000, 0x0000000088300000, 0x0000000088300000|100%| E|CS|TAMS 0x0000000088200000, 0x0000000088200000| Complete 
| 111|0x0000000088300000, 0x0000000088400000, 0x0000000088400000|100%| E|CS|TAMS 0x0000000088300000, 0x0000000088300000| Complete 
| 112|0x0000000088400000, 0x0000000088500000, 0x0000000088500000|100%| E|CS|TAMS 0x0000000088400000, 0x0000000088400000| Complete 
| 113|0x0000000088500000, 0x0000000088600000, 0x0000000088600000|100%| E|CS|TAMS 0x0000000088500000, 0x0000000088500000| Complete 
| 114|0x0000000088600000, 0x0000000088700000, 0x0000000088700000|100%| E|CS|TAMS 0x0000000088600000, 0x0000000088600000| Complete 
| 115|0x0000000088700000, 0x0000000088800000, 0x0000000088800000|100%| E|CS|TAMS 0x0000000088700000, 0x0000000088700000| Complete 
| 116|0x0000000088800000, 0x0000000088900000, 0x0000000088900000|100%| E|CS|TAMS 0x0000000088800000, 0x0000000088800000| Complete 
| 117|0x0000000088900000, 0x0000000088a00000, 0x0000000088a00000|100%| E|CS|TAMS 0x0000000088900000, 0x0000000088900000| Complete 
| 118|0x0000000088a00000, 0x0000000088b00000, 0x0000000088b00000|100%| E|CS|TAMS 0x0000000088a00000, 0x0000000088a00000| Complete 
| 119|0x0000000088b00000, 0x0000000088c00000, 0x0000000088c00000|100%| E|CS|TAMS 0x0000000088b00000, 0x0000000088b00000| Complete 
| 120|0x0000000088c00000, 0x0000000088d00000, 0x0000000088d00000|100%| E|CS|TAMS 0x0000000088c00000, 0x0000000088c00000| Complete 
| 121|0x0000000088d00000, 0x0000000088e00000, 0x0000000088e00000|100%| E|CS|TAMS 0x0000000088d00000, 0x0000000088d00000| Complete 
| 122|0x0000000088e00000, 0x0000000088f00000, 0x0000000088f00000|100%| E|CS|TAMS 0x0000000088e00000, 0x0000000088e00000| Complete 
| 123|0x0000000088f00000, 0x0000000089000000, 0x0000000089000000|100%| E|CS|TAMS 0x0000000088f00000, 0x0000000088f00000| Complete 
| 124|0x0000000089000000, 0x0000000089100000, 0x0000000089100000|100%| E|CS|TAMS 0x0000000089000000, 0x0000000089000000| Complete 
| 125|0x0000000089100000, 0x0000000089200000, 0x0000000089200000|100%| E|CS|TAMS 0x0000000089100000, 0x0000000089100000| Complete 
| 126|0x0000000089200000, 0x0000000089300000, 0x0000000089300000|100%| E|CS|TAMS 0x0000000089200000, 0x0000000089200000| Complete 
| 127|0x0000000089300000, 0x0000000089400000, 0x0000000089400000|100%| E|CS|TAMS 0x0000000089300000, 0x0000000089300000| Complete 
| 128|0x0000000089400000, 0x0000000089500000, 0x0000000089500000|100%| S|CS|TAMS 0x0000000089400000, 0x0000000089400000| Complete 
| 129|0x0000000089500000, 0x0000000089600000, 0x0000000089600000|100%| S|CS|TAMS 0x0000000089500000, 0x0000000089500000| Complete 
| 130|0x0000000089600000, 0x0000000089700000, 0x0000000089700000|100%| S|CS|TAMS 0x0000000089600000, 0x0000000089600000| Complete 
| 131|0x0000000089700000, 0x0000000089800000, 0x0000000089800000|100%| S|CS|TAMS 0x0000000089700000, 0x0000000089700000| Complete 
| 132|0x0000000089800000, 0x0000000089900000, 0x0000000089900000|100%| S|CS|TAMS 0x0000000089800000, 0x0000000089800000| Complete 
| 133|0x0000000089900000, 0x0000000089a00000, 0x0000000089a00000|100%| S|CS|TAMS 0x0000000089900000, 0x0000000089900000| Complete 

Card table byte_map: [0x00000248edeb0000,0x00000248ee2b0000] _byte_map_base: 0x00000248edaa6000

Marking Bits (Prev, Next): (CMBitMap*) 0x00000248d61833a0, (CMBitMap*) 0x00000248d6183368
 Prev Bits: [0x00000248f0660000, 0x00000248f2610000)
 Next Bits: [0x00000248ee6b0000, 0x00000248f0660000)

Polling page: 0x00000248d4af0000

Metaspace:

Usage:
  Non-class:     29.31 MB capacity,    29.01 MB ( 99%) used,   231.86 KB ( <1%) free+waste,    74.50 KB ( <1%) overhead. 
      Class:      3.81 MB capacity,     3.56 MB ( 93%) used,   225.21 KB (  6%) free+waste,    35.63 KB ( <1%) overhead. 
       Both:     33.12 MB capacity,    32.57 MB ( 98%) used,   457.07 KB (  1%) free+waste,   110.13 KB ( <1%) overhead. 

Virtual space:
  Non-class space:       30.00 MB reserved,      29.50 MB ( 98%) committed 
      Class space:        1.00 GB reserved,       3.88 MB ( <1%) committed 
             Both:        1.03 GB reserved,      33.38 MB (  3%) committed 

Chunk freelists:
   Non-Class:  128 bytes
       Class:  0 bytes
        Both:  128 bytes

CodeHeap 'non-profiled nmethods': size=120064Kb used=3238Kb max_used=3238Kb free=116825Kb
 bounds [0x00000248e5f40000, 0x00000248e6270000, 0x00000248ed480000]
CodeHeap 'profiled nmethods': size=120000Kb used=11261Kb max_used=11261Kb free=108738Kb
 bounds [0x00000248dea10000, 0x00000248df520000, 0x00000248e5f40000]
CodeHeap 'non-nmethods': size=5696Kb used=1332Kb max_used=1383Kb free=4363Kb
 bounds [0x00000248de480000, 0x00000248de6f0000, 0x00000248dea10000]
 total_blobs=7229 nmethods=5010 adapters=667
 compilation: enabled
              stopped_count=0, restarted_count=0
 full_count=0

Compilation events (10 events):
Event: 67.253 Thread 0x00000248f4c76800 nmethod 5312 0x00000248df510410 code [0x00000248df5105e0, 0x00000248df510810]
Event: 67.253 Thread 0x00000248f4c76800 5310       3       java.lang.StackStreamFactory::isReflectionFrame (48 bytes)
Event: 67.253 Thread 0x00000248f4c76800 nmethod 5310 0x00000248df510910 code [0x00000248df510b20, 0x00000248df511020]
Event: 67.253 Thread 0x00000248f4c76800 5308       3       java.lang.StackStreamFactory$AbstractStackWalker::checkState (163 bytes)
Event: 67.254 Thread 0x00000248f4c76800 nmethod 5308 0x00000248df511190 code [0x00000248df5114a0, 0x00000248df5123b0]
Event: 67.254 Thread 0x00000248f4c76800 5313       3       java.util.regex.Matcher::find (35 bytes)
Event: 67.254 Thread 0x00000248f4c76800 nmethod 5313 0x00000248df512890 code [0x00000248df512aa0, 0x00000248df512ee0]
Event: 67.256 Thread 0x00000248f4c6c000 nmethod 5306 0x00000248e6269190 code [0x00000248e6269340, 0x00000248e6269628]
Event: 67.256 Thread 0x00000248f4c6c000 5311       4       sun.nio.cs.SingleByte$Encoder::encode (32 bytes)
Event: 67.257 Thread 0x00000248f4c6c000 nmethod 5311 0x00000248e6269910 code [0x00000248e6269aa0, 0x00000248e6269bb8]

GC Heap History (10 events):
Event: 2.142 GC heap before
{Heap before GC invocations=1 (full 0):
 garbage-first heap   total 131072K, used 7847K [0x0000000081400000, 0x0000000100000000)
  region size 1024K, 6 young (6144K), 2 survivors (2048K)
 Metaspace       used 20610K, capacity 21030K, committed 21248K, reserved 1069056K
  class space    used 2289K, capacity 2485K, committed 2560K, reserved 1048576K
}
Event: 2.146 GC heap after
{Heap after GC invocations=2 (full 0):
 garbage-first heap   total 131072K, used 4626K [0x0000000081400000, 0x0000000100000000)
  region size 1024K, 1 young (1024K), 1 survivors (1024K)
 Metaspace       used 20610K, capacity 21030K, committed 21248K, reserved 1069056K
  class space    used 2289K, capacity 2485K, committed 2560K, reserved 1048576K
}
Event: 2.189 GC heap before
{Heap before GC invocations=2 (full 0):
 garbage-first heap   total 131072K, used 4626K [0x0000000081400000, 0x0000000100000000)
  region size 1024K, 2 young (2048K), 1 survivors (1024K)
 Metaspace       used 20753K, capacity 21159K, committed 21248K, reserved 1069056K
  class space    used 2294K, capacity 2485K, committed 2560K, reserved 1048576K
}
Event: 2.192 GC heap after
{Heap after GC invocations=3 (full 0):
 garbage-first heap   total 131072K, used 4905K [0x0000000081400000, 0x0000000100000000)
  region size 1024K, 2 young (2048K), 2 survivors (2048K)
 Metaspace       used 20753K, capacity 21159K, committed 21248K, reserved 1069056K
  class space    used 2294K, capacity 2485K, committed 2560K, reserved 1048576K
}
Event: 2.895 GC heap before
{Heap before GC invocations=4 (full 0):
 garbage-first heap   total 131072K, used 31529K [0x0000000081400000, 0x0000000100000000)
  region size 1024K, 29 young (29696K), 2 survivors (2048K)
 Metaspace       used 25843K, capacity 26305K, committed 26496K, reserved 1073152K
  class space    used 2944K, capacity 3178K, committed 3200K, reserved 1048576K
}
Event: 2.899 GC heap after
{Heap after GC invocations=5 (full 0):
 garbage-first heap   total 131072K, used 7909K [0x0000000081400000, 0x0000000100000000)
  region size 1024K, 4 young (4096K), 4 survivors (4096K)
 Metaspace       used 25843K, capacity 26305K, committed 26496K, reserved 1073152K
  class space    used 2944K, capacity 3178K, committed 3200K, reserved 1048576K
}
Event: 3.374 GC heap before
{Heap before GC invocations=5 (full 0):
 garbage-first heap   total 131072K, used 81637K [0x0000000081400000, 0x0000000100000000)
  region size 1024K, 76 young (77824K), 4 survivors (4096K)
 Metaspace       used 25975K, capacity 26445K, committed 26496K, reserved 1073152K
  class space    used 2948K, capacity 3180K, committed 3200K, reserved 1048576K
}
Event: 3.378 GC heap after
{Heap after GC invocations=6 (full 0):
 garbage-first heap   total 131072K, used 8355K [0x0000000081400000, 0x0000000100000000)
  region size 1024K, 5 young (5120K), 5 survivors (5120K)
 Metaspace       used 25975K, capacity 26445K, committed 26496K, reserved 1073152K
  class space    used 2948K, capacity 3180K, committed 3200K, reserved 1048576K
}
Event: 24.270 GC heap before
{Heap before GC invocations=6 (full 0):
 garbage-first heap   total 131072K, used 130211K [0x0000000081400000, 0x0000000100000000)
  region size 1024K, 74 young (75776K), 5 survivors (5120K)
 Metaspace       used 32729K, capacity 33337K, committed 33408K, reserved 1079296K
  class space    used 3631K, capacity 3903K, committed 3968K, reserved 1048576K
}
Event: 24.275 GC heap after
{Heap after GC invocations=7 (full 0):
 garbage-first heap   total 137216K, used 9957K [0x0000000081400000, 0x0000000100000000)
  region size 1024K, 6 young (6144K), 6 survivors (6144K)
 Metaspace       used 32729K, capacity 33337K, committed 33408K, reserved 1079296K
  class space    used 3631K, capacity 3903K, committed 3968K, reserved 1048576K
}

Deoptimization events (10 events):
Event: 48.426 Thread 0x00000248f61ad800 Uncommon trap: reason=class_check action=maybe_recompile pc=0x00000248e61ab954 method=java.awt.EventQueue.setCurrentEventAndMostRecentTimeImpl(Ljava/awt/AWTEvent;)V @ 141 c2
Event: 50.209 Thread 0x00000248f61ad800 Uncommon trap: reason=unstable_if action=reinterpret pc=0x00000248e61bbf4c method=java.awt.LightweightDispatcher.retargetMouseEnterExit(Ljava/awt/Component;Ljava/awt/event/MouseEvent;Ljava/awt/Component;Z)Ljava/awt/Component; @ 42 c2
Event: 63.239 Thread 0x00000248f61ad800 Uncommon trap: reason=unstable_if action=reinterpret pc=0x00000248e612df94 method=java.awt.Container.getMouseEventTargetImpl(IIZLjava/awt/Container$EventTargetFilter;ZZ)Ljava/awt/Component; @ 218 c2
Event: 63.510 Thread 0x00000248f61ad800 Uncommon trap: reason=unstable_if action=reinterpret pc=0x00000248e61b6cd8 method=sun.awt.GlobalCursorManager._updateCursor(Z)V @ 37 c2
Event: 63.749 Thread 0x00000248f61ad800 Uncommon trap: reason=class_check action=maybe_recompile pc=0x00000248e61edd78 method=javax.swing.plaf.synth.SynthBorder.getBorderInsets(Ljava/awt/Component;Ljava/awt/Insets;)Ljava/awt/Insets; @ 279 c2
Event: 64.449 Thread 0x00000248f61ad800 Uncommon trap: reason=class_check action=maybe_recompile pc=0x00000248e61edd78 method=javax.swing.plaf.synth.SynthBorder.getBorderInsets(Ljava/awt/Component;Ljava/awt/Insets;)Ljava/awt/Insets; @ 279 c2
Event: 64.464 Thread 0x00000248f61ad800 Uncommon trap: reason=speculate_class_check action=maybe_recompile pc=0x00000248e625fb98 method=java.awt.Container.getMouseEventTargetImpl(IIZLjava/awt/Container$EventTargetFilter;ZZ)Ljava/awt/Component; @ 211 c2
Event: 64.467 Thread 0x00000248f61ad800 Uncommon trap: reason=speculate_class_check action=maybe_recompile pc=0x00000248e625fb98 method=java.awt.Container.getMouseEventTargetImpl(IIZLjava/awt/Container$EventTargetFilter;ZZ)Ljava/awt/Component; @ 211 c2
Event: 64.467 Thread 0x00000248f61ad800 Uncommon trap: reason=speculate_class_check action=maybe_recompile pc=0x00000248e625fb98 method=java.awt.Container.getMouseEventTargetImpl(IIZLjava/awt/Container$EventTargetFilter;ZZ)Ljava/awt/Component; @ 211 c2
Event: 64.473 Thread 0x00000248f61ad800 Uncommon trap: reason=speculate_class_check action=maybe_recompile pc=0x00000248e625fb98 method=java.awt.Container.getMouseEventTargetImpl(IIZLjava/awt/Container$EventTargetFilter;ZZ)Ljava/awt/Component; @ 211 c2

Classes redefined (0 events):
No events

Internal exceptions (10 events):
Event: 48.421 Thread 0x00000248f61ad800 Exception <a 'java/lang/ClassNotFoundException'{0x000000008819c4f0}: javax/swing/JButtonCustomizer> (0x000000008819c4f0) thrown at [t:/workspace/open/src/hotspot/share/classfile/systemDictionary.cpp, line 231]
Event: 48.425 Thread 0x00000248f61ad800 Exception <a 'java/io/IOException'{0x00000000881b4978}> (0x00000000881b4978) thrown at [t:/workspace/open/src/hotspot/share/prims/jni.cpp, line 615]
Event: 48.425 Thread 0x00000248f61ad800 Exception <a 'java/io/IOException'{0x00000000881b51d8}> (0x00000000881b51d8) thrown at [t:/workspace/open/src/hotspot/share/prims/jni.cpp, line 615]
Event: 63.510 Thread 0x00000248f61ad800 Implicit null exception at 0x00000248e61b619b to 0x00000248e61b6cba
Event: 67.251 Thread 0x00000248f61ad800 Exception <a 'java/io/IOException'{0x0000000087aa4630}> (0x0000000087aa4630) thrown at [t:/workspace/open/src/hotspot/share/prims/jni.cpp, line 615]
Event: 67.251 Thread 0x00000248f61ad800 Exception <a 'java/io/IOException'{0x0000000087aa4be8}> (0x0000000087aa4be8) thrown at [t:/workspace/open/src/hotspot/share/prims/jni.cpp, line 615]
Event: 67.252 Thread 0x00000248f61ad800 Exception <a 'java/io/IOException'{0x0000000087aa8a88}> (0x0000000087aa8a88) thrown at [t:/workspace/open/src/hotspot/share/prims/jni.cpp, line 615]
Event: 67.252 Thread 0x00000248f61ad800 Exception <a 'java/io/IOException'{0x0000000087aa9040}> (0x0000000087aa9040) thrown at [t:/workspace/open/src/hotspot/share/prims/jni.cpp, line 615]
Event: 67.253 Thread 0x00000248f61ad800 Exception <a 'java/io/IOException'{0x0000000087aaca30}> (0x0000000087aaca30) thrown at [t:/workspace/open/src/hotspot/share/prims/jni.cpp, line 615]
Event: 67.253 Thread 0x00000248f61ad800 Exception <a 'java/io/IOException'{0x0000000087aacfe8}> (0x0000000087aacfe8) thrown at [t:/workspace/open/src/hotspot/share/prims/jni.cpp, line 615]

Events (10 events):
Event: 64.473 Thread 0x00000248f61ad800 DEOPT PACKING pc=0x00000248e625fb98 sp=0x000000ba0f1fb1e0
Event: 64.473 Thread 0x00000248f61ad800 DEOPT UNPACKING pc=0x00000248de4a8f2f sp=0x000000ba0f1faf88 mode 2
Event: 66.497 loading class javax/swing/plaf/basic/BasicSplitPaneDivider$DragController
Event: 66.497 loading class javax/swing/plaf/basic/BasicSplitPaneDivider$DragController done
Event: 67.254 loading class jssc/SerialPortTimeoutException
Event: 67.254 loading class jssc/SerialPortTimeoutException done
Event: 67.254 loading class jssc/SerialPort$EventThread
Event: 67.254 loading class jssc/SerialPort$EventThread done
Event: 67.254 loading class jssc/SerialPort$LinuxEventThread
Event: 67.254 loading class jssc/SerialPort$LinuxEventThread done


Dynamic libraries:
0x00007ff6865d0000 - 0x00007ff686617000 	C:\Program Files\Java\jdk-11.0.2\bin\javaw.exe
0x00007ffeb7930000 - 0x00007ffeb7b28000 	C:\WINDOWS\SYSTEM32\ntdll.dll
0x00007ffeb7800000 - 0x00007ffeb78bd000 	C:\WINDOWS\System32\KERNEL32.DLL
0x00007ffeb5150000 - 0x00007ffeb5446000 	C:\WINDOWS\System32\KERNELBASE.dll
0x00007ffeb68e0000 - 0x00007ffeb698e000 	C:\WINDOWS\System32\ADVAPI32.dll
0x00007ffeb6ba0000 - 0x00007ffeb6c3e000 	C:\WINDOWS\System32\msvcrt.dll
0x00007ffeb6fa0000 - 0x00007ffeb703c000 	C:\WINDOWS\System32\sechost.dll
0x00007ffeb5960000 - 0x00007ffeb5a86000 	C:\WINDOWS\System32\RPCRT4.dll
0x00007ffeb69f0000 - 0x00007ffeb6b8e000 	C:\WINDOWS\System32\USER32.dll
0x00007ffeb5450000 - 0x00007ffeb5472000 	C:\WINDOWS\System32\win32u.dll
0x00007ffeb68b0000 - 0x00007ffeb68dc000 	C:\WINDOWS\System32\GDI32.dll
0x00007ffeb54f0000 - 0x00007ffeb560a000 	C:\WINDOWS\System32\gdi32full.dll
0x00007ffeb58c0000 - 0x00007ffeb595d000 	C:\WINDOWS\System32\msvcp_win.dll
0x00007ffeb5770000 - 0x00007ffeb5870000 	C:\WINDOWS\System32\ucrtbase.dll
0x00007ffea0aa0000 - 0x00007ffea0d3a000 	C:\WINDOWS\WinSxS\amd64_microsoft.windows.common-controls_6595b64144ccf1df_6.0.19041.1110_none_60b5254171f9507e\COMCTL32.dll
0x00007ffead930000 - 0x00007ffead93a000 	C:\WINDOWS\SYSTEM32\VERSION.dll
0x00007ffeb6180000 - 0x00007ffeb61b0000 	C:\WINDOWS\System32\IMM32.DLL
0x00007ffeae670000 - 0x00007ffeae686000 	C:\Program Files\Java\jdk-11.0.2\bin\vcruntime140.dll
0x00007ffea8450000 - 0x00007ffea84fa000 	C:\Program Files\Java\jdk-11.0.2\bin\msvcp140.dll
0x00007ffe7b520000 - 0x00007ffe7c047000 	C:\Program Files\Java\jdk-11.0.2\bin\server\jvm.dll
0x00007ffeb6b90000 - 0x00007ffeb6b98000 	C:\WINDOWS\System32\PSAPI.DLL
0x00007ffeaa690000 - 0x00007ffeaa6b7000 	C:\WINDOWS\SYSTEM32\WINMM.dll
0x00007ffe99190000 - 0x00007ffe99199000 	C:\WINDOWS\SYSTEM32\WSOCK32.dll
0x00007ffeb6520000 - 0x00007ffeb658b000 	C:\WINDOWS\System32\WS2_32.dll
0x00007ffeb2e90000 - 0x00007ffeb2ea2000 	C:\WINDOWS\SYSTEM32\kernel.appcore.dll
0x00007ffeae080000 - 0x00007ffeae091000 	C:\Program Files\Java\jdk-11.0.2\bin\verify.dll
0x00007ffea8020000 - 0x00007ffea8204000 	C:\WINDOWS\SYSTEM32\DBGHELP.DLL
0x00007ffea7a10000 - 0x00007ffea7a44000 	C:\WINDOWS\SYSTEM32\dbgcore.DLL
0x00007ffeb4fe0000 - 0x00007ffeb5062000 	C:\WINDOWS\System32\bcryptPrimitives.dll
0x00007ffea92b0000 - 0x00007ffea92d9000 	C:\Program Files\Java\jdk-11.0.2\bin\java.dll
0x00007ffea9290000 - 0x00007ffea92a6000 	C:\Program Files\Java\jdk-11.0.2\bin\zip.dll
0x00007ffeb2800000 - 0x00007ffeb280a000 	C:\Program Files\Java\jdk-11.0.2\bin\jimage.dll
0x00007ffeb7050000 - 0x00007ffeb7795000 	C:\WINDOWS\System32\SHELL32.dll
0x00007ffeb3090000 - 0x00007ffeb382b000 	C:\WINDOWS\SYSTEM32\windows.storage.dll
0x00007ffeb6c40000 - 0x00007ffeb6f94000 	C:\WINDOWS\System32\combase.dll
0x00007ffeb49b0000 - 0x00007ffeb49de000 	C:\WINDOWS\SYSTEM32\Wldp.dll
0x00007ffeb6360000 - 0x00007ffeb640d000 	C:\WINDOWS\System32\SHCORE.dll
0x00007ffeb6990000 - 0x00007ffeb69e5000 	C:\WINDOWS\System32\shlwapi.dll
0x00007ffeb4f10000 - 0x00007ffeb4f35000 	C:\WINDOWS\SYSTEM32\profapi.dll
0x00007ffea9270000 - 0x00007ffea9289000 	C:\Program Files\Java\jdk-11.0.2\bin\net.dll
0x00007ffeacd90000 - 0x00007ffeace9a000 	C:\WINDOWS\SYSTEM32\WINHTTP.dll
0x00007ffea55f0000 - 0x00007ffea57dd000 	C:\WINDOWS\SYSTEM32\urlmon.dll
0x00007ffea5220000 - 0x00007ffea54dc000 	C:\WINDOWS\SYSTEM32\iertutil.dll
0x00007ffeaa220000 - 0x00007ffeaa249000 	C:\WINDOWS\SYSTEM32\srvcli.dll
0x00007ffeb4500000 - 0x00007ffeb450c000 	C:\WINDOWS\SYSTEM32\netutils.dll
0x00007ffeb46b0000 - 0x00007ffeb471a000 	C:\WINDOWS\system32\mswsock.dll
0x00007ffea91f0000 - 0x00007ffea9203000 	C:\Program Files\Java\jdk-11.0.2\bin\nio.dll
0x00007ffe81a80000 - 0x00007ffe81c1f000 	C:\Program Files\Java\jdk-11.0.2\bin\awt.dll
0x00007ffeb5a90000 - 0x00007ffeb5b5d000 	C:\WINDOWS\System32\OLEAUT32.dll
0x00007ffeb1420000 - 0x00007ffeb19e0000 	C:\WINDOWS\SYSTEM32\d2d1.dll
0x00007ffeb28e0000 - 0x00007ffeb2971000 	C:\WINDOWS\SYSTEM32\apphelp.dll
0x00007ffeb0ad0000 - 0x00007ffeb0ad9000 	C:\Program Files\Java\jdk-11.0.2\bin\prefs.dll
0x00007ffeb29c0000 - 0x00007ffeb2a5e000 	C:\WINDOWS\system32\uxtheme.dll
0x00007ffeb6630000 - 0x00007ffeb6744000 	C:\WINDOWS\System32\MSCTF.dll
0x00007ffeb61b0000 - 0x00007ffeb62da000 	C:\WINDOWS\System32\ole32.dll
0x00007ffeb2cb0000 - 0x00007ffeb2cdf000 	C:\WINDOWS\system32\DWMAPI.DLL
0x00007ffea03e0000 - 0x00007ffea0460000 	C:\Program Files\Java\jdk-11.0.2\bin\freetype.dll
0x00007ffea8c90000 - 0x00007ffea8cff000 	C:\Program Files\Java\jdk-11.0.2\bin\fontmanager.dll
0x00007ffe916b0000 - 0x00007ffe917d5000 	C:\WINDOWS\system32\opengl32.dll
0x00007ffea0460000 - 0x00007ffea048c000 	C:\WINDOWS\SYSTEM32\GLU32.dll
0x00007ffea9380000 - 0x00007ffea954d000 	C:\WINDOWS\system32\d3d9.dll
0x00007ffea95b0000 - 0x00007ffea966e000 	C:\WINDOWS\System32\DriverStore\FileRepository\nvmo.inf_amd64_c119453b13548e8e\nvldumdx.dll
0x00007ffeb4bb0000 - 0x00007ffeb4bc2000 	C:\WINDOWS\SYSTEM32\msasn1.dll
0x00007ffead6f0000 - 0x00007ffead721000 	C:\WINDOWS\SYSTEM32\cryptnet.dll
0x00007ffeb5610000 - 0x00007ffeb576e000 	C:\WINDOWS\System32\CRYPT32.dll
0x00007ffead350000 - 0x00007ffead498000 	C:\WINDOWS\SYSTEM32\drvstore.dll
0x00007ffeb4d70000 - 0x00007ffeb4da3000 	C:\WINDOWS\SYSTEM32\devobj.dll
0x00007ffeb5870000 - 0x00007ffeb58be000 	C:\WINDOWS\System32\cfgmgr32.dll
0x00007ffeb48c0000 - 0x00007ffeb48cc000 	C:\WINDOWS\SYSTEM32\cryptbase.dll
0x00007ffeb5480000 - 0x00007ffeb54e7000 	C:\WINDOWS\System32\WINTRUST.DLL
0x00007ffeb6890000 - 0x00007ffeb68ad000 	C:\WINDOWS\System32\imagehlp.dll
0x00007ffeb48a0000 - 0x00007ffeb48b8000 	C:\WINDOWS\SYSTEM32\CRYPTSP.dll
0x00007ffeb3fc0000 - 0x00007ffeb3ff4000 	C:\WINDOWS\system32\rsaenh.dll
0x00007ffeb5120000 - 0x00007ffeb5147000 	C:\WINDOWS\System32\bcrypt.dll
0x00007ffe71c50000 - 0x00007ffe7425a000 	C:\WINDOWS\System32\DriverStore\FileRepository\nvmo.inf_amd64_c119453b13548e8e\nvd3dumx.dll
0x00007ffe7aec0000 - 0x00007ffe7b187000 	C:\WINDOWS\system32\nvspcap64.dll
0x00007ffeb4100000 - 0x00007ffeb4133000 	C:\WINDOWS\SYSTEM32\ntmarta.dll
0x00007ffeb3840000 - 0x00007ffeb3863000 	C:\WINDOWS\SYSTEM32\gpapi.dll
0x00007ffeab6d0000 - 0x00007ffeab70b000 	C:\WINDOWS\SYSTEM32\dxcore.dll
0x00007ffeb6410000 - 0x00007ffeb64b9000 	C:\WINDOWS\System32\clbcatq.dll
0x00007ffeade90000 - 0x00007ffeae044000 	C:\WINDOWS\SYSTEM32\WindowsCodecs.dll
0x00007ffe98fe0000 - 0x00007ffe9901e000 	C:\WINDOWS\system32\dataexchange.dll
0x00007ffeb0d50000 - 0x00007ffeb0fb3000 	C:\WINDOWS\system32\d3d11.dll
0x00007ffeb1c90000 - 0x00007ffeb1e73000 	C:\WINDOWS\system32\dcomp.dll
0x00007ffeb3870000 - 0x00007ffeb3963000 	C:\WINDOWS\system32\dxgi.dll
0x00007ffeaf990000 - 0x00007ffeafb97000 	C:\WINDOWS\system32\twinapi.appcore.dll
0x00007ffe9e1e0000 - 0x00007ffe9e290000 	C:\WINDOWS\WinSxS\amd64_microsoft.windows.common-controls_6595b64144ccf1df_5.82.19041.1110_none_792d1c772443f647\comctl32.dll
0x00007ffeb0b10000 - 0x00007ffeb0c06000 	C:\WINDOWS\SYSTEM32\PROPSYS.dll
0x00007ffe8da10000 - 0x00007ffe8da27000 	C:\WINDOWS\system32\NetworkExplorer.dll
0x00007ffea7dd0000 - 0x00007ffea7ded000 	C:\WINDOWS\SYSTEM32\MPR.dll
0x0000000063360000 - 0x0000000063439000 	C:\WINDOWS\system32\pfmapi_192.dll
0x00007ffeb4ec0000 - 0x00007ffeb4ef2000 	C:\WINDOWS\SYSTEM32\SspiCli.dll
0x00007ffe8d370000 - 0x00007ffe8d399000 	C:\WINDOWS\System32\p9np.dll
0x00007ffe8f070000 - 0x00007ffe8f07b000 	C:\WINDOWS\System32\drprov.dll
0x00007ffeb4900000 - 0x00007ffeb495b000 	C:\WINDOWS\System32\WINSTA.dll
0x00007ffe8d0f0000 - 0x00007ffe8d10f000 	C:\WINDOWS\System32\ntlanman.dll
0x00007ffe8d0d0000 - 0x00007ffe8d0ee000 	C:\WINDOWS\System32\davclnt.dll
0x00007ffe8cce0000 - 0x00007ffe8cced000 	C:\WINDOWS\System32\DAVHLPR.dll
0x00007ffeb40e0000 - 0x00007ffeb40fb000 	C:\WINDOWS\System32\wkscli.dll
0x00007ffe9a4e0000 - 0x00007ffe9a4f2000 	C:\WINDOWS\SYSTEM32\cscapi.dll
0x00007ffe82010000 - 0x00007ffe82066000 	C:\Windows\System32\dlnashext.dll
0x00007ffe81fa0000 - 0x00007ffe82004000 	C:\Windows\System32\PlayToDevice.dll
0x00007ffe8ea00000 - 0x00007ffe8ea20000 	C:\Windows\System32\DevDispItemProvider.dll
0x00007ffeadb20000 - 0x00007ffeadba5000 	C:\WINDOWS\System32\MMDevApi.dll
0x00007ffe69ec0000 - 0x00007ffe69f61000 	C:\WINDOWS\system32\wpdshext.dll
0x00007ffea0d40000 - 0x00007ffea0ee5000 	C:\WINDOWS\WinSxS\amd64_microsoft.windows.gdiplus_6595b64144ccf1df_1.1.19041.2251_none_91a40448cc8846c1\gdiplus.dll
0x00007ffe861b0000 - 0x00007ffe86253000 	C:\Windows\System32\PortableDeviceApi.dll
0x00007ffeb5b60000 - 0x00007ffeb5fce000 	C:\WINDOWS\System32\SETUPAPI.dll
0x00007ffeadae0000 - 0x00007ffeadb12000 	C:\Windows\System32\PortableDeviceTypes.dll
0x00007ffe97770000 - 0x00007ffe977a7000 	C:\Windows\System32\EhStorShell.dll
0x00007ffeae720000 - 0x00007ffeae746000 	C:\Windows\System32\EhStorAPI.dll
0x00007ffeb27e0000 - 0x00007ffeb27f4000 	C:\Windows\System32\WTSAPI32.dll
0x00007ffe899d0000 - 0x00007ffe899dd000 	C:\WINDOWS\SYSTEM32\LINKINFO.dll
0x0000000071100000 - 0x0000000071125000 	C:\Users\liamw\.jssc\windows\jSSC-2.8_x86_64.dll
0x00007ffeb0550000 - 0x00007ffeb064a000 	C:\WINDOWS\SYSTEM32\textinputframework.dll
0x00007ffeb2240000 - 0x00007ffeb259e000 	C:\WINDOWS\System32\CoreUIComponents.dll
0x00007ffeb25a0000 - 0x00007ffeb2692000 	C:\WINDOWS\System32\CoreMessaging.dll
0x00007ffeb1b30000 - 0x00007ffeb1c85000 	C:\WINDOWS\SYSTEM32\wintypes.dll

dbghelp: loaded successfully - version: 4.0.5 - missing functions: none
symbol engine: initialized successfully - sym options: 0x614 - pdb path: .;C:\Program Files\Java\jdk-11.0.2\bin;C:\WINDOWS\SYSTEM32;C:\WINDOWS\WinSxS\amd64_microsoft.windows.common-controls_6595b64144ccf1df_6.0.19041.1110_none_60b5254171f9507e;C:\Program Files\Java\jdk-11.0.2\bin\server;C:\WINDOWS\System32\DriverStore\FileRepository\nvmo.inf_amd64_c119453b13548e8e;C:\WINDOWS\WinSxS\amd64_microsoft.windows.common-controls_6595b64144ccf1df_5.82.19041.1110_none_792d1c772443f647;C:\WINDOWS\WinSxS\amd64_microsoft.windows.gdiplus_6595b64144ccf1df_1.1.19041.2251_none_91a40448cc8846c1;C:\Users\liamw\.jssc\windows

VM Arguments:
java_command: C:\Users\liamw\Downloads\ESP TOOLS\ESPlorer\ESPlorer.jar
java_class_path (initial): C:\Users\liamw\Downloads\ESP TOOLS\ESPlorer\ESPlorer.jar
Launcher Type: SUN_STANDARD

[Global flags]
     intx CICompilerCount                          = 3                                         {product} {ergonomic}
     uint ConcGCThreads                            = 1                                         {product} {ergonomic}
     uint G1ConcRefinementThreads                  = 4                                         {product} {ergonomic}
   size_t G1HeapRegionSize                         = 1048576                                   {product} {ergonomic}
    uintx GCDrainStackTargetSize                   = 64                                        {product} {ergonomic}
   size_t InitialHeapSize                          = 134217728                                 {product} {ergonomic}
   size_t MarkStackSize                            = 4194304                                   {product} {ergonomic}
   size_t MaxHeapSize                              = 2126512128                                {product} {ergonomic}
   size_t MaxNewSize                               = 1275068416                                {product} {ergonomic}
   size_t MinHeapDeltaBytes                        = 1048576                                   {product} {ergonomic}
    uintx NonNMethodCodeHeapSize                   = 5830092                                {pd product} {ergonomic}
    uintx NonProfiledCodeHeapSize                  = 122914074                              {pd product} {ergonomic}
    uintx ProfiledCodeHeapSize                     = 122914074                              {pd product} {ergonomic}
    uintx ReservedCodeCacheSize                    = 251658240                              {pd product} {ergonomic}
     bool SegmentedCodeCache                       = true                                      {product} {ergonomic}
     bool UseCompressedClassPointers               = true                                 {lp64_product} {ergonomic}
     bool UseCompressedOops                        = true                                 {lp64_product} {ergonomic}
     bool UseG1GC                                  = true                                      {product} {ergonomic}
     bool UseLargePagesIndividualAllocation        = false                                  {pd product} {ergonomic}

Logging:
Log output configuration:
 #0: stdout all=warning uptime,level,tags
 #1: stderr all=off uptime,level,tags

Environment Variables:
PATH=C:\Python310\Scripts\;C:\Python310\;C:\Program Files (x86)\Common Files\Oracle\Java\javapath;C:\Windows\system32;C:\Windows;C:\Windows\System32\Wbem;C:\Windows\System32\WindowsPowerShell\v1.0\;C:\Windows\System32\OpenSSH\;C:\Program Files\Java\jdk-11.0.2\bin;C:\Users\liamw\AppData\Local\Microsoft\WindowsApps;C:\adb;C:\WINDOWS\system32;C:\WINDOWS;C:\WINDOWS\System32\Wbem;C:\WINDOWS\System32\WindowsPowerShell\v1.0\;C:\WINDOWS\System32\OpenSSH\;C:\Program Files\NVIDIA Corporation\NVIDIA NvDLISR;C:\Program Files\PuTTY\;C:\Program Files\Git\cmd;C:\Program Files (x86)\NVIDIA Corporation\PhysX\Common;C:\Program Files\nodejs\;C:\ProgramData\chocolatey\bin;D:\CMake\bin;C:\Program Files (x86)\dotnet\;D:\MATLAB\v93\runtime\win64;C:\Users\liamw\.cargo\bin;C:\Users\liamw\AppData\Local\Programs\Python\Python38-32\Scripts\;C:\Users\liamw\AppData\Local\Programs\Python\Python38-32\;C:\Users\liamw\AppData\Local\Microsoft\WindowsApps;C:\Users\liamw\AppData\Local\Microsoft\WindowsApps;D:\MiKTeX\miktex\bin\x64\;C:\Program Files (x86)\Atmel\Flip 3.4.7\bin;C:\Users\liamw\AppData\Roaming\npm;C:\Users\liamw\AppData\Local\JetBrains\Toolbox\scripts
USERNAME=liamw
OS=Windows_NT
PROCESSOR_IDENTIFIER=Intel64 Family 6 Model 158 Stepping 9, GenuineIntel



---------------  S Y S T E M  ---------------

OS: Windows 10 , 64 bit Build 19041 (10.0.19041.3393)

CPU:total 4 (initial active 4) (4 cores per cpu, 1 threads per core) family 6 model 158 stepping 9, cmov, cx8, fxsr, mmx, sse, sse2, sse3, ssse3, sse4.1, sse4.2, popcnt, avx, avx2, aes, clmul, erms, 3dnowpref, lzcnt, tsc, tscinvbit, bmi1, bmi2, adx, fma

Memory: 4k page, system-wide physical 8111M (1443M free)
TotalPageFile size 15535M (AvailPageFile size 5522M)
current process WorkingSet (physical memory assigned to process): 247M, peak: 293M
current process commit charge ("private bytes"): 302M, peak: 348M

vm_info: Java HotSpot(TM) 64-Bit Server VM (11.0.2+9-LTS) for windows-amd64 JRE (11.0.2+9-LTS), built on Jan 18 2019 05:24:10 by "mach5one" with MS VC++ 15.5 (VS2017)

END.
